1.000000000000000000e+00
9.990626503741947273e-01
9.975742866951847754e-01
9.955380555598604131e-01
9.929559384161420477e-01
9.898305737229226020e-01
9.861653548246198664e-01
9.819626269612112823e-01
9.772256833619346050e-01
9.719587695274068961e-01
9.661653141166474112e-01
9.598503506792603890e-01
9.530185659433962897e-01
9.456752398781415048e-01
9.378270723470499837e-01
9.294793808689555403e-01
9.206378592649084869e-01
9.113100366678805742e-01
9.015026153980015833e-01
8.912234820232910470e-01
8.804799014956860015e-01
8.692797933055163018e-01
8.576296706741846076e-01
8.455372312540282431e-01
8.330093714721399367e-01
8.200536050511288977e-01
8.066792963362854341e-01
7.928938611371695311e-01
7.787058700982233406e-01
7.641239748900132689e-01
7.491577932803037410e-01
7.338164293827883489e-01
7.181079318406417000e-01
7.020412331635750292e-01
6.856244489983605028e-01
6.688667500635450125e-01
6.517780657684373313e-01
6.343721680206979574e-01
6.166598087583464727e-01
5.986506478600165382e-01
5.803568693840321924e-01
5.617901185167886169e-01
5.429630403399697824e-01
5.238856173197027344e-01
5.045693927375655141e-01
4.850264791544688925e-01
4.652692439472295161e-01
4.453098911678468608e-01
4.251601155372261021e-01
4.048316348484146676e-01
3.843354816112703465e-01
3.636847569241127842e-01
3.428921422285652887e-01
3.219685714944616195e-01
3.009263647770891725e-01
2.797769605230576162e-01
2.585318459789224810e-01
2.372029787737611473e-01
2.158027745429830779e-01
1.943427631239885989e-01
1.728354222407521013e-01
1.512931085042116264e-01
1.297276194131857241e-01
1.081536163031568687e-01
8.658334025347591556e-02
6.502795890492532593e-02
4.349956319857045672e-02
2.200992570681749652e-02
5.714263505295034138e-04
-2.080435288704406485e-02
-4.210530806240081469e-02
-6.331904354900298737e-02
-8.443432566633021774e-02
-1.054388753217204433e-01
-1.263213163032453901e-01
-1.470700216538668170e-01
-1.676727140842605712e-01
-1.881180858153113367e-01
-2.083954948127313134e-01
-2.284950359954247279e-01
-2.484050526723718955e-01
-2.681150133328192853e-01
-2.876143249969940197e-01
-3.068923159891111530e-01
-3.259375153096817912e-01
-3.447389362671983148e-01
-3.632860965295933720e-01
-3.815683369483828802e-01
-3.995770035835532474e-01
-4.173009502559808515e-01
-4.347291575113925721e-01
-4.518522453046318610e-01
-4.686607440550252246e-01
-4.851453565778216515e-01
-5.012959145283458762e-01
-5.171027984159003443e-01
-5.325564832304240381e-01
-5.476492465897828676e-01
-5.623716806687136804e-01
-5.767167309948095788e-01
-5.906760392628057632e-01
-6.042424503974309635e-01
-6.174075320914623743e-01
-6.301641113778109204e-01
-6.425063479851232939e-01
-6.544277588618842012e-01
-6.659234105174719476e-01
-6.769876817290692017e-01
-6.876139256935865918e-01
-6.977970187811789460e-01
-7.075326929655443298e-01
-7.168174731929175536e-01
-7.256468711890727841e-01
-7.340178178076476323e-01
-7.419276795182714324e-01
-7.493731004424619702e-01
-7.563499183135369286e-01
-7.628545313826796681e-01
-7.688853245475953946e-01
-7.744397823915130097e-01
-7.795175606055825268e-01
-7.841182203822136820e-01
-7.882403746538551026e-01
-7.918830822145489501e-01
-7.950463440284261107e-01
-7.977304763543993094e-01
-7.999347191056195294e-01
-8.016599322120697702e-01
-8.029073792503386153e-01
-8.036778551695199502e-01
-8.039718971084151011e-01
-8.037891095720913759e-01
-8.031314811536058862e-01
-8.020010835276688566e-01
-8.003995295041799185e-01
-7.983289296496345333e-01
-7.957912996926024274e-01
-7.927890131176760224e-01
-7.893258744392415149e-01
-7.854057473795630351e-01
-7.810324366164925758e-01
-7.762107744902205786e-01
-7.709455928850855733e-01
-7.652403904076559016e-01
-7.590996167567679587e-01
-7.525284296924749095e-01
-7.455314689652785543e-01
-7.381132812988193681e-01
-7.302800229123692644e-01
-7.220370226587942142e-01
-7.133896952039482375e-01
-7.043441844137108276e-01
-6.949068124838029270e-01
-6.850861246268435956e-01
-6.748892707338973729e-01
-6.643242670419866602e-01
-6.533984523375467868e-01
-6.421202318195847747e-01
-6.304967976240226646e-01
-6.185368284825044638e-01
-6.062488799008216578e-01
-5.936415150350733416e-01
-5.807241381142941306e-01
-5.675059440293179769e-01
-5.539965406662699099e-01
-5.402038537086781833e-01
-5.261362693391532508e-01
-5.118037803674517772e-01
-4.972152177291314645e-01
-4.823798718360637339e-01
-4.673063598057080048e-01
-4.520051678735320100e-01
-4.364858484327222010e-01
-4.207578304801831703e-01
-4.048317839730524170e-01
-3.887182256882407150e-01
-3.724271454164902462e-01
-3.559691417120489088e-01
-3.393540353349104310e-01
-3.225923322753022626e-01
-3.056940289897148166e-01
-2.886692639915953151e-01
-2.715281773562894241e-01
-2.542808794048254106e-01
-2.369371531267391862e-01
-2.195080586899412489e-01
-2.020043163007340936e-01
-1.844372605022688294e-01
-1.668163835663161454e-01
-1.491533579513826258e-01
-1.314606662722009323e-01
-1.137492398218360318e-01
-9.603003523710440525e-02
-7.831330220372911821e-02
-6.061024588175836780e-02
-4.293110832270029958e-02
-2.528544574332668854e-02
-7.685561111452908142e-03
9.857387195583638267e-03
2.733318645801640842e-02
4.473219010182803018e-02
6.204332086132177682e-02
7.925620733680370511e-02
9.635993705146148058e-02
1.133444247374852665e-01
1.301990581783810386e-01
1.469148162755534448e-01
1.634815335293318683e-01
1.798899010639504747e-01
1.961298467658423028e-01
2.121905491717494263e-01
2.280615124185936260e-01
2.437336906625008071e-01
2.591982387143443867e-01
2.744473173377813824e-01
2.894716637438894957e-01
3.042620766905108631e-01
3.188101158586585937e-01
3.331077216204899605e-01
3.471475404048368629e-01
3.609206518030180222e-01
3.744195918146941415e-01
3.876352477072052549e-01
4.005587180721368323e-01
4.131826542166767147e-01
4.254998292672291238e-01
4.375029316017252090e-01
4.491846557009391283e-01
4.605368589327559770e-01
4.715538158707217042e-01
4.822294631287661892e-01
4.925576435465566227e-01
5.025318040439240574e-01
5.121460895699824212e-01
5.213956596445328273e-01
5.302753864117722982e-01
5.387802410497980476e-01
5.469066521569942996e-01
5.546506191182758450e-01
5.620082350182044051e-01
5.689757883143878869e-01
5.755500236727890684e-01
5.817281253779619243e-01
5.875081783416924441e-01
5.928875950452400234e-01
5.978634135803601035e-01
6.024350537949693107e-01
6.066013112898395176e-01
6.103610062377354817e-01
6.137131235830234344e-01
6.166571096515501837e-01
6.191934506992986531e-01
6.213207763890877811e-01
6.230387278303956000e-01
6.243472241493255304e-01
6.252469065892259925e-01
6.257371526559776242e-01
6.258175805156869220e-01
6.254898170036586880e-01
6.247564552626200252e-01
6.236194393796442581e-01
6.220795336424042032e-01
6.201392650296597697e-01
6.178004897450443123e-01
6.150667730559979951e-01
6.119398234029286288e-01
6.084235861848532601e-01
6.045204453918625598e-01
6.002343488152820372e-01
5.955687788212948863e-01
5.905297797420177019e-01
5.851221001059383475e-01
5.793513013748214924e-01
5.732222379771928500e-01
5.667390125624767183e-01
5.599073929742557354e-01
5.527321029374797634e-01
5.452179727676673693e-01
5.373700353528054752e-01
5.291941364509608059e-01
5.206964361706055699e-01
5.118832808889590691e-01
5.027615908123423960e-01
4.933390687202924840e-01
4.836222102965523351e-01
4.736191628198532788e-01
4.633387984705589768e-01
4.527892601128195027e-01
4.419777636894468009e-01
4.309112611554793415e-01
4.195967443297286548e-01
4.080427029589512311e-01
3.962564450457339293e-01
3.842461273765204188e-01
3.720190266112701205e-01
3.595832691124967173e-01
3.469465741839501405e-01
3.341179153292822557e-01
3.211070136555066457e-01
3.079224185371304823e-01
2.945741393592626878e-01
2.810710088222662661e-01
2.674210379344890698e-01
2.536336356923602486e-01
2.397186187708502669e-01
2.256860450452586597e-01
2.115463303736070388e-01
1.973092215927368942e-01
1.829847822691767489e-01
1.685820665861321732e-01
1.541091099628886241e-01
1.395749488288720030e-01
1.249888886095945340e-01
1.103603296102096815e-01
9.569881546485813073e-02
8.101248668979632583e-02
6.631078443357892038e-02
5.160257252243236059e-02
3.689854820475101105e-02
2.220918238695443123e-02
7.543307303345975906e-03
-7.091802433260611764e-03
-2.168779039274155301e-02
-3.623505863702584234e-02
-5.072540981081281874e-02
-6.514850853504013106e-02
-7.949517854348576995e-02
-9.375782591665343668e-02
-1.079275408755664967e-01
-1.219947465050388175e-01
-1.359505995615800100e-01
-1.497881244653665456e-01
-1.634982053933320689e-01
-1.770706146642956058e-01
-1.904966152530805923e-01
-2.037691937704256273e-01
-2.168795997674526355e-01
-2.298190704652593175e-01
-2.425785768441144075e-01
-2.551500395557912415e-01
-2.675246165488396888e-01
-2.796946970983739678e-01
-2.916529145169201587e-01
-3.033910663072579839e-01
-3.149021124965904472e-01
-3.261788192644537454e-01
-3.372143889935128036e-01
-3.480015574300345804e-01
-3.585335010632986763e-01
-3.688037127987917607e-01
-3.788044410478647039e-01
-3.885310853202110226e-01
-3.979775227088505618e-01
-4.071369315731605543e-01
-4.160036691003428655e-01
-4.245733685274540870e-01
-4.328420459289489264e-01
-4.408054367971652732e-01
-4.484594280779720665e-01
-4.557982094748668223e-01
-4.628179163436687005e-01
-4.695141401210143894e-01
-4.758826498704137320e-01
-4.819200267210053679e-01
-4.876219017049824855e-01
-4.929851834213507811e-01
-4.980066552516912437e-01
-5.026824358425703299e-01
-5.070087427674019320e-01
-5.109834754521879185e-01
-5.146061748210073450e-01
-5.178765233751539965e-01
-5.207946071969810076e-01
-5.233598688742376881e-01
-5.255709123369363134e-01
-5.274263563730500204e-01
-5.289251033370158117e-01
-5.300675405560758557e-01
-5.308544085343319674e-01
-5.312856200385092098e-01
-5.313601494429555094e-01
-5.310764300713681774e-01
-5.304351807331141311e-01
-5.294364285932390279e-01
-5.280821214763335991e-01
-5.263741285257530489e-01
-5.243134176554652415e-01
-5.219025542021575870e-01
-5.191438749652743656e-01
-5.160397479860777681e-01
-5.125930254808926945e-01
-5.088073962851684673e-01
-5.046869550930497272e-01
-5.002352867301621542e-01
-4.954560130456475697e-01
-4.903524576859226713e-01
-4.849291538448428640e-01
-4.791905233802962183e-01
-4.731401359301096732e-01
-4.667835992260823685e-01
-4.601240711153008478e-01
-4.531668226512687303e-01
-4.459167882841956754e-01
-4.383787350799380755e-01
-4.305578194134050962e-01
-4.224590758246375977e-01
-4.140861091807271910e-01
-4.054449661672643312e-01
-3.965426893464877867e-01
-3.873860423617107585e-01
-3.779804488415969832e-01
-3.683313613469233472e-01
-3.584449387394432751e-01
-3.483275661516156418e-01
-3.379851296463821098e-01
-3.274250829001379426e-01
-3.166558679334964266e-01
-3.056857125084298521e-01
-2.945215019073624818e-01
-2.831714151080594322e-01
-2.716427739711303468e-01
-2.599437459671365414e-01
-2.480821140716034101e-01
-2.360663655342381539e-01
-2.239030173915060873e-01
-2.115996460791954303e-01
-1.991648465611945140e-01
-1.866055902492527174e-01
-1.739296822720722280e-01
-1.611449989364467650e-01
-1.482589105076343450e-01
-1.352815718187099503e-01
-1.222222839542320832e-01
-1.090898861743853365e-01
-9.589293856702059415e-02
-8.264202892963966318e-02
-6.934543402200188389e-02
-5.601307208655241510e-02
-4.265431030464837681e-02
-2.927915300621029490e-02
-1.589610820287104889e-02
-2.514670602782789928e-03
1.085595467692550276e-02
2.420639621608296557e-02
3.752797240600797696e-02
5.081017086107356834e-02
6.404339461835860392e-02
7.721871114900706601e-02
9.032730794696813836e-02
1.033594266943106549e-01
1.163060776469668212e-01
1.291591994450495551e-01
1.419093507932523701e-01
1.545469747327940513e-01
1.670627707182380517e-01
1.794487783478667664e-01
1.916968340419113181e-01
2.037990471116870317e-01
2.157472009595570450e-01
2.275324715085304539e-01
2.391473160496205563e-01
2.505831620495701517e-01
2.618332513342992440e-01
2.728896360310988922e-01
2.837436138360097115e-01
2.943893506655390069e-01
3.048203434961450631e-01
3.150312046613753525e-01
3.250157137694910103e-01
3.347669128141559924e-01
3.442779058339406340e-01
3.535423057393572432e-01
3.625543064411396732e-01
3.713087325813165251e-01
3.797990512347894643e-01
3.880202860374118434e-01
3.959660773434454106e-01
4.036319553887087186e-01
4.110128509620545323e-01
4.181035623315272898e-01
4.248971951767352984e-01
4.313893496093636482e-01
4.375765038276744900e-01
4.434548341413562800e-01
4.490202031559657470e-01
4.542691790113076999e-01
4.591971720489668174e-01
4.638004848157860627e-01
4.680768097834835939e-01
4.720235431908147428e-01
4.756383268255959251e-01
4.789175538174768598e-01
4.818584166053883622e-01
4.844597629095122038e-01
4.867189209205401990e-01
4.886329207334574320e-01
4.902000460353679312e-01
4.914191338358829264e-01
4.922904000535882063e-01
4.928141943886766851e-01
