1.000000000000000000e+00
9.975142736994047077e-01
9.921762190044234320e-01
9.840155880706130676e-01
9.730696091495216749e-01
9.593864018314243181e-01
9.430222768269334033e-01
9.240409668538860366e-01
9.025106170213837986e-01
8.785051873307787584e-01
8.521105772156347680e-01
8.234172268385652194e-01
7.925178121952681787e-01
7.595109909764135026e-01
7.245042290995059586e-01
6.876071409317364713e-01
6.489338638333038700e-01
6.086032153364679953e-01
5.667430019763600724e-01
5.234812718472410253e-01
4.789535201451725066e-01
4.332937035774251378e-01
3.866412956906174481e-01
3.391352809173984739e-01
2.909157907511659702e-01
2.421288330763016472e-01
1.929205195161634023e-01
1.434326057377729446e-01
9.381204208012848544e-02
4.420256427843387292e-02
-5.252309822031604389e-03
-5.440845419679469358e-02
-1.031249623133948246e-01
-1.512610804190177571e-01
-1.986833301752879699e-01
-2.452585127506193285e-01
-2.908558266094794509e-01
-3.353493993527102979e-01
-3.786158978742876768e-01
-4.205386104743628617e-01
-4.610071273373458345e-01
-4.999124822128782064e-01
-5.371504499882197026e-01
-5.726207857967807735e-01
-6.062303266402084834e-01
-6.378938422208695336e-01
-6.675315829926414812e-01
-6.950675029061361698e-01
-7.204342730013727492e-01
-7.435736090684054167e-01
-7.644332445345569660e-01
-7.829649741229190996e-01
-7.991297388782806488e-01
-8.128951221118357884e-01
-8.242373712039581246e-01
-8.331370742021924070e-01
-8.395801335242261132e-01
-8.435657969303552717e-01
-8.450965109786281459e-01
-8.441818336695915415e-01
-8.408400885458369167e-01
-8.350947409779149178e-01
-8.269851839522955883e-01
-8.165467969827805428e-01
-8.038233538748124074e-01
-7.888664035841699285e-01
-7.717365396649122911e-01
-7.524916824319952680e-01
-7.312003801068099884e-01
-7.079359770086752768e-01
-6.827787131877930404e-01
-6.558151884035897661e-01
-6.271326230893519149e-01
-5.968257262845344524e-01
-5.649911923655426271e-01
-5.317329384777884638e-01
-4.971548970079696095e-01
-4.613658255206146142e-01
-4.244760873104309051e-01
-3.865991451247109967e-01
-3.478520082557240989e-01
-3.083525740467076837e-01
-2.682168920895215969e-01
-2.275667202044452941e-01
-1.865195806477177032e-01
-1.451973648759170843e-01
-1.037195839131290487e-01
-6.220735302959456980e-02
-2.077833688759472136e-02
2.044727555238402480e-02
6.135153204442871100e-02
1.018166656029827477e-01
1.417275530208526035e-01
1.809695830870951816e-01
2.194318161861148475e-01
2.570123554358908491e-01
2.936105750174172746e-01
3.291266511942803064e-01
3.634697990189115768e-01
3.965506519585499934e-01
4.282834664334494446e-01
4.585866459284971830e-01
4.873809901101140429e-01
5.146013476981823320e-01
5.401809464934874683e-01
5.640567660552693319e-01
5.861748623398833624e-01
6.064835550372020823e-01
6.249437238960643404e-01
6.415156062880720267e-01
6.561656622388102322e-01
6.688649595662857772e-01
6.795899350044730669e-01
6.883261224870308448e-01
6.950648496648826891e-01
6.998018728374968411e-01
7.025376698654068885e-01
7.032778833985231515e-01
7.020337674780539050e-01
6.988261649729665681e-01
6.936794736836056074e-01
6.866233844756753912e-01
6.776935721330238360e-01
6.669290407760544159e-01
6.543734899649680248e-01
6.400757118647500965e-01
6.240883391996031593e-01
6.064650843229858479e-01
5.872656291537194928e-01
5.665603675133236150e-01
5.444183956213600739e-01
5.209160569101064509e-01
4.961303972597111978e-01
4.701387274404479344e-01
4.430218098894395662e-01
4.148649319918278899e-01
3.857513866607055197e-01
3.557709630362470010e-01
3.250108455953084619e-01
2.935652921946150795e-01
2.615272077020169283e-01
2.289906479605779144e-01
1.960465686027789978e-01
1.627872007234637819e-01
1.293100698548226846e-01
9.571120448249871571e-02
6.208471513015098586e-02
2.852187833822903557e-02
-4.883290761688093007e-03
-3.803685929125212584e-02
-7.084847639092341220e-02
-1.032322367916665429e-01
-1.350985774216546809e-01
-1.663613444758309523e-01
-1.969387058914330302e-01
-2.267532100050336785e-01
-2.557302391810367670e-01
-2.837942996043066324e-01
-3.108783358276806519e-01
-3.369166088873609688e-01
-3.618424595954424783e-01
-3.855934301656512853e-01
-4.081113264928100115e-01
-4.293416142230336852e-01
-4.492345283390278277e-01
-4.677469495722448301e-01
-4.848395680860371759e-01
-5.004788743484995805e-01
-5.146322020666344033e-01
-5.272683446712508326e-01
-5.383682139109247089e-01
-5.479071457248176902e-01
-5.558690629842911735e-01
-5.622447725942930630e-01
-5.670264138594812708e-01
-5.702132303652772682e-01
-5.718089760404919675e-01
-5.718191697432573051e-01
-5.702551057519111843e-01
-5.671340689481454422e-01
-5.624809431138988458e-01
-5.563210107556958439e-01
-5.486801005130887976e-01
-5.395950859943112743e-01
-5.291012982144209786e-01
-5.172387382820283763e-01
-5.040511833970284794e-01
-4.895863413879479875e-01
-4.738930655978884077e-01
-4.570238789937425827e-01
-4.390348850129212055e-01
-4.199780036637874581e-01
-3.999149974025649201e-01
-3.789085089700515718e-01
-3.570265143022677834e-01
-3.343376997027318054e-01
-3.109117689214704883e-01
-2.868189653423866003e-01
-2.621298238012813586e-01
-2.369161179209076096e-01
-2.112501807607038151e-01
-1.852023880538688771e-01
-1.588490311589454973e-01
-1.322655041254468811e-01
-1.055262287560567447e-01
-7.870438085184446042e-02
-5.186969863806609182e-02
-2.509457396323280451e-02
1.549301340916800105e-03
2.799110713365203160e-02
5.415780150390716446e-02
7.997826405088007129e-02
1.053843930513366361e-01
1.303103975558035088e-01
1.546922255068541863e-01
1.784603497086064694e-01
2.015575657453357594e-01
2.239253990495050917e-01
2.455062568452253957e-01
2.662454403781255308e-01
2.860894926981155661e-01
3.049909075905497535e-01
3.229042931907515901e-01
3.397877044180270811e-01
3.556048754523178368e-01
3.703183592608482733e-01
3.838933345689696797e-01
3.963003814417138670e-01
4.075109265179151508e-01
4.175061839649020223e-01
4.262698928815656929e-01
4.337848098115199003e-01
4.400368672329250108e-01
4.450222804806185373e-01
4.487334316109480858e-01
4.511659729133279395e-01
4.523248623348015141e-01
4.522196533288799780e-01
4.508565160419375495e-01
4.482500372687657220e-01
4.444155824635739327e-01
4.393730952119409561e-01
4.331487191878098941e-01
4.257689158857552725e-01
4.172628811347234845e-01
4.076675654825456241e-01
3.970182904279703218e-01
3.853516678491524794e-01
3.727048436145751764e-01
3.591199109395596389e-01
3.446435508772751066e-01
3.293254682102160769e-01
3.132161923563931971e-01
2.963673496978180277e-01
2.788294941451232578e-01
2.606587565502584969e-01
2.419138579170108105e-01
2.226520296264593857e-01
2.029315079420974111e-01
1.828145850980749110e-01
1.623615185415279161e-01
1.416299151630331099e-01
1.206835419438978263e-01
9.958438597299983097e-02
7.839663856162747135e-02
5.717897608653521591e-02
3.598859058093428764e-02
1.488613509134720063e-02
-6.071157778833199958e-03
-2.682586732054831682e-02
-4.732140399883814214e-02
-6.750396135449429624e-02
-8.732022055454549680e-02
-1.067187684355578592e-01
-1.256475682729893684e-01
-1.440590424369554701e-01
-1.619053436790805489e-01
-1.791402108110948521e-01
-1.957180401202369135e-01
-2.115968489542313369e-01
-2.267397587175352669e-01
-2.411126289147113300e-01
-2.546857901183860462e-01
-2.674276094113891555e-01
-2.793104760620603311e-01
-2.903126790055044482e-01
-3.004092547379059730e-01
-3.095802029458020743e-01
-3.178067289072859514e-01
-3.250718777388365566e-01
-3.313642464535154208e-01
-3.366757546657522249e-01
-3.410019606748865839e-01
-3.443415942961559617e-01
-3.466927243118070323e-01
-3.480589517777389896e-01
-3.484460993214327229e-01
-3.478629484036680486e-01
-3.463207331561443669e-01
-3.438314710818988762e-01
-3.404122750821023669e-01
-3.360809879988228555e-01
-3.308584305973714113e-01
-3.247652735833356785e-01
-3.178300149373314287e-01
-3.100832307902995355e-01
-3.015520515663963619e-01
-2.922642435713829756e-01
-2.822568145884924995e-01
-2.715656296326772190e-01
-2.602294968580041723e-01
-2.482873315185821772e-01
-2.357773763779700271e-01
-2.227389548633914307e-01
-2.092186735432997602e-01
-1.952558753611222941e-01
-1.808916675802808016e-01
-1.661704080415860874e-01
-1.511359205601855993e-01
-1.358308334448956323e-01
-1.202954571721758237e-01
-1.045738690360691059e-01
-8.871426644231399095e-02
-7.275944014991615749e-02
-5.676107130947464358e-02
-4.076285187934924198e-02
-2.481221249304386284e-02
-8.949104737727742870e-03
6.780864805368341623e-03
2.233545587550973474e-02
3.767317233016630185e-02
5.275375465062573377e-02
6.753637017513981766e-02
8.198639033787794017e-02
9.607083821471751328e-02
1.097531084092787657e-01
1.230022849936333734e-01
1.357862204202681111e-01
1.480782020395510490e-01
1.598517834005810379e-01
1.710826291578549097e-01
1.817444080177487431e-01
1.918158832801139524e-01
2.012751666818911878e-01
2.101026340742548904e-01
2.182787350701045348e-01
2.257863112758944912e-01
2.326136915382401027e-01
2.387490675251725536e-01
2.441826298476100221e-01
2.489066166857255846e-01
2.529168932035006367e-01
2.562103351989513111e-01
2.587857700210599576e-01
2.606437319488967286e-01
2.617866718077166976e-01
2.622205653586454632e-01
2.619537064578573160e-01
2.609958066448804792e-01
2.593574567482493376e-01
2.570499305475458240e-01
2.540894612906383632e-01
2.504924049157044585e-01
2.462737964539335744e-01
2.414551832195472314e-01
2.360596531407623544e-01
2.301060638051890261e-01
2.236168526646011290e-01
2.166145928590723080e-01
2.091271293077178184e-01
2.011809972398742041e-01
1.928051139566966943e-01
1.840285057673709812e-01
1.748810743457034633e-01
1.653932033682631586e-01
1.555984372524394643e-01
1.455271239770905278e-01
1.352104004466272436e-01
1.246788596224795154e-01
1.139597974680416487e-01
1.030863987792234177e-01
9.208909356688149694e-02
8.099946123144269317e-02
6.984850210773145551e-02
5.866536652115385275e-02
4.747706433409656923e-02
3.631512112059599728e-02
2.520739604739471659e-02
1.418127330363134694e-02
3.263840816419731790e-03
-7.519813204436308351e-03
-1.814403852325944741e-02
-2.858299919144445186e-02
-3.881289644576767228e-02
-4.881093715932404570e-02
-5.855426776078057061e-02
-6.802355650520866548e-02
-7.720159419440791870e-02
-8.607029408862720832e-02
-9.460960840570241392e-02
-1.028006446062593032e-01
-1.106317890986354968e-01
-1.180881174122713623e-01
-1.251573727256223290e-01
-1.318316010916162351e-01
-1.380991683536004766e-01
-1.439523607553482853e-01
-1.493824306667753121e-01
-1.543857047844670594e-01
-1.589598154690966825e-01
-1.631023143717530433e-01
-1.668072758006529654e-01
-1.700733776428565158e-01
-1.728979782129348719e-01
-1.752842541750109784e-01
-1.772361526122885056e-01
-1.787546583786041865e-01
-1.798463648637020629e-01
-1.805197252167431710e-01
-1.807786888247671087e-01
-1.806292084083586380e-01
-1.800792126536256976e-01
-1.791391205142061072e-01
-1.778180994365027301e-01
-1.761286131344573513e-01
-1.740823741283251958e-01
-1.716959201224263210e-01
-1.689826744637435429e-01
-1.659580482525520040e-01
-1.626331423217425853e-01
-1.590201827994419670e-01
-1.551341540079956838e-01
-1.509910905688043870e-01
-1.466086657311165553e-01
-1.419992934286734287e-01
-1.371809210952051328e-01
-1.321657310410125630e-01
-1.269712494404718339e-01
-1.216136806393412068e-01
-1.161101422425589863e-01
-1.104769441545996739e-01
-1.047315901839114133e-01
-9.889347293601812028e-02
-9.298075087876005174e-02
-8.701161681838638640e-02
-8.099630559380495420e-02
-7.494857088375589393e-02
-6.888321714411331509e-02
-6.281464345539020111e-02
-5.675551992702926318e-02
-5.071943017801925496e-02
-4.471807325726851606e-02
-3.876193640251390099e-02
-3.286256452072295470e-02
-2.703044754702220095e-02
-2.127534205796911132e-02
-1.560691147975349496e-02
-1.003128186354595476e-02
-4.552467766921022493e-03
8.208888864361577444e-04
6.084085085799075671e-03
1.123208231934174142e-02
1.626072726762449461e-02
2.116224672119360398e-02
2.593085406421244757e-02
3.056231591071391709e-02
3.505263625020575008e-02
3.939828492924424275e-02
4.359330449554864317e-02
4.763470411738718324e-02
5.152340088423486980e-02
5.525933953831025508e-02
5.884325654441759784e-02
6.227009956318734635e-02
6.553823320475687941e-02
6.864920907890889601e-02
7.160534842385486709e-02
7.441301049721749106e-02
7.707548557783996945e-02
7.959158206895124155e-02
8.195828819799146070e-02
8.417882916972829754e-02
8.626026537466290056e-02
8.820595915205248216e-02
9.001971880855220987e-02
9.170629476895462984e-02
9.326798437856534396e-02
9.470807988128367161e-02
9.602653009211505053e-02
9.722691315150970570e-02
9.831177942167680650e-02
9.928352347269048250e-02
1.001408748987851483e-01
1.008894599219282567e-01
1.015336717251731635e-01
1.020735734675138201e-01
1.025107464234346621e-01
1.028476065414053175e-01
1.030867600110988297e-01
1.032294992809768275e-01
