1.000000000000000000e+00
9.985133800010167482e-01
9.955722952938383941e-01
9.911880574533599164e-01
9.853747395629018913e-01
9.781456060683899612e-01
9.695187091411251457e-01
9.595117016293104317e-01
9.481469776032165342e-01
9.354470503042510154e-01
9.214348546023827247e-01
9.061350061220339036e-01
8.895769231915611197e-01
8.717904321775344911e-01
8.528067583429327359e-01
8.326603891156872939e-01
8.113841744276164558e-01
7.890128565513241377e-01
7.655834541312900310e-01
7.411359076692267678e-01
7.157079487965741782e-01
6.893398727674536763e-01
6.620756783700292303e-01
6.339568542341252888e-01
6.050266850081796877e-01
5.753304980139595237e-01
5.449168352815524363e-01
5.138345873967126165e-01
4.821320461692081283e-01
4.498580487677780182e-01
4.170619538304214391e-01
3.837951932253950149e-01
3.501100894633437655e-01
3.160576559504301719e-01
2.816900370480237559e-01
2.470594815108569375e-01
2.122175403687115158e-01
1.772164223607824995e-01
1.421081906378802162e-01
1.069437132000125856e-01
7.177461144357780154e-02
3.665061850621392781e-02
1.621224609696254957e-03
-3.326338362997637715e-02
-6.795283860092612982e-02
-1.023951105195689965e-01
-1.365392536516200628e-01
-1.703376127359426950e-01
-2.037413699329088390e-01
-2.367034668640669304e-01
-2.691763725877697744e-01
-3.011168538050425503e-01
-3.324786084456448076e-01
-3.632188383564608491e-01
-3.932977004568212753e-01
-4.226710982283232165e-01
-4.512988053081691819e-01
-4.791423558164235597e-01
-5.061638378966453189e-01
-5.323255853475173938e-01
-5.575930784595870549e-01
-5.819329780420570142e-01
-6.053149130754174045e-01
-6.277096616334711943e-01
-6.490875070342032593e-01
-6.694221554543383634e-01
-6.886879951285480583e-01
-7.068605707231228052e-01
-7.239193876224611079e-01
-7.398417883897560055e-01
-7.546116036741586930e-01
-7.682120630840203468e-01
-7.806275112082693424e-01
-7.918462786783301288e-01
-8.018593680075878360e-01
-8.106581862867944244e-01
-8.182328223830758196e-01
-8.245769996399250346e-01
-8.296848681475734733e-01
-8.335532656365253201e-01
-8.361794107298505807e-01
-8.375643471683081875e-01
-8.377112381860821744e-01
-8.366258129597436977e-01
-8.343174699605663269e-01
-8.307957466945815606e-01
-8.260694477724549456e-01
-8.201519734989002330e-01
-8.130578429030480558e-01
-8.048032696669022990e-01
-7.954049455979778083e-01
-7.848826870639846742e-01
-7.732555486600297678e-01
-7.605458472725230568e-01
-7.467765851097282193e-01
-7.319730519529475954e-01
-7.161607358323748285e-01
-6.993682543082643255e-01
-6.816222370452581503e-01
-6.629524308173339042e-01
-6.433902062911551756e-01
-6.229691649423215738e-01
-6.017240937079822993e-01
-5.796894056798227446e-01
-5.568996355177585622e-01
-5.333889619076639388e-01
-5.091932319197000067e-01
-4.843521625569904843e-01
-4.589057279822784108e-01
-4.328944160570622479e-01
-4.063610634117642006e-01
-3.793479000706173054e-01
-3.518966649529572388e-01
-3.240474516576798414e-01
-2.958423395531106226e-01
-2.673212461167236986e-01
-2.385265499980812887e-01
-2.095021757643361904e-01
-1.802903074211207324e-01
-1.509328164131266137e-01
-1.214722508681968238e-01
-9.195222075953184138e-02
-6.241895067421378285e-02
-3.291891507778477166e-02
-3.495472132317770358e-03
2.580788192299920264e-02
5.494885569236904882e-02
8.388672046891891554e-02
1.125813394566063108e-01
1.409921954265574984e-01
1.690772097068602431e-01
1.967944458181259682e-01
2.241043021833335480e-01
2.509686933248936880e-01
2.773510578217743272e-01
3.032124852276401050e-01
3.285182445494045367e-01
3.532344063021270464e-01
3.773270540171719256e-01
4.007614132800328410e-01
4.235074053605839550e-01
4.455323456630539969e-01
4.668072665150052036e-01
4.873020100750138917e-01
5.069892743995241258e-01
5.258432216885411403e-01
5.438393493498451248e-01
5.609543154369297513e-01
5.771656308173047645e-01
5.924541932346285567e-01
6.068008562209661338e-01
6.201863140837420296e-01
6.325961378377744637e-01
6.440153362456251251e-01
6.544318466015796032e-01
6.638343789623329938e-01
6.722124549599282073e-01
6.795591291200228090e-01
6.858637266645362107e-01
6.911195824962057532e-01
6.953234202722314850e-01
6.984723021360199624e-01
7.005674034496629510e-01
7.016122984356165659e-01
7.016123970415083511e-01
7.005731873555236522e-01
6.985014845729755617e-01
6.954043493467634285e-01
6.912926900482289083e-01
6.861737023892935383e-01
6.800603332727160888e-01
6.729678855023061290e-01
6.649136461131468501e-01
6.559132781491404662e-01
6.459835336244543758e-01
6.351422871058255426e-01
6.234095633888669941e-01
6.108074843671845722e-01
5.973579071962902276e-01
5.830855628276474523e-01
5.680157114506091398e-01
5.521737901291975392e-01
5.355836914336444821e-01
5.182734209835992978e-01
5.002705393393948041e-01
4.816035055969981604e-01
4.623027112881839540e-01
4.424004440683620976e-01
4.219279827105480440e-01
4.009197899706011814e-01
3.794086666251857420e-01
3.574294907334600868e-01
3.350171575874613672e-01
3.122057939062869436e-01
2.890310514430696753e-01
2.655280252477565384e-01
2.417326150438246779e-01
2.176821004860627629e-01
1.934128040172347629e-01
1.689615072511100324e-01
1.443669402505778632e-01
1.196624159900167572e-01
9.488656710872689359e-02
7.007529161336720214e-02
4.526392433840979029e-02
2.048687877644917582e-02
-4.218320405700964372e-03
-2.881653729837775277e-02
-5.327529620182574338e-02
-7.755952155359682743e-02
-1.016347087271416982e-01
-1.254676820482750754e-01
-1.490234768839818202e-01
-1.722685054591767961e-01
-1.951711742010379946e-01
-2.176980566975299791e-01
-2.398165624273565777e-01
-2.614951392125751672e-01
-2.827022386412950117e-01
-3.034085802031121770e-01
-3.235890772431429530e-01
-3.432164000109655944e-01
-3.622661329235730698e-01
-3.807125225658224976e-01
-3.985333004411510949e-01
-4.157083187701209881e-01
-4.322172548195101771e-01
-4.480370705693683120e-01
-4.631504924663062961e-01
-4.775383715095985471e-01
-4.911812360780392628e-01
-5.040618306033399776e-01
-5.161653281108642410e-01
-5.274781816623653752e-01
-5.379879354049916795e-01
-5.476835731716420685e-01
-5.565532033120855759e-01
-5.645876359033754621e-01
-5.717787643416609722e-01
-5.781216694980745308e-01
-5.836114552445295089e-01
-5.882435819698181856e-01
-5.920162984235326498e-01
-5.949283563506848616e-01
-5.969797668185602424e-01
-5.981712407347424820e-01
-5.985047468161253104e-01
-5.979834636952900961e-01
-5.966103945218542703e-01
-5.943906058012156102e-01
-5.913312228357260336e-01
-5.874413809497468497e-01
-5.827313244456607810e-01
-5.772119132963741128e-01
-5.708928889543823937e-01
-5.637888028234230298e-01
-5.559150476491560022e-01
-5.472880409710459970e-01
-5.379237662390997654e-01
-5.278383431229783929e-01
-5.170488223273310702e-01
-5.055748225679581598e-01
-4.934351704257435300e-01
-4.806482952570242384e-01
-4.672325133325052615e-01
-4.532094844321582494e-01
-4.385986115472133573e-01
-4.234236789138427492e-01
-4.077085787181805587e-01
-3.914774939092522943e-01
-3.747571189697436744e-01
-3.575714842709031838e-01
-3.399482104735801480e-01
-3.219113331591907379e-01
-3.034862609095783648e-01
-2.847005494207862086e-01
-2.655820157611282761e-01
-2.461587641462857912e-01
-2.264576341197227227e-01
-2.065074397068681622e-01
-1.863376266607818521e-01
-1.659786879269210536e-01
-1.454602803780415954e-01
-1.248119386154083327e-01
-1.040618003150989429e-01
-8.323872146625571622e-02
-6.237072094310886633e-02
-4.148697450482519145e-02
-2.061719531678433623e-02
2.102469146320351545e-04
2.096733939446654427e-02
4.162569411234437466e-02
6.215530731671863041e-02
8.252678474030634981e-02
1.027121207036301165e-01
1.226833706303235710e-01
1.424116924328253375e-01
1.618707376803969755e-01
1.810358099014016398e-01
1.998810574572474352e-01
2.183822839565977558e-01
2.365143299251886155e-01
2.542521473231331153e-01
2.715706106875436787e-01
2.884458448924464569e-01
3.048565568070278342e-01
3.207808288159259558e-01
3.361977836854788126e-01
3.510860577087309142e-01
3.654269439235519612e-01
3.792014648301362256e-01
3.923921791688708693e-01
4.049837307915145068e-01
4.169607288908197540e-01
4.283095981703534116e-01
4.390162881761481839e-01
4.490678720387749623e-01
4.584540369076978150e-01
4.671666000619604242e-01
4.751957698851067557e-01
4.825357624701198667e-01
4.891783839575559178e-01
4.951169007932890165e-01
5.003443947945449555e-01
5.048594304867468630e-01
5.086580645936068512e-01
5.117357839301031053e-01
5.140893642776540595e-01
5.157174561452509964e-01
5.166211613214920506e-01
5.168015955342484258e-01
5.162629750376771520e-01
5.150111241227030012e-01
5.130534355921779754e-01
5.103948729343351642e-01
5.070430792452648161e-01
5.030059640464910053e-01
4.982925798472562784e-01
4.929104792297481219e-01
4.868681583176307504e-01
4.801796870003692264e-01
4.728578320948849112e-01
4.649141219646825141e-01
4.563633377983651873e-01
4.472165765694822159e-01
4.374872161168978923e-01
4.271877938055457236e-01
4.163339826272516309e-01
4.049437639629033248e-01
3.930343479260018924e-01
3.806225875996000485e-01
3.677277974390431026e-01
3.543697214236826154e-01
3.405698273680977661e-01
3.263481526703607694e-01
3.117249390585969948e-01
2.967245510648751639e-01
2.813690180577288480e-01
2.656792543635709825e-01
2.496793021835044812e-01
2.333914463969860020e-01
2.168375558092816013e-01
2.000400328196666466e-01
1.830234852460113915e-01
1.658126471052257245e-01
1.484314476387824100e-01
1.309063310561534577e-01
1.132586988299472686e-01
9.551321951936420085e-02
7.769315379304685132e-02
5.982265930451425434e-02
4.192637729982329198e-02
2.402921006081682950e-02
6.157016348788861039e-03
-1.166553818464008928e-02
-2.941385114074238083e-02
-4.706644548132006556e-02
-6.459745260290078450e-02
-8.198598622946863534e-02
-9.920995111438225822e-02
-1.162479881776782714e-01
-1.330778272968999865e-01
-1.496775345143204483e-01
-1.660246737347445267e-01
-1.820958689748677917e-01
-1.978702938414392820e-01
-2.133272456646188586e-01
-2.284478243163369782e-01
-2.432091803833404398e-01
-2.575911727229453496e-01
-2.715742792272225481e-01
-2.851408199804485455e-01
-2.982752198494753038e-01
-3.109618082686910201e-01
-3.231860889443399776e-01
-3.349323047304312295e-01
-3.461876041855621033e-01
-3.569396286151073627e-01
-3.671759113428392785e-01
-3.768848160829517124e-01
-3.860553182265523686e-01
-3.946739953371357634e-01
-4.027306585141459117e-01
-4.102132370283332885e-01
-4.171132988560950494e-01
-4.234225565605850283e-01
-4.291326957869027181e-01
-4.342357579316868943e-01
-4.387269176734083231e-01
-4.426013041111043766e-01
-4.458562873166284080e-01
-4.484895390195181575e-01
-4.504999741769100119e-01
-4.518870180368250722e-01
-4.526520003638305201e-01
-4.527951591771708362e-01
-4.523181556434478501e-01
-4.512230468050598131e-01
-4.495118152027732794e-01
-4.471882300929424514e-01
-4.442552397319936563e-01
-4.407195743632609797e-01
-4.365867182058713047e-01
-4.318631402812955211e-01
-4.265558599345209978e-01
-4.206732708854502567e-01
-4.142265215013252733e-01
-4.072246227913629557e-01
-3.996781948373911986e-01
-3.915998404208818062e-01
-3.829986653132407270e-01
-3.738848786295070337e-01
-3.642709606464408778e-01
-3.541711774358828890e-01
-3.436008505748148201e-01
-3.325756032094390746e-01
-3.211097270252151747e-01
-3.092193786531270416e-01
-2.969213508253486511e-01
-2.842340389860064098e-01
-2.711774225229562352e-01
-2.577698402845275405e-01
-2.440285770653800590e-01
-2.299732778657198051e-01
-2.156199957091972097e-01
-2.009890456566356953e-01
-1.861018370214551354e-01
-1.709796198740601014e-01
-1.556432661298831066e-01
-1.401142969403366134e-01
-1.244146718364645687e-01
-1.085659166829899824e-01
-9.259083928773670369e-02
-7.650984754606840466e-02
-6.034701479147213526e-02
-4.412424492046167213e-02
-2.786331961012090269e-02
-1.158471215636441842e-02
4.689102550215178654e-03
2.093372470338849406e-02
3.712854188743694439e-02
5.325121810071274664e-02
6.927819326352256668e-02
8.518555747660233601e-02
1.009531853927974482e-01
1.165575777730452206e-01
1.319808926427321893e-01
1.472039841442420449e-01
1.622076641671155173e-01
1.769697864941353893e-01
1.914725915241891618e-01
2.056975150086449156e-01
2.196244108368353432e-01
2.332367733823311473e-01
2.465178451626007794e-01
2.594497135587406356e-01
2.720160623320633242e-01
2.841998500716951814e-01
2.959844068118267502e-01
3.073549819625157054e-01
3.182951142765572672e-01
3.287925811468310200e-01
3.388335744293437535e-01
3.484062354094826230e-01
3.574972400125223659e-01
3.660952571051305782e-01
3.741910123977453817e-01
3.817770468357097879e-01
3.888426501538540525e-01
3.953776850265457998e-01
4.013738505269335288e-01
4.068253532389272120e-01
4.117243008054318754e-01
4.160637613821367431e-01
4.198363210116392574e-01
4.230368277942325728e-01
4.256596570026118243e-01
4.277016853207811220e-01
4.291616624479123732e-01
4.300373339437515430e-01
