1.000000000000000000e+00
9.966491651313681421e-01
9.884547958066649542e-01
9.754856651248061672e-01
9.578362067824598425e-01
9.356233708109050751e-01
9.089859165509498462e-01
8.780867538385842552e-01
8.431074183046618487e-01
8.042426487914929867e-01
7.617106928333485794e-01
7.157446391097354033e-01
6.665989180240180501e-01
6.145367383159162644e-01
5.598322300877257574e-01
5.027780023544488053e-01
4.436670896057422486e-01
3.828047725987970273e-01
3.204990224939743837e-01
2.570665561790056453e-01
1.928240145073698564e-01
1.280920652156514183e-01
6.319127475216548828e-02
-1.561932935212347918e-03
-6.585401055096069822e-02
-1.293708464459385754e-01
-1.918057975434444562e-01
-2.528631088505547408e-01
-3.122553539074976459e-01
-3.697014868847853797e-01
-4.249345287803912852e-01
-4.776972315326635243e-01
-5.277486864316552895e-01
-5.748568274892967844e-01
-6.188104792960211764e-01
-6.594181425600056379e-01
-6.965066519846246917e-01
-7.299212587060019963e-01
-7.595282414494453072e-01
-7.852136761146187860e-01
-8.068847861167216529e-01
-8.244717095765661252e-01
-8.379222409659614623e-01
-8.472067202931108376e-01
-8.523119831440503225e-01
-8.532451848503119773e-01
-8.500346416754896994e-01
-8.427302654046234798e-01
-8.313998997720432049e-01
-8.161367438673435837e-01
-7.970467458653400783e-01
-7.742531807688217693e-01
-7.479024870536881142e-01
-7.181572372833138207e-01
-6.851926012538437361e-01
-6.491992717157176740e-01
-6.103828670402927647e-01
-5.689579937502925455e-01
-5.251448099293012373e-01
-4.791804805161198888e-01
-4.313084172462657850e-01
-3.817793539275767256e-01
-3.308519168494329921e-01
-2.787908055693997800e-01
-2.258599730356626034e-01
-1.723264516651284994e-01
-1.184600469085675123e-01
-6.452908291481504466e-02
-1.080440220773871279e-02
4.245293509493294759e-02
9.498497421744091229e-02
1.465416064440568100e-01
1.968777347754694096e-01
2.457619408662969074e-01
2.929678529288174960e-01
3.382821993499744995e-01
3.814997365127174578e-01
4.224255580479712169e-01
4.608838340606992712e-01
4.967092449198833859e-01
5.297547963602783350e-01
5.598855348309678126e-01
5.869793122277093822e-01
6.109326760358054775e-01
6.316579661193919559e-01
6.490874629362811676e-01
6.631715735526545474e-01
6.738728117906513937e-01
6.811729928613757812e-01
6.850739162219630085e-01
6.855925520372656568e-01
6.827625142375506329e-01
6.766345206732456985e-01
6.672757235303589107e-01
6.547720879064657939e-01
6.392183142490518444e-01
6.207295048636586321e-01
5.994297880122058109e-01
5.754568675211449991e-01
5.489591134256605054e-01
5.201023766173744622e-01
4.890580427249873741e-01
4.560076807443419478e-01
4.211426994812093039e-01
3.846571149722990968e-01
3.467537398118317737e-01
3.076380318925154289e-01
2.675163468433177094e-01
2.266013912578200284e-01
1.851069737933209725e-01
1.432453799732054667e-01
1.012290636374267305e-01
5.927095225544829621e-02
1.757991769359107392e-02
-2.364081387798084785e-02
-6.419168906047140188e-02
-1.038811972498367570e-01
-1.425230517072912095e-01
-1.799378750390086545e-01
-2.159619337078006462e-01
-2.504359482519697422e-01
-2.832142280569036052e-01
-3.141614599694762533e-01
-3.431502843150283644e-01
-3.700658261681301631e-01
-3.948057832630583741e-01
-4.172778758353490880e-01
-4.374022886366358831e-01
-4.551170551955877053e-01
-4.703723303532924005e-01
-4.831267956689643817e-01
-4.933561771377993344e-01
-5.010428494511453001e-01
-5.061886079181512343e-01
-5.088058575704651476e-01
-5.089211983211134882e-01
-5.065741518675093147e-01
-5.018163911610121763e-01
-4.947068652423766144e-01
-4.853187357079042363e-01
-4.737379093510767913e-01
-4.600644761210548328e-01
-4.444034177127242358e-01
-4.268706365810820413e-01
-4.075866366549452113e-01
-3.866817191536966458e-01
-3.642867263266983402e-01
-3.405392325566187206e-01
-3.155813299369882308e-01
-2.895603090554378922e-01
-2.626234463043951584e-01
-2.349232787959804059e-01
-2.066076980918114536e-01
-1.778266608787684444e-01
-1.487323701570338053e-01
-1.194761016059978781e-01
-9.020865869604581533e-02
-6.107614630283558776e-02
-3.222020095839688014e-02
-3.777627558531151866e-03
2.411590630838382834e-02
5.133204942267768911e-02
7.774560534917968058e-02
1.032377401082040930e-01
1.276994451769236927e-01
1.510287648192540078e-01
1.731294876048505571e-01
1.939161224532803818e-01
2.133121727123356570e-01
2.312492680154316638e-01
2.476655105367445431e-01
2.625113942146494739e-01
2.757509719927426217e-01
2.873521901009885027e-01
2.972896594103281442e-01
3.055530343800774706e-01
3.121354060907370331e-01
3.170432304518414623e-01
3.202910015086419260e-01
3.219017609240710232e-01
3.219084231473823832e-01
3.203518948012377687e-01
3.172763640345591107e-01
3.127361751529098011e-01
3.067899141763327786e-01
2.994978120924097209e-01
2.909312945085931190e-01
2.811670289692488889e-01
2.702822485359478444e-01
2.583611380267397672e-01
2.454918387035934790e-01
2.317681772288556208e-01
2.172810311328708666e-01
2.021267555624861878e-01
1.863989647673916783e-01
1.701883854219871650e-01
1.535909263121469082e-01
1.367019444033620301e-01
1.196170458884826676e-01
1.024301193928648379e-01
8.522865503720403191e-02
6.809917868233578142e-02
5.112720168029184081e-02
3.439656877844299993e-02
1.798385477402715191e-02
1.965467904982737875e-03
-1.358924797310727926e-02
-2.861585044105246708e-02
-4.305232393000579805e-02
-5.684255334035075852e-02
-6.993569766334810367e-02
-8.228342115627899911e-02
-9.384571940454890238e-02
-1.045854572399355226e-01
-1.144744291353543275e-01
-1.234890839716493299e-01
-1.316109365371836981e-01
-1.388321531000162867e-01
-1.451429436787998184e-01
-1.505418002606822570e-01
-1.550314164595210653e-01
-1.586210801706923190e-01
-1.613243207381850064e-01
-1.631593564365917404e-01
-1.641518904156704928e-01
-1.643312546762076276e-01
-1.637318338548541807e-01
-1.623889878578940738e-01
-1.603414261663079210e-01
-1.576280406294225389e-01
-1.542936813297372534e-01
-1.503860675652652079e-01
-1.459527641571815582e-01
-1.410358605453384817e-01
-1.356799054606422639e-01
-1.299377107000485032e-01
-1.238532527641214992e-01
-1.174752483232930356e-01
-1.108558388389145610e-01
-1.040452570621587663e-01
-9.708607778927406950e-02
-9.002712742367818821e-02
-8.291123959598410698e-02
-7.578078322312835347e-02
-6.867440975341980447e-02
-6.162939184607169052e-02
-5.468020316128629349e-02
-4.786130870825661132e-02
-4.120345554926511944e-02
-3.473120599144208925e-02
-2.846945474213521954e-02
-2.244194143121539670e-02
-1.667098830977603585e-02
-1.117256861564340162e-02
-5.962755868452626791e-03
-1.054273501589994468e-03
3.540531524094985699e-03
7.814675794395988320e-03
1.176676438215842890e-02
1.539479067208157637e-02
1.870284583773025242e-02
2.169684157182950532e-02
2.438390965729464108e-02
2.676978718274206429e-02
2.886254154239393729e-02
3.067689556996285385e-02
3.222873019119563975e-02
3.353896470562785920e-02
3.462223051176232386e-02
3.549613195037792240e-02
3.618408002031166248e-02
3.670367573411676548e-02
3.707791528449730367e-02
3.732591255199065733e-02
3.746957139384037710e-02
3.752839803559165910e-02
3.752532917448300753e-02
3.748173302190852679e-02
3.741283821333510340e-02
3.733459879210214438e-02
3.725933912311864271e-02
3.720088347396766082e-02
3.717166260677343126e-02
3.718729446477207767e-02
3.725912990697229088e-02
3.739416505736162938e-02
3.760380584918329022e-02
3.789446816597063367e-02
3.826948836673679799e-02
3.872799455381238654e-02
3.926807705297258311e-02
3.988967291356395467e-02
4.059112108701013605e-02
4.137037427870655232e-02
4.222335773217928551e-02
4.314679697678118486e-02
4.413100309720711240e-02
4.516769346225766452e-02
4.625096649151000383e-02
4.737070433231159450e-02
4.851872471240878393e-02
4.968020525107594287e-02
5.083604603150293499e-02
5.196968806999402446e-02
5.306603287067970104e-02
5.410300393835468930e-02
5.506310811952835199e-02
5.593078832890176905e-02
5.668849707338632915e-02
5.731658271373333419e-02
5.779368268484485344e-02
5.809808685330925676e-02
5.821388346687077914e-02
5.812499389823576335e-02
5.781702106014557224e-02
5.727574668132921765e-02
5.648737860347335937e-02
5.543835162866655314e-02
5.411806861758096387e-02
5.252023081216202621e-02
5.064241544043045912e-02
4.847408246687846117e-02
4.601526251779641113e-02
4.326488221632492082e-02
4.021962345608520728e-02
3.688207400800594393e-02
3.325247501931278410e-02
2.933455544111799457e-02
2.513857585752908574e-02
2.067745727765947852e-02
1.596191808883071217e-02
1.100581255013825289e-02
5.828547609428950775e-03
4.457055499277500009e-04
-5.124068306490793534e-03
-1.086095072098601511e-02
-1.673972646182603219e-02
-2.273599794771544516e-02
-2.882182738632642696e-02
-3.496934785101069726e-02
-4.114889946178455771e-02
-4.732960250012639702e-02
-5.348304004818865004e-02
-5.957825616216905207e-02
-6.558328096475839197e-02
-7.146391362927621838e-02
-7.719131284530490744e-02
-8.273162086356955491e-02
-8.805576900965519926e-02
-9.312869542138804690e-02
-9.791428704239960035e-02
-1.023805831009512030e-01
-1.064960593866926403e-01
-1.102312265280129266e-01
-1.135589687552127636e-01
-1.164512840813326372e-01
-1.188806432450488504e-01
-1.208209197441874605e-01
-1.222476955813934785e-01
-1.231453095319802737e-01
-1.235011801472902238e-01
-1.233016351958685919e-01
-1.225373462699351212e-01
-1.211995937530051942e-01
-1.192820745786731529e-01
-1.167840183396749165e-01
-1.137097606941421812e-01
-1.100650900453955944e-01
-1.058551901270527590e-01
-1.010941380974747922e-01
-9.579409732964296043e-02
-8.997303579726326217e-02
-8.364805249637446982e-02
-7.684090808667388972e-02
-6.957511446390401977e-02
-6.187642472226442814e-02
-5.378482863923034901e-02
-4.533529226079965196e-02
-3.656519765676307515e-02
-2.751021869908435238e-02
-1.820997768823360424e-02
-8.708308223784164484e-03
9.517984709714980311e-04
1.072593002882284673e-02
2.056887187514331791e-02
3.043473508351186851e-02
4.028031193674790761e-02
5.005835603021931146e-02
5.972718003943890130e-02
6.923533192994128782e-02
7.853843713341705779e-02
8.759073444006329479e-02
9.634657549452307901e-02
1.047628865759707151e-01
1.127958866084714240e-01
1.204044599909532692e-01
1.275487534093135422e-01
1.341868540787803654e-01
1.402864428896780924e-01
1.458111391530297063e-01
1.507321445893465561e-01
1.550199690416668719e-01
1.586485198995990498e-01
1.615980663856339816e-01
1.638468548376413592e-01
1.653772537089120143e-01
1.661741213874151357e-01
1.662276718902589434e-01
1.655364757873383219e-01
1.640980015089174016e-01
1.619156482099671501e-01
1.589893459362278494e-01
1.553276771818805357e-01
1.509445565032022651e-01
1.458603453793704818e-01
1.400979717849940853e-01
1.336821992685069405e-01
1.266407349061412502e-01
1.190023619314337089e-01
1.107994859905532259e-01
1.020627513655459201e-01
9.282835048202134343e-02
8.313128022899947400e-02
7.301435360659354334e-02
6.251923615242288568e-02
5.169120901863688555e-02
4.057763972266947849e-02
2.922388284944138839e-02
1.768289696480007320e-02
6.004693914565754909e-03
-5.759257748426247457e-03
-1.756002299491576241e-02
-2.934340467827601870e-02
-4.105505631338268735e-02
-5.264171980393664990e-02
-6.405047560929168216e-02
-7.522765356938475312e-02
-8.612027071375509546e-02
-9.667454500583938515e-02
-1.068403787269612965e-01
-1.165740300596076889e-01
-1.258303936231977005e-01
-1.345614553052453533e-01
-1.427236905528486977e-01
-1.502799693998681241e-01
-1.571922866550381770e-01
-1.634265886373854337e-01
-1.689502158995349612e-01
-1.737322144896984999e-01
-1.777470450058421803e-01
-1.809756879239653726e-01
-1.833979309256930090e-01
-1.850006735453153250e-01
-1.857707151203689677e-01
-1.857014066384464201e-01
-1.847911601455305697e-01
-1.830368850144356019e-01
-1.804423636805436437e-01
-1.770175410629929724e-01
-1.727760344286125849e-01
-1.677357636615352809e-01
-1.619166282758927322e-01
-1.553421307225905101e-01
-1.480418111312682694e-01
-1.400480587275441946e-01
-1.313999331480343036e-01
-1.221310496912720867e-01
-1.122840827337395347e-01
-1.019010679375721568e-01
-9.103029652524215198e-02
-7.972135727413558193e-02
-6.802449590032107196e-02
-5.599199835364809807e-02
-4.368063282596355845e-02
-3.114251982934605756e-02
-1.843549696263789214e-02
-5.618227743614035742e-03
7.250674283904102839e-03
2.011056907005128250e-02
3.290016569685292463e-02
4.555933232257121379e-02
5.803464253996184347e-02
7.026621382892077328e-02
8.219949861043050754e-02
9.378330269935641894e-02
1.049664788471638133e-01
1.156976679708233424e-01
1.259329703066770223e-01
1.356248145911483904e-01
1.447281694040832289e-01
1.531997259313603865e-01
1.609945014713087819e-01
1.680759143198847227e-01
1.744112643941426455e-01
1.799684730633474838e-01
1.847169007132936636e-01
1.886356275602612542e-01
1.917014005992172254e-01
1.939022346132870112e-01
1.952266982778310678e-01
