1.000000000000000000e+00
9.947060455056013772e-01
9.807590826949795781e-01
9.584017163033881070e-01
9.279617448493810983e-01
8.898397799487256510e-01
8.445044475194288802e-01
7.924895878383237946e-01
7.343846352759494378e-01
6.708199995254956471e-01
6.024722123700677612e-01
5.300553114776880292e-01
4.543135434487036162e-01
3.760047687981580844e-01
2.958990603077933934e-01
2.147613548977753140e-01
1.333564686028524404e-01
5.243403617117892157e-02
-2.727465434957844839e-02
-1.050675463854717079e-01
-1.802804923546691696e-01
-2.522895123657563077e-01
-3.205219041229961374e-01
-3.844543652291699254e-01
-4.436152054186306426e-01
-4.975955305171688159e-01
-5.460488763763703401e-01
-5.886984974553391980e-01
-6.253256662692324719e-01
-6.557740074715413536e-01
-6.799546016428583695e-01
-6.978406605893354708e-01
-7.094657332787037696e-01
-7.149226218470240424e-01
-7.143641488153948949e-01
-7.079910430301034063e-01
-6.960550615952927345e-01
-6.788506073367059912e-01
-6.567118654123844657e-01
-6.300094414734049852e-01
-5.991389771001859321e-01
-5.645222197691356358e-01
-5.265992120336707716e-01
-4.858273789200507897e-01
-4.426751176245226072e-01
-3.976037842528353239e-01
-3.510709974476972639e-01
-3.035331067590936183e-01
-2.554336808120120650e-01
-2.072038464180222528e-01
-1.592514871922638131e-01
-1.119591992953744147e-01
-6.568467771642752528e-02
-2.075538771663187898e-02
2.252660256804183900e-02
6.389289680591336840e-02
1.031078352684363375e-01
1.399709910482012098e-01
1.743136708227977505e-01
2.060003248345492755e-01
2.349244414091346267e-01
2.610303367283445253e-01
2.842825873132177605e-01
3.046725072391606726e-01
3.222221729526438261e-01
3.369695957808307996e-01
3.489777034801346822e-01
3.583271779403911506e-01
3.651152905834033624e-01
3.694505803478705386e-01
3.714570432408270673e-01
3.712655140364757855e-01
3.690176749977897019e-01
3.648585945650541507e-01
3.589396837443795674e-01
3.514060197022253473e-01
3.423990442033582049e-01
3.320537761697912038e-01
3.205092017153868822e-01
3.079004342141687389e-01
2.943520451028389107e-01
2.799837757098463942e-01
2.648965479280392388e-01
2.491864377062865954e-01
2.329473545190491601e-01
2.162620396383181931e-01
1.992072785830491244e-01
1.818468893216065307e-01
1.642381786447294489e-01
1.464263529503643801e-01
1.284579378404991368e-01
1.103707212364908735e-01
9.220113015054540173e-02
7.398204185934995070e-02
5.574137244103544164e-02
3.750581581987452034e-02
1.930281968911929172e-02
1.152757942272257747e-03
-1.691635974014348009e-02
-3.487988505911363696e-02
-5.269628617431572348e-02
-7.031949792224607976e-02
-8.770707625717082123e-02
-1.048069022701144104e-01
-1.215591349680149869e-01
-1.378990435857563868e-01
-1.537566392691467054e-01
-1.690547057579192547e-01
-1.837166955359313958e-01
-1.976539653340992631e-01
-2.107838128228262387e-01
-2.230214517123489948e-01
-2.342796020992203021e-01
-2.444664171943231046e-01
-2.534964545154309024e-01
-2.612807056638918324e-01
-2.677342722200576342e-01
-2.727789932476019086e-01
-2.763393500601197261e-01
-2.783406448100045893e-01
-2.787326631515231745e-01
-2.774678227898559335e-01
-2.745206814749152624e-01
-2.698683495477526839e-01
-2.635040171622030636e-01
-2.554233776668952127e-01
-2.456477730166202189e-01
-2.342190612887919687e-01
-2.211902742269035438e-01
-2.066256871315728105e-01
-1.906110951169729117e-01
-1.732387189216729184e-01
-1.546106180968181698e-01
-1.348544269641177573e-01
-1.140951881288859854e-01
-9.246833627462140714e-02
-7.011400922232702282e-02
-4.718243055043452872e-02
-2.383960298556836097e-02
-2.590681083642806500e-04
2.339223434932313078e-02
4.693637712153880814e-02
7.019279083274497510e-02
9.297942761578686932e-02
1.151240293645404839e-01
1.364564220248460358e-01
1.568226233719798579e-01
1.760694255483992166e-01
1.940444538120462414e-01
2.106098962816052300e-01
2.256411649100034389e-01
2.390248490554141569e-01
2.506596093241189038e-01
2.604630515418414061e-01
2.683653704075157909e-01
2.743230145007736209e-01
2.783015892656953705e-01
2.802830049281929692e-01
2.802692126425277430e-01
2.782883867660019828e-01
2.743729844952736974e-01
2.685741820143730529e-01
2.609519038821482284e-01
2.515824359596586790e-01
2.405549052925748388e-01
2.279733997764391285e-01
2.139528964175604064e-01
1.986193496492824062e-01
1.821047241412321049e-01
1.645430136323206560e-01
1.460721874130649911e-01
1.268436600724487662e-01
1.070138632368997506e-01
8.673804781556010424e-02
6.617345035749842841e-02
4.546972841408129795e-02
2.478442220748024519e-02
4.264914342354948935e-03
-1.594654035656730556e-02
-3.571129887380538465e-02
-5.489590942832321685e-02
-7.337507014107665093e-02
-9.102561444049167561e-02
-1.077436731190690722e-01
-1.234343902107715996e-01
-1.380122283514012838e-01
-1.514019265185922447e-01
-1.635316219960161466e-01
-1.743438583870578762e-01
-1.837871950883167016e-01
-1.918273265057944543e-01
-1.984484776164445463e-01
-2.036411163090129928e-01
-2.074043765905450587e-01
-2.097478529288294147e-01
-2.106946774474356132e-01
-2.102716026323470377e-01
-2.085288677687874015e-01
-2.055147790029561439e-01
-2.012831759951118626e-01
-1.959047104323860533e-01
-1.894532752005068377e-01
-1.819966317487319019e-01
-1.736097032416031583e-01
-1.643687543310883015e-01
-1.543540452046689992e-01
-1.436475386114186292e-01
-1.323356663918312803e-01
-1.205079019405168317e-01
-1.082560988891934084e-01
-9.566358852850290195e-02
-8.281775765333797279e-02
-6.980334830528418799e-02
-5.669866499682189170e-02
-4.357771076116979253e-02
-3.051538388035725594e-02
-1.758497080677465241e-02
-4.851498392133554889e-03
7.624522734334467262e-03
1.978634228488121427e-02
3.158110230842595817e-02
4.295973352751816104e-02
5.388128555681822446e-02
6.430801453008362645e-02
7.420885834485839438e-02
8.355764041222915606e-02
9.232342612413846350e-02
1.004830623875174050e-01
1.080125260518511876e-01
1.148854656747623076e-01
1.210776600492590865e-01
1.265707006533782486e-01
1.313582011040054509e-01
1.354341190365126735e-01
1.387869434279690450e-01
1.414033895093175230e-01
1.432831427959253001e-01
1.444231921059180024e-01
1.448226547502264039e-01
1.444829310365239039e-01
1.434069244705990231e-01
1.416020019370943794e-01
1.390797646052714387e-01
1.358457136538932519e-01
1.319095343535258147e-01
1.272883402743263115e-01
1.219987587976249510e-01
1.160621330162195236e-01
1.095046568252571600e-01
1.023578537328052873e-01
9.465830097648190999e-02
8.644557599998788089e-02
7.776797502724529243e-02
6.867413691571470913e-02
5.921495968935495957e-02
4.944454651130505279e-02
3.942574684083539893e-02
2.921669990402813930e-02
1.888204625631524289e-02
8.482148967888961805e-03
-1.911011970609477343e-03
-1.222786219943907196e-02
-2.239910592767631325e-02
-3.236176910457398692e-02
-4.204655767131747213e-02
-5.138175121306998161e-02
-6.030179225666444653e-02
-6.874968890218396966e-02
-7.667770532563852881e-02
-8.403550342621808611e-02
-9.079922775792147183e-02
-9.693413011353835262e-02
-1.024005956243010662e-01
-1.071694684846416362e-01
-1.112162991701883402e-01
-1.145227938754296154e-01
-1.170781187280368341e-01
-1.188753247136972585e-01
-1.199158852726708580e-01
-1.202051837255169592e-01
-1.197516477422315984e-01
-1.185611581844437795e-01
-1.166487541992205779e-01
-1.140423406728842959e-01
-1.107718481772566599e-01
-1.068634820164223037e-01
-1.023476272188772185e-01
-9.725873918993384326e-02
-9.163155333308373174e-02
-8.550639092160226828e-02
-7.892469310957705986e-02
-7.193216139658410724e-02
-6.457291427151135021e-02
-5.688930255657718982e-02
-4.893267958464450618e-02
-4.075214950325657670e-02
-3.239363415493770604e-02
-2.391454595534775462e-02
-1.536726456881198043e-02
-6.811026623764674000e-03
1.697241321804118233e-03
1.009735610980800995e-02
1.833757419445800757e-02
2.636225145361949587e-02
3.410856057800835256e-02
4.152217589845060008e-02
4.854970495494701638e-02
5.514422080316465358e-02
6.126577411646429855e-02
6.687071939456901148e-02
7.192118933267567515e-02
7.638924611625026728e-02
8.024549057750929304e-02
8.346409863030762599e-02
8.602707324742014938e-02
8.792418231727207323e-02
8.914574261147312217e-02
8.969037116024113077e-02
8.955898165794481947e-02
8.875883860518500590e-02
8.730497920484589502e-02
8.522279644026486967e-02
8.253986772135593619e-02
7.928435837117901730e-02
7.549505266869187270e-02
7.120672928029977977e-02
6.646721985710529745e-02
6.132632152556532351e-02
5.582268279922258242e-02
5.000742421982589531e-02
4.393380337135807667e-02
3.765578370903279598e-02
3.122942865640918053e-02
2.470877095546413285e-02
1.815546126173729971e-02
1.163010977837967974e-02
5.198779901305483099e-03
-1.080767888185511739e-03
-7.158591833328988019e-03
-1.298683484372255281e-02
-1.850797238791296664e-02
-2.367677736647701495e-02
-2.844566942079214400e-02
-3.277728128139428820e-02
-3.662945799086871068e-02
-3.998185816953272326e-02
-4.281558845834187305e-02
-4.511747911768099195e-02
-4.688003140248569317e-02
-4.810658839636055423e-02
-4.880234658182836666e-02
-4.897849618949784434e-02
-4.864768685424832040e-02
-4.783326986556587362e-02
-4.656002069940438914e-02
-4.486207760280455648e-02
-4.276812604593437789e-02
-4.031588998337806706e-02
-3.755246795166457263e-02
-3.453248910025989021e-02
-3.130965197924395066e-02
-2.793037080666582739e-02
-2.444959633832041387e-02
-2.091918246036112566e-02
-1.739165144413360245e-02
-1.392552513582681617e-02
-1.057271267901692922e-02
-7.381822240647075740e-03
-4.390941252444918036e-03
-1.644649568679619651e-03
8.167479906669927129e-04
2.957971628644800923e-03
4.754241049223098016e-03
6.177770058117358978e-03
7.212135643224739691e-03
7.848061080211859650e-03
8.082302444097395552e-03
7.921595656994788459e-03
7.379068049792669032e-03
6.472498176124041706e-03
5.226866301180054138e-03
3.675562158130238344e-03
1.854629985188944747e-03
-1.924206833974401501e-04
-2.419792531832801793e-03
-4.787377329033701973e-03
-7.247680885249903164e-03
-9.750739624101160963e-03
-1.224339708433272791e-02
-1.467096079454175729e-02
-1.698516080771450207e-02
-1.913674159538628766e-02
-2.107820663274988238e-02
-2.276673245279422012e-02
-2.416460654369263772e-02
-2.523383568951868480e-02
-2.594690432895589358e-02
-2.627416796197567378e-02
-2.619851339987176383e-02
-2.570309037842352304e-02
-2.477419757225686817e-02
-2.340969492372885208e-02
-2.160087128969741602e-02
-1.934870245909676642e-02
-1.667079569248308343e-02
-1.359213305457723092e-02
-1.014068355991752483e-02
-6.352996686172433620e-03
-2.274083882052710046e-03
2.051851871595695726e-03
6.573712082591119492e-03
1.123614956857564920e-02
1.597565008282269411e-02
2.072868076380629879e-02
2.543527067470290406e-02
3.003534883995069224e-02
3.446107941137043634e-02
3.865136219544337143e-02
4.255359839889973766e-02
4.611197801974145638e-02
4.927452896186810399e-02
5.199463006340922927e-02
5.422875159906499765e-02
5.594564922880024965e-02
5.711727209900397534e-02
5.772244883355425599e-02
5.774202392435745512e-02
5.716611795051218525e-02
5.599324803813982010e-02
5.423433910776439409e-02
5.190440447965277704e-02
4.903098326731620410e-02
4.564361713436566881e-02
4.178039081328054766e-02
3.748670352369006670e-02
3.281128520099202417e-02
2.780876673881426189e-02
2.253251838360788295e-02
1.703347754300128455e-02
1.136852615741688194e-02
5.593345684268565855e-03
-2.370541753586903480e-04
-6.055304764810301096e-03
-1.180558297631611846e-02
-1.743495479990134212e-02
-2.288332451689930463e-02
-2.809596255737735818e-02
-3.302874149844585439e-02
-3.763550334081951915e-02
-4.187901607134993792e-02
-4.572285599810144152e-02
-4.913501379431498006e-02
-5.209155896149753051e-02
-5.457006246969434843e-02
-5.655687968239671293e-02
-5.804113830866270557e-02
-5.902086579305704933e-02
-5.949931652710424568e-02
-5.948671478443372240e-02
-5.899382340009272363e-02
-5.803924879619665883e-02
-5.664052025229468490e-02
-5.482311746617379855e-02
-5.261148942594538053e-02
-5.004219226208651838e-02
-4.714957777080600737e-02
-4.397486207453227963e-02
-4.056344645335413501e-02
-3.694807191845801003e-02
-3.317131464458478174e-02
-2.926704115351290783e-02
-2.526701538847598086e-02
-2.121086088470149067e-02
-1.713311836074286193e-02
-1.307166495498326281e-02
-9.053614484415092867e-03
-5.099971116107121331e-03
-1.230866778226338354e-03
2.539761549828183172e-03
6.197969610655899332e-03
9.729181208852123036e-03
1.312091786525332662e-02
1.636144553903167223e-02
1.944300116534935022e-02
2.235676338722800138e-02
2.508879250513307638e-02
2.763477292315883599e-02
2.998554636124371384e-02
3.213505996219587213e-02
3.409055695972024874e-02
3.584981583506719610e-02
3.741621750504193350e-02
3.879482628579278281e-02
3.998848986353367718e-02
4.100156210577054344e-02
4.184187830309686607e-02
4.251434256603965622e-02
4.302594653507387651e-02
4.338646563771017539e-02
4.359834239259623850e-02
