1.000000000000000000e+00
9.977547925630695369e-01
9.925732891329789309e-01
9.845285637170019255e-01
9.737150913395329344e-01
9.602522867375239413e-01
9.442775855447330668e-01
9.259470776215010801e-01
9.054343737034715733e-01
8.829243874672528802e-01
8.586115514213444877e-01
8.326967722219991153e-01
8.053859665947697977e-01
7.768859828984751026e-01
7.474003710192481664e-01
7.171310990700352495e-01
6.862724644755633374e-01
6.550119372933480566e-01
6.235248476797812245e-01
5.919721733272237385e-01
5.605007252181257726e-01
5.292410834422650590e-01
4.983057186522966697e-01
4.677919266828177158e-01
4.377792816753948157e-01
4.083303285786256676e-01
3.794892360837368028e-01
3.512871534517875149e-01
3.237376686810241044e-01
2.968407592801514672e-01
2.705818785346723043e-01
2.449357773689346263e-01
2.198666926542255651e-01
1.953309550330183386e-01
1.712772227724524698e-01
1.476499418556553866e-01
1.243905791895230512e-01
1.014389131706121411e-01
7.873452241138458041e-02
5.622250368890319150e-02
3.385184786614473668e-02
1.157582573890872900e-02
-1.064470757237438552e-02
-3.284031868589514652e-02
-5.503138172293193381e-02
-7.723092539243792132e-02
-9.944080976650937487e-02
-1.216527246445422566e-01
-1.438472310716330527e-01
-1.659947478294192813e-01
-1.880550458016992943e-01
-2.099792479787765120e-01
-2.317107668457932257e-01
-2.531853326344787880e-01
-2.743309109356273368e-01
-2.950717764219166206e-01
-3.153266716363292144e-01
-3.350113150192033373e-01
-3.540400118738760149e-01
-3.723270707445707206e-01
-3.897894069164221098e-01
-4.063419799710720204e-01
-4.219075301831725633e-01
-4.364134392911416249e-01
-4.497915585683813777e-01
-4.619837391989338182e-01
-4.729404309204977563e-01
-4.826203998892964475e-01
-4.909916307056693685e-01
-4.980329100270476372e-01
-5.037328559742509926e-01
-5.080916388935413641e-01
-5.111226456877775437e-01
-5.128487408174507989e-01
-5.133021310049936670e-01
-5.125233869740293269e-01
-5.105610780401755866e-01
-5.074733882166224674e-01
-5.033228795745531281e-01
-4.981785415301264175e-01
-4.921131776225674548e-01
-4.852046818384709304e-01
-4.775333552148430805e-01
-4.691813165252028961e-01
-4.602332834409188500e-01
-4.507704222886144696e-01
-4.408719423814730365e-01
-4.306158567623722400e-01
-4.200733640133181290e-01
-4.093128338195881621e-01
-3.983974496090328388e-01
-3.873850899707649842e-01
-3.763277635673655253e-01
-3.652717823986119661e-01
-3.542554811297478623e-01
-3.433111550931958744e-01
-3.324662538411833901e-01
-3.217389775875389435e-01
-3.111416810620047380e-01
-3.006833772163708951e-01
-2.903666807646183567e-01
-2.801891043598248587e-01
-2.701436094797488585e-01
-2.602189706724836737e-01
-2.504005953884935742e-01
-2.406724398476211835e-01
-2.310150006200491768e-01
-2.214061978873536340e-01
-2.118254554148965296e-01
-2.022518595717768541e-01
-1.926669437022203724e-01
-1.830525802973659022e-01
-1.733930561603662934e-01
-1.636757107271984979e-01
-1.538911011728034683e-01
-1.440333758819971888e-01
-1.341007251634067365e-01
-1.240930115855033572e-01
-1.140143714647858797e-01
-1.038721439531645752e-01
-9.367884714760085774e-02
-8.345014511378787136e-02
-7.320646186439085101e-02
-6.297213278669262781e-02
-5.277543752914217595e-02
-4.264807243687123578e-02
-3.262340208404176933e-02
-2.273602201841820603e-02
-1.302137673290734536e-02
-3.517331497197971873e-03
5.737912621484242935e-03
1.470619680764716393e-02
2.335128239767302050e-02
3.163934605789929522e-02
3.953823204474166131e-02
4.701694855461787531e-02
5.404880818560065664e-02
6.061006503929633471e-02
6.668110925907624886e-02
7.224682509580877821e-02
7.729879410855070021e-02
8.182946463071051613e-02
8.583680257949358183e-02
8.932481814276239940e-02
9.229948012231588284e-02
9.477302668551232379e-02
9.675949207235598482e-02
9.827700137129199986e-02
9.934585099041665091e-02
9.998714650075692101e-02
1.002273245583404776e-01
1.000928485542766644e-01
9.961231966884426248e-02
9.881381961613429354e-02
9.772713829592362400e-02
9.638330855673156450e-02
9.481150396802055791e-02
9.304056996322430939e-02
9.109592880713021645e-02
8.900208378624457906e-02
8.678040840749239038e-02
8.444986981874168241e-02
8.202841038722569200e-02
7.953190903043631799e-02
7.697205447137475676e-02
7.435797282711463507e-02
7.169740051464700004e-02
6.899682312974012022e-02
6.625951497050712458e-02
6.348439189641472136e-02
6.066788658508246584e-02
5.780623267002307081e-02
5.489140415073513052e-02
5.191506884450618892e-02
4.886885106844659349e-02
4.574400183437002387e-02
4.253010204251012755e-02
3.921804618381402596e-02
3.579913500253123493e-02
3.226511879208512901e-02
2.861080519244520518e-02
2.483318693862688123e-02
2.093130352063704569e-02
1.690691738016322082e-02
1.276334678945185465e-02
8.507838240595057971e-03
4.147576262888140117e-03
-3.025525687604625411e-04
-4.828039996572042886e-03
-9.412511809869961166e-03
-1.403506285177170791e-02
-1.867361691888040631e-02
-2.330577383150994955e-02
-2.790577474828642712e-02
-3.244870219042296500e-02
-3.690867568087454614e-02
-4.125942492750233476e-02
-4.547372485916866686e-02
-4.952753390234445469e-02
-5.339678435944294338e-02
-5.705924795990052756e-02
-6.049289052550083784e-02
-6.367811626890636234e-02
-6.659587326334447110e-02
-6.923183722336664903e-02
-7.157392310435807536e-02
-7.361336498122107719e-02
-7.534275064515173759e-02
-7.675934504363648991e-02
-7.786003687786852145e-02
-7.864555615260468424e-02
-7.911689221326081989e-02
-7.927920788700441868e-02
-7.913941200473889603e-02
-7.870872889799586380e-02
-7.799989445455934867e-02
-7.702733822900349747e-02
-7.580692612644386597e-02
-7.435415250051076452e-02
-7.268674663265262126e-02
-7.081993426321653295e-02
-6.877079193394511347e-02
-6.655658584069092110e-02
-6.419292942879797903e-02
-6.169466177373502530e-02
-5.907690462080177063e-02
-5.635187154010940641e-02
-5.352979559362489731e-02
-5.061829238778225298e-02
-4.762370769949792609e-02
-4.455031451679011129e-02
-4.140096390102049329e-02
-3.817573980735257388e-02
-3.487263594730526800e-02
-3.148868189157735809e-02
-2.801911707960392031e-02
-2.445485825306548816e-02
-2.079014418969276148e-02
-1.701570245017181710e-02
-1.312247507563119378e-02
-9.096624646318399177e-03
-4.926587696977910782e-03
-6.017746174063204204e-04
3.888744374345370642e-03
8.553399693641361087e-03
1.340083165523887031e-02
1.843996988432465567e-02
2.367504579498157583e-02
2.911131564291031051e-02
3.475205633238547670e-02
4.059769197107186700e-02
4.664623326068371989e-02
5.289361201242137600e-02
5.933311440393693875e-02
6.595648227420281007e-02
7.275079225426624163e-02
7.970273113855103064e-02
8.679727718884044929e-02
9.401681033369799212e-02
1.013407918063051610e-01
1.087482910256590274e-01
1.162176327521683011e-01
1.237241543004872213e-01
1.312420739834764261e-01
1.387449856893780697e-01
1.462077729524403902e-01
1.536039461124811822e-01
1.609077944118201542e-01
1.680973188077433678e-01
1.751517831050918572e-01
1.820499567580424749e-01
1.887731328717063561e-01
1.953028344711068565e-01
2.016234002016356330e-01
2.077194225959186902e-01
2.135785965241221163e-01
2.191896685689422863e-01
2.245431408673384532e-01
2.296290235268275692e-01
2.344397387591657389e-01
2.389677139657381821e-01
2.432061082171259325e-01
2.471497802175635083e-01
2.507942701917459383e-01
2.541332110312898851e-01
2.571608085908483332e-01
2.598722743076210540e-01
2.622640632468651867e-01
2.643316768100672509e-01
2.660694324948991163e-01
2.674726634972202644e-01
2.685349155380727382e-01
2.692500235795961538e-01
2.696111135804924452e-01
2.696124288821997173e-01
2.692476503685840572e-01
2.685088220849554119e-01
2.673895883621221770e-01
2.658833839629368145e-01
2.639820255316505104e-01
2.616776908105923893e-01
2.589638479917733549e-01
2.558344956023539951e-01
2.522836336989485728e-01
2.483074976102105091e-01
2.439007889292659770e-01
2.390579091395629296e-01
2.337749712584117068e-01
2.280495451260321771e-01
2.218815986341781954e-01
2.152717475191814889e-01
2.082226127797258131e-01
2.007390036971571090e-01
1.928297076159010137e-01
1.845025726266238120e-01
1.757710541553220984e-01
1.666493324723943570e-01
1.571564324426600601e-01
1.473101112058985973e-01
1.371322534153276984e-01
1.266444043899737082e-01
1.158733945548693217e-01
1.048466124278564782e-01
9.359397532627328209e-02
8.214564917312396075e-02
7.053445816708833749e-02
5.879138022557484078e-02
4.694902372494355602e-02
3.503909779885994863e-02
2.309509022881907694e-02
1.114999700242066960e-02
-7.624573291166869419e-04
-1.261106363498114454e-02
-2.436559607991167081e-02
-3.599721823727645292e-02
-4.747956263948354544e-02
-5.878808146502025739e-02
-6.989865060804434371e-02
-8.078985737330042494e-02
-9.144226537072354388e-02
-1.018391550071254398e-01
-1.119638387532733981e-01
-1.218040030609232466e-01
-1.313471665967478885e-01
-1.405858912430584806e-01
-1.495143111472617137e-01
-1.581285408692551797e-01
-1.664260297887073803e-01
-1.744054061749993889e-01
-1.820670759467727939e-01
-1.894138083524789795e-01
-1.964493473174952765e-01
-2.031789668686162231e-01
-2.096059256684981997e-01
-2.157337399511919107e-01
-2.215651928188327457e-01
-2.271039269249278958e-01
-2.323545800757432500e-01
-2.373221154186497261e-01
-2.420096141835448023e-01
-2.464217903697630552e-01
-2.505612592914055470e-01
-2.544285948706428435e-01
-2.580258501858340159e-01
-2.613531973599315661e-01
-2.644100723146144971e-01
-2.671961574952104734e-01
-2.697082466898875763e-01
-2.719422376926514673e-01
-2.738963260488752605e-01
-2.755661063849313419e-01
-2.769481602095881234e-01
-2.780367586934607282e-01
-2.788271046525815922e-01
-2.793110053530796777e-01
-2.794832358351116985e-01
-2.793385630087135141e-01
-2.788725961599469172e-01
-2.780797730953225022e-01
-2.769546666948655145e-01
-2.754937459296950553e-01
-2.736945273286845448e-01
-2.715553130042171470e-01
-2.690749682330332848e-01
-2.662539672907321964e-01
-2.630937707880694476e-01
-2.595971620604607399e-01
-2.557680072474751154e-01
-2.516152690715052209e-01
-2.471483606753925033e-01
-2.423774715888716846e-01
-2.373138975942353790e-01
-2.319715684858534577e-01
-2.263636709105764089e-01
-2.205049053860932418e-01
-2.144108169944691222e-01
-2.080984335830999565e-01
-2.015862813079560834e-01
-1.948934267646601770e-01
-1.880420263686340965e-01
-1.810528776185962585e-01
-1.739471124622719023e-01
-1.667462787001290081e-01
-1.594705281313706646e-01
-1.521402747612898287e-01
-1.447745647183041051e-01
-1.373911201457644338e-01
-1.300068846820343627e-01
-1.226388751336991156e-01
-1.153038076790870031e-01
-1.080182247260676603e-01
-1.007972757993558371e-01
-9.365257133266063905e-02
-8.659455382056049921e-02
-7.963173781247975813e-02
-7.277195469888862733e-02
-6.602208637354016474e-02
-5.938901308028484566e-02
-5.287677074689305784e-02
-4.648743029583062708e-02
-4.022066546507060969e-02
-3.407528394798177429e-02
-2.804835372993588760e-02
-2.213701496688022519e-02
-1.633824964021890480e-02
-1.064746570295479165e-02
-5.059587644334324549e-03
4.323693075941791248e-04
5.835612114475832897e-03
1.115834035394583715e-02
1.640567674371584336e-02
2.158368365493064378e-02
2.669961178907932775e-02
3.175644630122488599e-02
3.675962131221841706e-02
4.171261017017344197e-02
4.661843058868865575e-02
5.147808872968165361e-02
5.628992290213909871e-02
6.105282185110379872e-02
6.576329100332937994e-02
7.041677871137359823e-02
7.500483496013146678e-02
7.951778055154923308e-02
8.394299420779784138e-02
8.826640151742437546e-02
9.247466805167567361e-02
9.655107291704484451e-02
1.004776456443726429e-01
1.042372855575462581e-01
1.078146127896522088e-01
1.111926941336996710e-01
1.143563869989863979e-01
1.172898090548658845e-01
1.199780894093674527e-01
1.224105700927002327e-01
1.245748443090509278e-01
1.264616754034009749e-01
1.280631213992684259e-01
1.293741545125133008e-01
1.303922290339458445e-01
1.311165601249636714e-01
1.315484229841178132e-01
1.316917413601117470e-01
1.315517305538876636e-01
1.311369460182587876e-01
1.304581062074265385e-01
1.295273414424160108e-01
1.283582721734875254e-01
1.269671648752594417e-01
1.253715605838521818e-01
1.235907370300678570e-01
1.216427561047942058e-01
1.195464003940483882e-01
1.173216988463447186e-01
1.149892411755315258e-01
1.125684303182739321e-01
1.100807821249443624e-01
1.075457844206753194e-01
1.049852549748906821e-01
1.024174819999528196e-01
9.986128550350771571e-02
9.733491406265086521e-02
9.485494969138263954e-02
9.243803551815411856e-02
9.009800948394847131e-02
8.784899861031192358e-02
8.570343980429934172e-02
8.367262703031613791e-02
8.176747480934636048e-02
7.999720478087125886e-02
7.837060198503446873e-02
7.689614476382303221e-02
7.558138603702860281e-02
7.443254465111531770e-02
7.345324106546384513e-02
7.264669538314404151e-02
7.201509670197714374e-02
7.156105892084045628e-02
7.128728847885994202e-02
