3.318476273042123958e-04
3.310227449292321667e-04
3.292513241442825101e-04
3.265432381315921842e-04
3.229108409981060993e-04
3.183701011156838626e-04
3.129397050600339907e-04
3.066408023823524601e-04
2.994960068754069348e-04
2.915298619901615478e-04
2.827708732498312831e-04
2.732490530077923141e-04
2.629951555733251356e-04
2.520419202669938971e-04
2.404250093985385638e-04
2.281807982356299396e-04
2.153471629904367499e-04
2.019635329791215480e-04
1.880723204971216647e-04
1.737160180006983457e-04
1.589395892491757972e-04
1.437874874580232572e-04
1.283059965927578071e-04
1.125412383075862215e-04
9.653971490610316656e-05
8.034987875830840198e-05
6.402021665973483102e-05
4.759776989214051669e-05
3.113130357685356679e-05
1.466851607656021543e-05
-1.742966552307798097e-06
-1.805531643049623536e-05
-3.422177405953639453e-05
-5.019563064052270267e-05
-6.593259170356874246e-05
-8.138845553245294595e-05
-9.651981594796116292e-05
-1.112849024930896876e-04
-1.256427873692363530e-04
-1.395547400757277102e-04
-1.529841213772291202e-04
-1.658947710821029071e-04
-1.782521023339807265e-04
-1.900228491117353282e-04
-2.011760954954108544e-04
-2.116835580129631741e-04
-2.215187719667330258e-04
-2.306565016556650423e-04
-2.390744041241407627e-04
-2.467531378953803363e-04
-2.536753584312535087e-04
-2.598250689249947671e-04
-2.651893077549922649e-04
-2.697573175199807121e-04
-2.735212159694948774e-04
-2.764745612931710905e-04
-2.786126752417682835e-04
-2.799353081863254541e-04
-2.804432720113260186e-04
-2.801397385165732491e-04
-2.790307883261998272e-04
-2.771242083677468966e-04
-2.744330711103069127e-04
-2.709691171615901360e-04
-2.667468727550707927e-04
-2.617834442894140397e-04
-2.560989395917643240e-04
-2.497125793812125186e-04
-2.426471112223831062e-04
-2.349268742536183587e-04
-2.265784959451924772e-04
-2.176307142217962767e-04
-2.081124729772683424e-04
-1.980552011816360614e-04
-1.874909866342831799e-04
-1.764543139933508393e-04
-1.649796729747648029e-04
-1.531031545182652087e-04
-1.408613824213421979e-04
-1.282920090274722216e-04
-1.154338635926673387e-04
-1.023260700705464068e-04
-8.900713924281772576e-05
-7.551747615324674336e-05
-6.189608028372181429e-05
-4.818340102489706938e-05
-3.441909782655203174e-05
-2.064336250374646772e-05
-6.895241795475901816e-06
6.785379876894067551e-06
2.035936034042202397e-05
3.378761890037624042e-05
4.703195219360189756e-05
6.005432676168505682e-05
7.281792755641628193e-05
8.528894033926726851e-05
9.743397267095538986e-05
1.092198982814030498e-04
1.206165904011647505e-04
1.315943929583833494e-04
1.421248521495634880e-04
1.521808903647687530e-04
1.617362251612191487e-04
1.707692362411918421e-04
1.792577654088075103e-04
1.871808994803283348e-04
1.945207372528636044e-04
2.012601287381192395e-04
2.073860919735677553e-04
2.128854318253199738e-04
2.177470181324464051e-04
2.219612498189998896e-04
2.255203074710583210e-04
2.284193905588298478e-04
2.306556211838503903e-04
2.322275910841674763e-04
2.331354588366653412e-04
2.333810969413284528e-04
2.329682400250293486e-04
2.319038047443810699e-04
2.301958874515393802e-04
2.278543409898408463e-04
2.248910039516600564e-04
2.213188197618079934e-04
2.171522900156514651e-04
2.124076062773720165e-04
2.071022345916147939e-04
2.012539992754319653e-04
1.948827056319773099e-04
1.880117136838990331e-04
1.806639528477143469e-04
1.728647575102848900e-04
1.646396951641314799e-04
1.560144212049344571e-04
1.470157364558283828e-04
1.376719433332115297e-04
1.280106823926649331e-04
1.180617499473132141e-04
1.078540779589388389e-04
9.741894567365084567e-05
8.678718335141026130e-05
7.599000320057196472e-05
6.505758863196471490e-05
5.402054631557602404e-05
4.291123986786487225e-05
3.176153611394549707e-05
2.060266540779853999e-05
9.464917652800717906e-06
-1.620508452702773647e-06
-1.262244150590620471e-05
-2.351089878844644303e-05
-3.425737284062116373e-05
-4.483214236955054306e-05
-5.520661743944324171e-05
-6.535364227443416743e-05
-7.524751472378421794e-05
-8.486347310216579138e-05
-9.417646496614993381e-05
-1.031642381246979556e-04
-1.118049772586520558e-04
-1.200765616746679240e-04
-1.279582649045638986e-04
-1.354307753726137671e-04
-1.424759959828742254e-04
-1.490774123324333433e-04
-1.552207153943325265e-04
-1.608928602925505666e-04
-1.660827269684326494e-04
-1.707794751901546126e-04
-1.749727491317742641e-04
-1.786562144023470507e-04
-1.818216862918040728e-04
-1.844638296431528419e-04
-1.865795937496126039e-04
-1.881663700580852227e-04
-1.892239075541875368e-04
-1.897534519702885039e-04
-1.897568347263645983e-04
-1.892378038018844590e-04
-1.882020951438256504e-04
-1.866579663761829997e-04
-1.846138074387588960e-04
-1.820781895043053014e-04
-1.790633489922246351e-04
-1.755810104160341223e-04
-1.716444480487156268e-04
-1.672681892501843019e-04
-1.624680657501406601e-04
-1.572602894145787506e-04
-1.516622898654409481e-04
-1.456926848953156190e-04
-1.393687040357876879e-04
-1.327108430114114321e-04
-1.257398896670884907e-04
-1.184784016559010163e-04
-1.109491723646998355e-04
-1.031753328175455370e-04
-9.518019311472011770e-05
-8.698716007412647915e-05
-7.862005160217818106e-05
-7.010287125302553627e-05
-6.145897304675039963e-05
-5.271367408966896645e-05
-4.389199371822506040e-05
-3.501862863105898040e-05
-2.611786204413166896e-05
-1.721283642202677043e-05
-8.327574827908871391e-06
5.141319739624747721e-07
9.288782487920439795e-06
1.797213792908409862e-05
2.654059716119433712e-05
3.497156078898058839e-05
4.324319624196203105e-05
5.133424799685772988e-05
5.922164361868105032e-05
6.688639995780246909e-05
7.430911236772720684e-05
8.147066882242660446e-05
8.835291767004610974e-05
9.493811934853545382e-05
1.012105090332822291e-04
1.071550235416946623e-04
1.127577434982673384e-04
1.180066341766616459e-04
1.228892688679014081e-04
1.273940922146147626e-04
1.315113412811870757e-04
1.352315340655113856e-04
1.385484365335887388e-04
1.414566525439683593e-04
1.439504598965619161e-04
1.460251903176248988e-04
1.476795878750029704e-04
1.489111245721701769e-04
1.497183576316844312e-04
1.501029323365083920e-04
1.500680189775222993e-04
1.496156651031605583e-04
1.487507113066646757e-04
1.474782565775565506e-04
1.458049191473904168e-04
1.437393747323332854e-04
1.412904045165746668e-04
1.384676970666776010e-04
1.352835143342674088e-04
1.317495776748966486e-04
1.278780366534621913e-04
1.236812180382843105e-04
1.191730903629929322e-04
1.143691446243223536e-04
1.092858752364090318e-04
1.039400502667288737e-04
9.834880180765870751e-05
9.252890605449294050e-05
8.649898989726960701e-05
8.027853976176839554e-05
7.388654774600774777e-05
6.734233941585095488e-05
6.066658630140018887e-05
5.387928469351492783e-05
4.699955130214942796e-05
4.004854704875088954e-05
3.304684220168688463e-05
2.601573849530200048e-05
1.897470754600101119e-05
1.194272839430576990e-05
4.939928609793543492e-06
-2.014699303895309664e-06
-8.902100420701568705e-06
-1.570349563771850483e-05
-2.240102940912417818e-05
-2.897700800670644004e-05
-3.541437009416754846e-05
-4.169584740793555672e-05
-4.780565142442051664e-05
-5.372790414777594496e-05
-5.944725391243824354e-05
-6.494856723453126639e-05
-7.021791227050948239e-05
-7.524305094594368267e-05
-8.001265381842799268e-05
-8.451687515888503294e-05
-8.874521765880714766e-05
-9.268851876240472801e-05
-9.633957370430609431e-05
-9.969009840500082540e-05
-1.027334558079209554e-04
-1.054634089291958877e-04
-1.078743313309579407e-04
-1.099624389590473760e-04
-1.117250503566850000e-04
-1.131606915560454552e-04
-1.142689410493290763e-04
-1.150491579665065907e-04
-1.155025373094339719e-04
-1.156310113032253824e-04
-1.154374940548049061e-04
-1.149257135841217931e-04
-1.140996578710450678e-04
-1.129650057912245286e-04
-1.115276784494648394e-04
-1.097945851673331271e-04
-1.077725854694333617e-04
-1.054711363430158098e-04
-1.029003844045854002e-04
-1.000693328210261305e-04
-9.698719577502384903e-05
-9.366625421163623242e-05
-9.011840985097843921e-05
-8.635654108689767025e-05
-8.239356185413588434e-05
-7.824216292304160851e-05
-7.391539367963651061e-05
-6.942872040307862189e-05
-6.479519895579546114e-05
-6.002847068561850761e-05
-5.514325563677316048e-05
-5.015409663833552550e-05
-4.507513979344227533e-05
-3.991976203806204849e-05
-3.470259031764097516e-05
-2.943961882691560752e-05
-2.414504757773252528e-05
-1.883602683729436385e-05
-1.352705567831510218e-05
-8.233873843984542117e-06
-2.969739173711837416e-06
2.250213896732124115e-06
7.411968037045834994e-06
1.250175285078839302e-05
1.750620831219870956e-05
2.241178419935912190e-05
2.720698910486180012e-05
3.188087971468086190e-05
3.642130861488115722e-05
4.081801642813376367e-05
4.506033506707276669e-05
4.913940000229879914e-05
5.304643504182970221e-05
5.677336455900061575e-05
6.031145057649859621e-05
6.365364574576756274e-05
6.679268649864545347e-05
6.972206060790665414e-05
7.243528032397896161e-05
7.492665167467592660e-05
7.719230161543892568e-05
7.922831157932170459e-05
8.103142634383213630e-05
8.259907016747712084e-05
8.392987091473456496e-05
8.502279182658891658e-05
8.587744376158232187e-05
8.649400401895651592e-05
8.687328589925734585e-05
8.701727244463564222e-05
8.692871595158408848e-05
8.661083917145258153e-05
8.606715664556143213e-05
8.530140955091567107e-05
8.431898485230386370e-05
8.312531022900254945e-05
8.172537502043841729e-05
8.012632965171063082e-05
7.833583579701735807e-05
7.636015130206368594e-05
7.420672198198353031e-05
7.188303867975113658e-05
6.939834166570737920e-05
6.676143659274755716e-05
6.398191959864808092e-05
6.106942299524162441e-05
5.803386958203326395e-05
5.488534211000119684e-05
5.163497221446540784e-05
4.829283080020344487e-05
4.486925057506566789e-05
4.137438374071479639e-05
3.781728839783821084e-05
3.420897684222114785e-05
3.055954720076523278e-05
2.687947902257379560e-05
2.317905969520396271e-05
1.946796268497688262e-05
1.575515115063939254e-05
1.205108677913487318e-05
8.365014568845518313e-06
4.706021897962632240e-06
1.083097830827531516e-06
-2.495432169663075158e-06
-6.021056133659873235e-06
-9.485200462919062540e-06
-1.287996759433210076e-05
-1.619779368281669806e-05
-1.943109482495056922e-05
-2.257345582704751676e-05
-2.561916585751692599e-05
-2.856222287468671890e-05
-3.139597406961301430e-05
-3.411414999793072831e-05
-3.671289671680222236e-05
-3.918726157608350260e-05
-4.153317717862672041e-05
-4.374800402596826785e-05
-4.582788135082729446e-05
-4.777024936150235180e-05
-4.957220517770540474e-05
-5.123252982241398258e-05
-5.275043760013517274e-05
-5.412511603209198957e-05
-5.535459869152605471e-05
-5.643844683839521433e-05
-5.737578383565784427e-05
-5.816766385176587689e-05
-5.881539671691522389e-05
-5.931930925251485101e-05
-5.968158945930719813e-05
-5.990504249478461772e-05
-5.999097895366550001e-05
-5.994137423215190074e-05
-5.975885944591639127e-05
-5.944689210000266108e-05
-5.900851438974793399e-05
-5.844786236905120746e-05
-5.776882280996892857e-05
-5.697688371044075308e-05
-5.607649957631341932e-05
-5.507278454464737761e-05
-5.396942240049856896e-05
-5.277047035547694306e-05
-5.148090092139963840e-05
-5.010603514933317586e-05
-4.865173786510742582e-05
-4.712212860317991779e-05
-4.552316317685019666e-05
-4.385888425688671302e-05
-4.213510786267188763e-05
-4.035721136789761085e-05
-3.853087520914780218e-05
-3.666151178952388044e-05
-3.475492970632814468e-05
-3.281756434969095612e-05
-3.085544156408058313e-05
-2.887459858908482562e-05
-2.687843183171107820e-05
-2.487150541761597197e-05
-2.285873217035484900e-05
-2.084489039063131078e-05
-1.883418462420160755e-05
-1.683112256279735615e-05
-1.483958650804051015e-05
-1.286305662489101674e-05
-1.090536406333350439e-05
-8.969989883450285600e-06
-7.060171782022568447e-06
-5.179116544103072025e-06
-3.328857085237503464e-06
-1.510725626831647644e-06
2.724100292442360093e-07
2.018989200039368674e-06
3.727339867359151886e-06
5.396083762002097317e-06
7.022641362854446406e-06
8.605092395180693768e-06
1.014203201989219235e-05
1.163213417038840193e-05
1.307422737362501141e-05
1.446633466319787192e-05
1.580746353869313335e-05
1.709791833407709952e-05
1.833768071218610935e-05
1.952699506711804800e-05
2.066418479204079414e-05
2.174870718670871781e-05
2.278107714914671489e-05
2.376206497674766317e-05
2.469378097406507629e-05
2.557731701232623662e-05
2.641227766296996539e-05
2.719766347641830017e-05
2.793454472922095945e-05
2.862526439521359279e-05
2.927093825870089611e-05
2.987283009721043253e-05
3.043251632793829995e-05
3.095075931947325817e-05
3.142865159514180026e-05
3.186617616932493305e-05
3.226452043944121875e-05
3.262453073713854151e-05
3.294700169481441565e-05
3.323151173132981060e-05
3.347992789509532288e-05
3.369370805348351108e-05
3.387287316565667128e-05
3.401794797380056925e-05
3.412973420468254967e-05
3.420909671616191155e-05
3.425646440419406096e-05
