7.778111078612387908e-05
7.742134339477077867e-05
7.648229455651876080e-05
7.497678558775197686e-05
7.292176758541929992e-05
7.033804949568020840e-05
6.725064603499512081e-05
6.368727783314977197e-05
5.967923265298860576e-05
5.526092198463080903e-05
5.046958159131948411e-05
4.534517893104561938e-05
3.992949054931642166e-05
3.426667456771649822e-05
2.840176169325688685e-05
2.238104686466060126e-05
1.625136956416790065e-05
1.005998157324445646e-05
3.854624150902162141e-06
-2.317338395679801828e-06
-8.409713343429629450e-06
-1.437694386239404610e-05
-2.017471932619725042e-05
-2.576136248511564004e-05
-3.109684533019052571e-05
-3.614317649940813627e-05
-4.086567942218623207e-05
-4.523244738994100853e-05
-4.921416670571906695e-05
-5.278463048294855205e-05
-5.592166469244773196e-05
-5.860608164928531559e-05
-6.082221540194922201e-05
-6.255806399941872683e-05
-6.380517675155140012e-05
-6.455903774994005851e-05
-6.481920110043146372e-05
-6.458847758955476247e-05
-6.387356909437758295e-05
-6.268473394702439724e-05
-6.103587514529912491e-05
-5.894333266819382886e-05
-5.642697637759648788e-05
-5.350998741324647568e-05
-5.021855711349560103e-05
-4.658136050445112718e-05
-4.262868998581977395e-05
-3.839317610281573699e-05
-3.390918556596073330e-05
-2.921292983108901784e-05
-2.434187334475245633e-05
-1.933512774443351783e-05
-1.423083570744662376e-05
-9.068359374508969055e-06
-3.887065056851567006e-06
1.274055492532223961e-06
6.376857832120624497e-06
1.138398479079410426e-05
1.625896973589258861e-05
2.096633165798265168e-05
2.547248556080740513e-05
2.974573419912529792e-05
3.375640449437695810e-05
3.747721431378109801e-05
4.088301960522263204e-05
4.395162146806467926e-05
4.666254874043125606e-05
4.899906701058198217e-05
5.094673371785794427e-05
5.249564582500576305e-05
5.363820888818574424e-05
5.436978109586879880e-05
5.468892702286562527e-05
5.459756587897011932e-05
5.410053589516320642e-05
5.320510840538785955e-05
5.192180291952736010e-05
5.026419042987848891e-05
4.824822184145852931e-05
4.589231394846231352e-05
4.321678217893629295e-05
4.024493524004081661e-05
3.700176203341193094e-05
3.351426845325810206e-05
2.981086238412571348e-05
2.592166693916810890e-05
2.187763268968007669e-05
1.771019484617617905e-05
1.345120180228121370e-05
9.133764054885658450e-06
4.790491001818558230e-06
4.545605574619184833e-07
-3.841038114840574457e-06
-8.064006960549149295e-06
-1.218346371275921425e-05
-1.616935759070155698e-05
-1.999330451875128619e-05
-2.362837386740215343e-05
-2.704953963013712609e-05
-3.023329428244706069e-05
-3.315849464774803089e-05
-3.580583256112635036e-05
-3.815829732396087834e-05
-4.020162273765116970e-05
-4.192359502636766052e-05
-4.331511947708654384e-05
-4.436943604510153736e-05
-4.508174321986723897e-05
-4.544967271873911070e-05
-4.547410491766854581e-05
-4.515863157979564115e-05
-4.450923070465349126e-05
-4.353388760608495675e-05
-4.224317511146469148e-05
-4.065005884019969268e-05
-3.876945981097377542e-05
-3.661817278632038141e-05
-3.421491870832686969e-05
-3.158041524224615887e-05
-2.873654535582102263e-05
-2.570635104831665431e-05
-2.251441241748413396e-05
-1.918623224547513569e-05
-1.574840939462397089e-05
-1.222801069590220953e-05
-8.652602999005268904e-06
-5.049424553963860720e-06
-1.445485919815934372e-06
2.132359668517375272e-06
5.657354133584660881e-06
9.103708336745541812e-06
1.244651097772432464e-05
1.566166665298436670e-05
1.872597880673815314e-05
2.161751437528688780e-05
2.431641406510211015e-05
2.680429116986667289e-05
2.906445689252026886e-05
3.108142547637446557e-05
3.284212338138034341e-05
3.433555721209648697e-05
3.555320507080013393e-05
3.648816439328516530e-05
3.713620337465415173e-05
3.749521582306537153e-05
3.756500461370722679e-05
3.734777836267873360e-05
3.684834520351624098e-05
3.607297705582138429e-05
3.502955386778555154e-05
3.372809386926983288e-05
3.218042289400522838e-05
3.040029524885936473e-05
2.840329204112247149e-05
2.620648943897684811e-05
2.382845316681624282e-05
2.128892768752251404e-05
1.860886486062047603e-05
1.580982757034783543e-05
1.291395012965550628e-05
9.943884213896855430e-06
6.923302112144992023e-06
3.875358642247380093e-06
8.232379333406396712e-07
-2.210592272551047852e-06
-5.202570815760274404e-06
-8.129727555341175095e-06
-1.097029129371952261e-05
-1.370327940672988892e-05
-1.630890011581099543e-05
-1.876861553047802514e-05
-2.106526691538691373e-05
-2.318259231811960026e-05
-2.510564361516691732e-05
-2.682144895718158100e-05
-2.831882117168281577e-05
-2.958843817858322593e-05
-3.062297744103084337e-05
-3.141679089769871066e-05
-3.196634291374098036e-05
-3.226985998424017078e-05
-3.232767012768767242e-05
-3.214239254428098708e-05
-3.171795570411429149e-05
-3.105989175497813763e-05
-3.017559410036085781e-05
-2.907342012076519040e-05
-2.776417977250959278e-05
-2.625986868423664855e-05
-2.457426266049450207e-05
-2.272234778330806961e-05
-2.071968679714383072e-05
-1.858325320698863854e-05
-1.633029406980794125e-05
-1.397957182838679064e-05
-1.154948557308350071e-05
-9.059348868531142649e-06
-6.528352250141298905e-06
-3.976005729602847382e-06
-1.421746909513014497e-06
1.115126191577888394e-06
3.616182662704283114e-06
6.062924857098568238e-06
8.437526428395191529e-06
1.072255840779832521e-05
1.290151550545414590e-05
1.495903967025369861e-05
1.688077373816000330e-05
1.865360575194918662e-05
2.026516915803077662e-05
2.170487583106665854e-05
2.296321178704373346e-05
2.403254861536076461e-05
2.490713430608779377e-05
2.558199998830155685e-05
2.605392308000049423e-05
2.632143014148083526e-05
2.638473952355828312e-05
2.624564230844481815e-05
2.590793480873579530e-05
2.537605721294078110e-05
2.465536972469681520e-05
2.375240852182675127e-05
2.267566306779327385e-05
2.143506277139606978e-05
2.004122809284399328e-05
1.850562822953844203e-05
1.684138633292082751e-05
1.506229965320133813e-05
1.318238851831436130e-05
1.121680960296304831e-05
9.180864446873856407e-06
7.090706028119756048e-06
4.962649334450479390e-06
2.813149271104788474e-06
6.585893311464549397e-07
-1.484217110790200144e-06
-3.598824337015008832e-06
-5.669141407501807334e-06
-7.679661473941085616e-06
-9.614866215825177800e-06
-1.146110390561279819e-05
-1.320523216251508645e-05
-1.483447445414793504e-05
-1.633710267351109766e-05
-1.770202690339877036e-05
-1.891915745432130595e-05
-1.998033012039323244e-05
-2.087893015705326750e-05
-2.160944283000821355e-05
-2.216749320497183082e-05
-2.255017656658159952e-05
-2.275558055169111000e-05
-2.278380826468715949e-05
-2.263600015248191718e-05
-2.231491685836432281e-05
-2.182411536534775077e-05
-2.116827920388460594e-05
-2.035382162300582339e-05
-1.938809401685696719e-05
-1.828004483039779768e-05
-1.703912265081851827e-05
-1.567641592591280465e-05
-1.420345194763100133e-05
-1.263286727694394631e-05
-1.097743775134550258e-05
-9.250255832878603616e-06
-7.465215436757868960e-06
-5.636598805149838607e-06
-3.779037125178394499e-06
-1.906975980018418119e-06
-3.399259802598224890e-08
1.825722580254396507e-06
3.658386884365735966e-06
5.450468983402535876e-06
7.188864342597109458e-06
8.860782007273328631e-06
1.045356010353185958e-05
1.195578747730717326e-05
1.335721392955753298e-05
1.464788688770936590e-05
1.581932796207327925e-05
1.686359210188359664e-05
1.777392988876425685e-05
1.854459217632070940e-05
1.917152601397150230e-05
1.965164605148398986e-05
1.998209393706199604e-05
2.016173846012821007e-05
2.019055308759072929e-05
2.006950047777427177e-05
1.980048753388109805e-05
1.938640870714915227e-05
1.883181484567686764e-05
1.814154722802206995e-05
1.732264767078193961e-05
1.638259260588529240e-05
1.532987030426996743e-05
1.417326923182086490e-05
1.292247561545965397e-05
1.158778754291811781e-05
1.018006820512081561e-05
8.710566087822315247e-06
7.191001788081837337e-06
5.632852429930269195e-06
4.048313489615679419e-06
2.449551364951876130e-06
8.481982176866293410e-07
-7.440545278820160492e-07
-2.315964979923855080e-06
-3.856260344773107266e-06
-5.353657119874639520e-06
-6.797438288521235597e-06
-8.177108749993727512e-06
-9.483074050092950419e-06
-1.070607277508261695e-05
-1.183818540242693573e-05
-1.287178864889825605e-05
-1.380071886388900363e-05
-1.461962762773355268e-05
-1.532383348102922215e-05
-1.590950090245608572e-05
-1.637382984973808419e-05
-1.671467455230298140e-05
-1.693119646317348947e-05
-1.702306161613541792e-05
-1.699073167543249972e-05
-1.683573289778440314e-05
-1.656071102852966779e-05
-1.616834449178248691e-05
-1.566277608606264662e-05
-1.504850219916535442e-05
-1.433116990554429712e-05
-1.351741739009623495e-05
-1.261382000104919341e-05
-1.162788628750550079e-05
-1.056757737447871648e-05
-9.441643692127962159e-06
-8.258577867577288824e-06
-7.027261775335145925e-06
-5.757335210540911380e-06
-4.458552446917836904e-06
-3.140563569287611661e-06
-1.813346994445289743e-06
-4.871992691650480395e-07
8.282812786997233626e-07
2.124098773660197190e-06
3.391064841964286306e-06
4.620184925415225386e-06
5.803051723833054227e-06
6.931360626294163039e-06
7.996972381947225426e-06
8.992537627501321634e-06
9.911576729875501589e-06
1.074801449044436629e-05
1.149686630950994397e-05
1.215351293559371567e-05
1.271429097534394318e-05
1.317605967208322879e-05
1.353635889512309186e-05
1.379376118401919015e-05
1.394783049496819632e-05
1.399855810131510521e-05
1.394646206495225544e-05
1.379350865908883800e-05
1.354178602296136715e-05
1.319405416409118540e-05
1.275431302249668490e-05
1.222634333787010710e-05
1.161550219161824428e-05
1.092657514171564888e-05
1.016556778315768561e-05
9.338392638964824742e-06
8.451270567009283843e-06
7.511600339446578496e-06
6.526293994859653433e-06
5.503112515144278999e-06
4.449355372040740187e-06
3.372821216083696185e-06
2.281177208761919456e-06
1.182211552152964053e-06
8.370630411854101644e-08
-1.006054703167020179e-06
-2.079025921734354089e-06
-3.127364610062850335e-06
-4.144058007386292428e-06
-5.122167306778505065e-06
-6.054761992907933149e-06
-6.935395823851918958e-06
-7.757949144521960602e-06
-8.516951855130589923e-06
-9.207457049199937771e-06
-9.824911112644683784e-06
-1.036518380891143372e-05
-1.082523605050257031e-05
-1.120262871673872082e-05
-1.149518029785746888e-05
-1.170084223381373783e-05
-1.181882009391244609e-05
-1.184886772630963140e-05
-1.179163514531986570e-05
-1.164872800118370895e-05
-1.142198303618876124e-05
-1.111413733269031187e-05
-1.072837122219270641e-05
-1.026818590798052536e-05
-9.737711882214589518e-06
-9.141940339893663369e-06
-8.485547178432258005e-06
-7.773926442242704805e-06
-7.013095447754788446e-06
-6.210050555134130578e-06
-5.371593241415367908e-06
-4.504537651691683846e-06
-3.616089702123597467e-06
-2.712810391569613768e-06
-1.801500402420316814e-06
-8.890787742613654269e-07
1.744825073452736975e-08
9.108818667255446068e-07
1.784856795006964229e-06
2.632556315638283831e-06
3.447638905232511628e-06
4.223715154247993905e-06
4.955531405208378284e-06
5.637942218827758174e-06
6.266271500517901351e-06
6.836388282315464658e-06
7.344664807613953288e-06
7.787880511968081301e-06
8.163073817907168079e-06
8.467901515110962533e-06
8.700636425922143240e-06
8.860044439294209094e-06
8.945624773121641903e-06
8.957841578988989602e-06
8.897449163689480871e-06
8.766307215662593060e-06
8.566474335411647663e-06
8.300591147098552238e-06
7.971536298219467079e-06
7.583393774317362669e-06
7.140680184268741736e-06
6.648417977737708144e-06
6.111839768637249911e-06
5.536311277394984991e-06
4.927165887738952017e-06
4.290193251936147800e-06
3.631148259736197936e-06
2.956148971385171541e-06
2.271255022449189055e-06
1.582300386479208041e-06
8.954242566697971665e-07
2.173306880332221497e-07
-4.459846082393919062e-07
-1.088848039230624353e-06
-1.705989231641368327e-06
-2.292361533154611012e-06
-2.843694957957093236e-06
-3.356193725096268416e-06
-3.826415530527157432e-06
-4.251044868399200869e-06
-4.627433918817747157e-06
-4.952753493352913737e-06
-5.224896594369447688e-06
-5.442621018547575461e-06
-5.604791356390993464e-06
-5.710572336450995524e-06
-5.759593920348494612e-06
-5.752711804624899443e-06
-5.691236600037746780e-06
-5.576489914287892457e-06
-5.410285433347749051e-06
-5.194830142182076590e-06
-4.932174625420427068e-06
-4.625852134991335438e-06
-4.279261411010340302e-06
-3.895672155774806161e-06
-3.479001112405854429e-06
-3.033732683489125885e-06
-2.563994409702443872e-06
-2.074559705144180524e-06
-1.569949097309354755e-06
-1.055245137913328540e-06
-5.353376276696781142e-07
-1.548275463378896972e-08
4.991501787499594014e-07
1.003839730245787515e-06
1.493766930947711385e-06
1.964183119814287542e-06
2.411018792236288163e-06
2.830024805747711656e-06
3.217000505031648009e-06
3.567856962622421110e-06
3.879065915625051841e-06
4.147666189462113405e-06
4.370786748352820920e-06
4.546475616752768414e-06
4.673102512672500958e-06
4.749338674409789349e-06
