5.800352693620901539e-05
5.767733891017438961e-05
5.683964051901724274e-05
5.550442091678065362e-05
5.369005078859740397e-05
5.141894743714689242e-05
4.871695425891301037e-05
4.561393720976151080e-05
4.214311206257835969e-05
3.834042397455197460e-05
3.424481372662532667e-05
2.989705024508319838e-05
2.533953905191727200e-05
2.061668122193633041e-05
1.577376058705369250e-05
1.085668930366062769e-05
5.911010770422279517e-06
9.818181836191167757e-07
-3.886912225696235447e-06
-8.651984158662460070e-06
-1.327177487189995020e-05
-1.770687003177392305e-05
-2.191967255041221718e-05
-2.587505180700563787e-05
-2.954159441015645550e-05
-3.289008563069535662e-05
-3.589506356978710357e-05
-3.853488234965402162e-05
-4.079108494349872362e-05
-4.264968163681388515e-05
-4.410011394377372912e-05
-4.513560025530678440e-05
-4.575345549315752881e-05
-4.595517943802029259e-05
-4.574594592038812313e-05
-4.513456471003966054e-05
-4.413320169319242690e-05
-4.275799290467563761e-05
-4.102813992275357389e-05
-3.896508386377925366e-05
-3.659283931401812546e-05
-3.393830377246060857e-05
-3.103006361544764617e-05
-2.789945490604274126e-05
-2.457868357801741349e-05
-2.110116061344298959e-05
-1.750135543465924126e-05
-1.381398267853910794e-05
-1.007350351151871018e-05
-6.314506409148839060e-06
-2.571205975403146831e-06
1.123334593070233563e-06
4.736863062689941757e-06
8.238800864120090174e-06
1.159991029145172082e-05
1.479307782763528235e-05
1.779360615536875132e-05
2.057882451075483552e-05
2.312850664003836306e-05
2.542534699020651415e-05
2.745481504009531540e-05
2.920494461723482555e-05
3.066664118024331985e-05
3.183355829359690479e-05
3.270186023639731732e-05
3.327129610706964369e-05
3.354407742475411751e-05
3.352497033451972439e-05
3.322102449256283008e-05
3.264159935832124885e-05
3.179817027471695692e-05
3.070457888018777233e-05
2.937616228288430603e-05
2.783040706809080636e-05
2.608624244165070967e-05
2.416369515691790186e-05
2.208364439253719579e-05
1.986784490774948876e-05
1.753863298324644592e-05
1.511890103805107773e-05
1.263149405960227414e-05
1.009934512837270491e-05
7.545392426393021648e-06
4.991882273770580577e-06
2.460328934816258659e-06
-2.900529517935708788e-08
-2.456125051532719354e-06
-4.802770318688401571e-06
-7.051204848997329778e-06
-9.185077760146685940e-06
-1.118925446759601459e-05
-1.305025763968591752e-05
-1.475616326795320780e-05
-1.629719131651218288e-05
-1.766498635327309126e-05
-1.885308073923429913e-05
-1.985635766037353761e-05
-2.067154097144034518e-05
-2.129690356647124147e-05
-2.173257923840810085e-05
-2.198077301176662679e-05
-2.204438678358771659e-05
-2.192777043714262992e-05
-2.163713389127086941e-05
-2.117956115025748822e-05
-2.056361146815736393e-05
-1.979866552829414591e-05
-1.889499829983295887e-05
-1.786348628694768223e-05
-1.671596260972425289e-05
-1.546503015625570217e-05
-1.412356466084157625e-05
-1.270554552649684573e-05
-1.122436218906335765e-05
-9.693656208486819062e-06
-8.127539033204766970e-06
-6.539632207882423334e-06
-4.943075470530890084e-06
-3.350759729682784039e-06
-1.774987534485449871e-06
-2.277243399560427991e-07
1.279692554655279187e-06
2.736697153215839808e-06
4.133356375132590231e-06
5.461143204716703084e-06
6.712136232100745893e-06
7.878908317777436125e-06
8.955339620169269142e-06
9.936408163748099845e-06
1.081762350943682678e-05
1.159525327859439171e-05
1.226677676799275747e-05
1.283014841969441601e-05
1.328451506294033726e-05
1.363016139081195083e-05
1.386812218237143034e-05
1.400002569715686388e-05
1.402810826755320740e-05
1.395528349282929340e-05
1.378495603776011956e-05
1.352123999037013120e-05
1.316832451022497614e-05
1.273102736621207684e-05
1.221456965807669011e-05
1.162457734867166922e-05
1.096685344437694838e-05
1.024756010280190922e-05
9.472925927363539869e-06
8.649638740575793175e-06
7.784515234654913762e-06
6.884318653938151773e-06
5.955738504094740124e-06
5.005175520795285253e-06
4.039397622831201772e-06
3.065115142017380448e-06
2.088551947010242395e-06
1.115961208073349966e-06
1.530055183027133616e-07
-7.949159220748728991e-07
-1.722307421931188354e-06
-2.623922134099226540e-06
-3.494917632934615092e-06
-4.330520209051077164e-06
-5.126605958819686470e-06
-5.879216093915680105e-06
-6.584861782961040944e-06
-7.240093928238079293e-06
-7.841841967559825584e-06
-8.387968200643965947e-06
-8.876523513623728497e-06
-9.305718786165571933e-06
-9.673787480349744914e-06
-9.979442461530024393e-06
-1.022178722920442574e-05
-1.039973810134762631e-05
-1.051269735588138775e-05
-1.056077411596769531e-05
-1.054407106715186936e-05
-1.046333764348603567e-05
-1.031968742232546051e-05
-1.011431083401404042e-05
-9.849009446467600114e-06
-9.525780336446907452e-06
-9.147007105511372095e-06
-8.714656815504215332e-06
-8.231251296875079698e-06
-7.699288854222068040e-06
-7.121778601495266018e-06
-6.501508451570812732e-06
-5.841353009185269606e-06
-5.145019694477388985e-06
-4.416367992607816141e-06
-3.659557426398021220e-06
-2.878761381011077349e-06
-2.078541620567016007e-06
-1.263473292404707420e-06
-4.379287807519248316e-07
3.930264618561710494e-07
1.224421990124857759e-06
2.051136917000780245e-06
2.867535675423444471e-06
3.667993904721214870e-06
4.446632124393668703e-06
5.198198585526222503e-06
5.917611662871529195e-06
6.599549477683818904e-06
7.239108673243619679e-06
7.830970738783201828e-06
8.370273391415435641e-06
8.852373245950083375e-06
9.273231937826786022e-06
9.629571293625152707e-06
9.918115615524524686e-06
1.013644496663368643e-05
1.028240736219163806e-05
1.035438453659560068e-05
1.035108774423430741e-05
1.027178300861297894e-05
1.011638789785326527e-05
9.885729930970539673e-06
9.580757051891529262e-06
9.203385898522573730e-06
8.755944893509252726e-06
8.241462034260339727e-06
7.663233202624233331e-06
7.025112261366357196e-06
6.331356650156292972e-06
5.586797435424337816e-06
4.797237655501075368e-06
3.968257575033269473e-06
3.106039334166845325e-06
2.217087759316840383e-06
1.308266059941345883e-06
3.871012343226641732e-07
-5.391465924322601624e-07
-1.463204678285996918e-06
-2.377413617856900083e-06
-3.274840330641451639e-06
-4.148713014391858371e-06
-4.991921093743366043e-06
-5.798502796059977582e-06
-6.562188120385337876e-06
-7.277163140946069824e-06
-7.937830374150613372e-06
-8.538837422944982038e-06
-9.074861808835901750e-06
-9.541487309393255860e-06
-9.934909589787580876e-06
-1.025178634675895344e-05
-1.048917374470488973e-05
-1.064517005016692790e-05
-1.071837804586271960e-05
-1.070787093287233426e-05
-1.061331502834263539e-05
-1.043531892890558570e-05
-1.017520472360208276e-05
-9.835057597271487079e-06
-9.417627514193000599e-06
-8.926609709520824223e-06
-8.366333376297609048e-06
-7.742095631375998656e-06
-7.059231325149721674e-06
-6.323496968117467070e-06
-5.540813959576692943e-06
-4.717930580207493996e-06
-3.861401842705253719e-06
-2.978373245539959337e-06
-2.075694367267985011e-06
-1.160526529348439429e-06
-2.399737144761269839e-07
6.782824402548814978e-07
1.586798881704424216e-06
2.478388945575573166e-06
3.346039403285342658e-06
4.183019668338409354e-06
4.982707837620943875e-06
5.738815971422220966e-06
6.445892249389202034e-06
7.098137376476760874e-06
7.690898577034712839e-06
8.219660738578309133e-06
8.680250540097824975e-06
9.069755273208543567e-06
9.385209922439436184e-06
9.624389774363710956e-06
9.785448772630961451e-06
9.867266782667484355e-06
9.869354376887897622e-06
9.792101596051670798e-06
9.637128354404361422e-06
9.406436172426755295e-06
9.101736069282473531e-06
8.726054772795593511e-06
8.282780920256038531e-06
7.775718585940611364e-06
7.209536637803377703e-06
6.589816988342963001e-06
5.922223127665182129e-06
5.212559900465819508e-06
4.467106569132497530e-06
3.692027171646003192e-06
2.893628195179384659e-06
2.078117937594086685e-06
1.252039160458299250e-06
4.221100670571831321e-07
-4.054062389119286284e-07
-1.223919073977741450e-06
-2.026718315078968943e-06
-2.807756959151792404e-06
-3.560383691528128918e-06
-4.279389240629851148e-06
-4.959792703297808138e-06
-5.596740827543756297e-06
-6.185732703017424805e-06
-6.722675152684057554e-06
-7.203919220153775886e-06
-7.626234469660120228e-06
-7.986416169990768498e-06
-8.282012682155470904e-06
-8.511190237476017251e-06
-8.672720405123916050e-06
-8.765771816288940130e-06
-8.789917725897545899e-06
-8.745279621529769581e-06
-8.632721027361527736e-06
-8.453781790851931836e-06
-8.210490073176082357e-06
-7.905126475565248304e-06
-7.540289700526463959e-06
-7.119107617040726348e-06
-6.645367335502487607e-06
-6.123111674171054571e-06
-5.556801096425457503e-06
-4.951104836161605506e-06
-4.311079046226824109e-06
-3.641560945923989377e-06
-2.947945507429173156e-06
-2.235300590690274500e-06
-1.508974054540727603e-06
-7.743614236084914035e-07
-3.709463427615926164e-08
6.972335255333616443e-07
1.422580284187454739e-06
2.133663929159601251e-06
2.825296786817448907e-06
3.492300648994530420e-06
4.129904231988925198e-06
4.733291609322211771e-06
5.298160419533284361e-06
5.820118680633656430e-06
6.295224505332717661e-06
6.720732707818721759e-06
7.093762418350680532e-06
7.411443142932402751e-06
7.671519929705500441e-06
7.872213046211298178e-06
8.012620529638749648e-06
8.091817359600538890e-06
8.109393407471965205e-06
8.065123708484491096e-06
7.959117969622288868e-06
7.792455094560936011e-06
7.566216114447858808e-06
7.281859803512564715e-06
6.942028658835074716e-06
6.549624531731529932e-06
6.108326528056877537e-06
5.621657141911460986e-06
5.093173104141401618e-06
4.526828843027914953e-06
3.927076540336331458e-06
3.298570730873235889e-06
2.646062610380705797e-06
1.974499023241661737e-06
1.288308956931718558e-06
5.921878184769857296e-07
-1.086657378637234674e-07
-8.091415742948830295e-07
-1.503924039794764844e-06
-2.187557050477251689e-06
-2.854804000542419860e-06
-3.500605989551288865e-06
-4.120276749375033584e-06
-4.709065801163439535e-06
-5.262513608182981388e-06
-5.776511396493145047e-06
-6.247132528059217895e-06
-6.671512665270325570e-06
-7.047046802506985411e-06
-7.371032800756329061e-06
-7.641398435508908990e-06
-7.856229360336433910e-06
-8.013882870548105232e-06
-8.112957231524527320e-06
-8.152766080593703909e-06
-8.132646923000611482e-06
-8.053017223637618584e-06
-7.914792916128982940e-06
-7.718719971997127207e-06
-7.466584374176069429e-06
-7.159637234107268456e-06
-6.800096124306930263e-06
-6.390782729309712729e-06
-5.934831988661222623e-06
-5.435002015607776481e-06
-4.894678129545029790e-06
-4.317670907696722501e-06
-3.708241232813789432e-06
-3.070832095780060546e-06
-2.410122484007705719e-06
-1.730640541003455254e-06
-1.036916492845103277e-06
-3.338439963316461356e-07
3.733959839012787191e-07
1.079382807494762095e-06
1.779171920898677227e-06
2.467245240862363038e-06
3.138204189559620830e-06
3.787058685250047593e-06
4.408874243820271892e-06
4.999422787405314279e-06
5.553699180051655315e-06
6.067258794607268142e-06
6.536164371685827144e-06
6.956437250940249165e-06
7.324392562902429364e-06
7.636628728454618567e-06
7.890624922136699979e-06
8.083837908697713193e-06
8.214287517075824480e-06
8.280222846755489027e-06
8.280342729839109420e-06
8.214325515420253470e-06
8.082349774103159324e-06
7.885393658250521427e-06
7.624654819094458292e-06
7.302231282073899303e-06
6.920550818453235012e-06
6.482204328911924975e-06
5.990179679879318801e-06
5.448665072796820367e-06
4.861694318949565762e-06
4.233797235408655541e-06
3.569521846370132781e-06
2.873992134262895714e-06
2.152673182533007414e-06
1.411295272565290036e-06
6.562753499806341974e-07
-1.059843655356052883e-07
-8.690742497907392903e-07
-1.626692812293277322e-06
-2.372344119955548230e-06
-3.100002879664031830e-06
-3.803568210199100153e-06
-4.477429336870137689e-06
-5.116292588971108286e-06
-5.715265717330175334e-06
-6.269333445790525195e-06
-6.773789028985368525e-06
-7.224730540412294851e-06
-7.618368625993959058e-06
-7.951710071913887812e-06
-8.221844360628959844e-06
-8.426392147376623787e-06
-8.563447319640207252e-06
-8.631911771892096714e-06
-8.631154878714336401e-06
-8.560407440013879601e-06
-8.419871331184948724e-06
-8.210632535887094820e-06
-7.934108869517393842e-06
-7.592138900935582395e-06
-7.187620201889677162e-06
-6.723535804707437628e-06
-6.203377993816360909e-06
-5.630907795674047812e-06
-5.010470602603791779e-06
-4.346952263017019646e-06
-3.645470211123863021e-06
-2.911580162203467513e-06
-2.151133003225545399e-06
-1.370281056512119221e-06
-5.751307958398399576e-07
2.283539165716670567e-07
1.033827286712536651e-06
1.834503150946076683e-06
2.623695853229498985e-06
3.394802214369984702e-06
4.141102191846907637e-06
4.856097755346189548e-06
5.533707419671668301e-06
6.167778751273495239e-06
6.752936334650304516e-06
7.283387243465229462e-06
7.754317669886637729e-06
8.161165409763296207e-06
8.499904106443368382e-06
8.766720337371493232e-06
8.959229650676647509e-06
9.075559487920408107e-06
