6.323354654654631121e-05
6.300061142034878517e-05
6.243989733981985732e-05
6.155958845355397611e-05
6.037073173754427518e-05
5.888680449264144771e-05
5.712398265629720220e-05
5.510053861224676724e-05
5.283672245736120173e-05
5.035440707443845416e-05
4.767690372576592264e-05
4.482868858729401458e-05
4.183485169190160144e-05
3.872083964309839160e-05
3.551214379304639367e-05
3.223433192747543805e-05
2.891270374726035030e-05
2.557168300128756595e-05
2.223476002149284427e-05
1.892428451310396425e-05
1.566118893931462094e-05
1.246461690902198420e-05
9.352071060000963340e-06
6.339190684078530007e-06
3.439633483966323223e-06
6.649670162642504367e-07
-1.975475487364508445e-06
-4.474500616074682692e-06
-6.826987958626296763e-06
-9.029748916788670802e-06
-1.108164954922365903e-05
-1.298307623967878101e-05
-1.473603973566238301e-05
-1.634425608504161154e-05
-1.781261297734178573e-05
-1.914740695578966571e-05
-2.035547670037285453e-05
-2.144498110288904486e-05
-2.242475819888825993e-05
-2.330372621042727663e-05
-2.409121511786405358e-05
-2.479653781720863941e-05
-2.542875762772066250e-05
-2.599708905012228230e-05
-2.650992357684335687e-05
-2.697491426594839594e-05
-2.739885399243655520e-05
-2.778767639232214342e-05
-2.814647891826395809e-05
-2.847936312349086722e-05
-2.878929115105726831e-05
-2.907811234067548059e-05
-2.934689707306403574e-05
-2.959568009370872933e-05
-2.982347384991766311e-05
-3.002844364348915089e-05
-3.020785312734905294e-05
-3.035852391382532411e-05
-3.047647937296916372e-05
-3.055705069501668531e-05
-3.059527465690615365e-05
-3.058595872543949065e-05
-3.052338330853874416e-05
-3.040204892321609267e-05
-3.021659501495408309e-05
-2.996173749330926375e-05
-2.963269330418984583e-05
-2.922513271667848654e-05
-2.873547406807650057e-05
-2.816099262558742334e-05
-2.749947391280533956e-05
-2.674947969961433819e-05
-2.591062304348860121e-05
-2.498328421456075515e-05
-2.396852802829010007e-05
-2.286854335422446291e-05
-2.168629542336508753e-05
-2.042567495613138937e-05
-1.909165732704900720e-05
-1.768950555878832408e-05
-1.622552508766332671e-05
-1.470647103580266430e-05
-1.313962711728450943e-05
-1.153304826364915314e-05
-9.895262596409190811e-06
-8.235331868152294551e-06
-6.562201572075050318e-06
-4.885162184969280427e-06
-3.213367333063115807e-06
-1.556123676731592449e-06
7.759142511549614809e-08
1.679034115618573675e-06
3.239601176333394606e-06
4.751350516394450126e-06
6.206766367944908545e-06
7.599102737406483370e-06
8.922308698315142104e-06
1.017075628637029160e-05
1.133935666381835182e-05
1.242386690654538396e-05
1.342077827226755173e-05
1.432745508124740355e-05
1.514211602802870039e-05
1.586372757482692154e-05
1.649204757363666757e-05
1.702761955129035497e-05
1.747176650856579620e-05
1.782637560434568275e-05
1.809381982236224677e-05
1.827714151734560007e-05
1.837985639730273138e-05
1.840616492521498097e-05
1.836038131898408266e-05
1.824718700608382921e-05
1.807142103939699850e-05
1.783823065566302740e-05
1.755289733930417450e-05
1.722082486591564455e-05
1.684714647522171866e-05
1.643720878919114521e-05
1.599628940425710049e-05
1.552946231059529306e-05
1.504166974781792886e-05
1.453760253543026133e-05
1.402140471862167357e-05
1.349713898955796580e-05
1.296871557296411172e-05
1.243951147229881224e-05
1.191249740382673537e-05
1.139018569135351311e-05
1.087459838623458991e-05
1.036724556459550581e-05
9.869304762798542655e-06
9.381678220865240429e-06
8.905063287685190362e-06
8.439943444149414827e-06
7.986463914496173125e-06
7.544360788282326867e-06
7.113159636004096721e-06
6.692436244970085922e-06
6.281632629293295126e-06
5.880162101568505325e-06
5.486955191664386305e-06
5.101305062332025604e-06
4.722541469820620418e-06
4.349754235810537215e-06
3.982096885175358676e-06
3.618778776482876188e-06
3.259001502444527757e-06
2.902211686301105569e-06
2.548146635119650689e-06
2.196828552119741342e-06
1.848338764474243115e-06
1.503124141769346965e-06
1.161581680588385569e-06
8.243283918888209573e-07
4.921445487932829286e-07
1.660494709659494556e-07
-1.525632477789863539e-07
-4.623908989734539662e-07
-7.617458089943678588e-07
-1.049014448442120424e-06
-1.322514760278048740e-06
-1.580609393140043595e-06
-1.821778271418954275e-06
-2.044496557268110678e-06
-2.247331284759161372e-06
-2.428913420161226502e-06
-2.588055404113376477e-06
-2.723745980920076619e-06
-2.835073994894991606e-06
-2.921141151410099641e-06
-2.981346471735385384e-06
-3.015447136582126628e-06
-3.023547060573406122e-06
-3.005993509054183172e-06
-2.963453920739686565e-06
-2.896969808256579539e-06
-2.807557990826676935e-06
-2.696766253503042743e-06
-2.566456561821412092e-06
-2.418554267819949739e-06
-2.255386546952162169e-06
-2.079386663999838067e-06
-1.892983992586018768e-06
-1.698804845806282448e-06
-1.499481424489072120e-06
-1.297934766960222602e-06
-1.096966077652143496e-06
-8.991513873352350504e-07
-7.072293170513853841e-07
-5.240608533579205146e-07
-3.525725597531626964e-07
-1.954535444247908194e-07
-5.547368488304184927e-08
6.511523421253173627e-08
1.640816608919791465e-07
2.394189884366171525e-07
2.893307776228439960e-07
3.125248440312435424e-07
3.076620524931427630e-07
2.737995308622043321e-07
2.102981349157123419e-07
1.168221867328211011e-07
-6.866087385458931436e-09
-1.606382786846044417e-07
-3.443975769304785388e-07
-5.575291610368934373e-07
-7.989243870901472171e-07
-1.067116094025385215e-06
-1.360461280898063591e-06
-1.677185201047232682e-06
-2.015308928482415532e-06
-2.372524773528199709e-06
-2.746680846068464059e-06
-3.135294605240367715e-06
-3.535647042475649071e-06
-3.945069348064093202e-06
-4.360857264884384581e-06
-4.780131013779904671e-06
-5.200168729109799351e-06
-5.618101312535417297e-06
-6.031291305200819944e-06
-6.437189552096351872e-06
-6.833398966141778425e-06
-7.217465080563987037e-06
-7.586984020451314829e-06
-7.939676703286254215e-06
-8.273429049955098344e-06
-8.586267002430578830e-06
-8.876580503577471447e-06
-9.142399626635878685e-06
-9.382354292464187555e-06
-9.595055736561181552e-06
-9.779216139857248693e-06
-9.933651690512802380e-06
-1.005720109435701759e-05
-1.014908460607111372e-05
-1.020867264747581289e-05
-1.023550327000229110e-05
-1.022934236699234758e-05
-1.018980794805557793e-05
-1.011685483802611777e-05
-1.001048577354530464e-05
-9.870731997504935104e-06
-9.697645958406888550e-06
-9.491410511139556296e-06
-9.252246663677737829e-06
-8.980598975535095517e-06
-8.676905102118222897e-06
-8.341921886896572200e-06
-7.976312394621592629e-06
-7.580621782433776081e-06
-7.155761895734397582e-06
-6.702910721054050073e-06
-6.222843468802564223e-06
-5.716524380923229654e-06
-5.185215876821083585e-06
-4.630106408084402909e-06
-4.052438516888171544e-06
-3.453547052425461742e-06
-2.834940214779530068e-06
-2.198138499800585654e-06
-1.544710123549657456e-06
-8.759800083497803122e-07
-1.938500288415072759e-07
4.996316409752349320e-07
1.202407301932370281e-06
1.912257281134986382e-06
2.626930724947033086e-06
3.344256806446057838e-06
4.061891413296220235e-06
4.777434251922429931e-06
5.488470250344709718e-06
6.192648100041486196e-06
6.887156549087160252e-06
7.569363796092630958e-06
8.236407992848495576e-06
8.885651540643897800e-06
9.514424695994266144e-06
1.012020761414301134e-05
1.070075228661992820e-05
1.125365176473323859e-05
1.177614073811465604e-05
1.226579751946181205e-05
1.272032174128366708e-05
1.313728625798862806e-05
1.351464573803609277e-05
1.385050070033014654e-05
1.414296578104654045e-05
1.439033992726815177e-05
1.459071038261174296e-05
1.474291157911879350e-05
1.484578889581846027e-05
1.489851345839716196e-05
1.490070070468393710e-05
1.485198881315174958e-05
1.475223283019350876e-05
1.460144571040879301e-05
1.440009113319432663e-05
1.414882813506553330e-05
1.384873228617291127e-05
1.350104457381403403e-05
1.310709933691652223e-05
1.266838927360031434e-05
1.218661391918652736e-05
1.166377412264055593e-05
1.110179923195198331e-05
1.050292206868530118e-05
9.869527044384350059e-06
9.203999513098177601e-06
8.508937278456554025e-06
7.786939077579468069e-06
7.040720347651763476e-06
6.272981162803829158e-06
5.486758137148181429e-06
4.685104044166412431e-06
3.871091213232484580e-06
3.047855343922850837e-06
2.218668826289432247e-06
1.386752028965171013e-06
5.552269742858182558e-07
-2.726976833070660789e-07
-1.093861936623965137e-06
-1.905140613976529699e-06
-2.703617140321653311e-06
-3.486460734890235507e-06
-4.250866702271636638e-06
-4.993937377758939096e-06
-5.713030816067177502e-06
-6.405601953483377896e-06
-7.069321420245146163e-06
-7.702068846752971827e-06
-8.301710733638686070e-06
-8.866228449234052239e-06
-9.394122781312007052e-06
-9.883725812696184801e-06
-1.033373436003750066e-05
-1.074295779207473508e-05
-1.111051213643560760e-05
-1.143554666812590755e-05
-1.171724483781761225e-05
-1.195517471282644927e-05
-1.214874993529527465e-05
-1.229777255649427103e-05
-1.240235341020808319e-05
-1.246276094646135844e-05
-1.247935800410037089e-05
-1.245305443755880970e-05
-1.238467464009536543e-05
-1.227540625354302684e-05
-1.212656667076936053e-05
-1.193977455083917399e-05
-1.171648435831176210e-05
-1.145846645579784028e-05
-1.116736391643037488e-05
-1.084481404771711307e-05
-1.049271560900804058e-05
-1.011300898085841660e-05
-9.707579650570640701e-06
-9.278477370837073581e-06
-8.827976120506462806e-06
-8.358355304187584719e-06
-7.871790116728837015e-06
-7.370614415013779198e-06
-6.857008120443478048e-06
-6.333099893255453186e-06
-5.800942933938464656e-06
-5.262615235851312704e-06
-4.720071635206128480e-06
-4.174920738744306580e-06
-3.629046723456333580e-06
-3.083904085186241497e-06
-2.540881885265863241e-06
-2.001600966528850460e-06
-1.467639705483216488e-06
-9.402413955452188411e-07
-4.206549961177591947e-07
9.029680241492196210e-08
5.915934621175069524e-07
1.082351149949779883e-06
1.561932762946403118e-06
2.029758331359400069e-06
2.485070452944658685e-06
2.927369385961567399e-06
3.355844607478648414e-06
3.770037237729810560e-06
4.169523241210436422e-06
4.553782079077901860e-06
4.922000982902878693e-06
5.273753432596957342e-06
5.608334856482648234e-06
5.925399682850312194e-06
6.224129354597809399e-06
6.503716855441599707e-06
6.763378512345341572e-06
7.002290301547394338e-06
7.219581007877358963e-06
7.414386279742287579e-06
7.585684647679911610e-06
7.732428655223536382e-06
7.853777449346324585e-06
7.949009335593717709e-06
8.017481464399095237e-06
8.058613127784228938e-06
8.071606228135971739e-06
8.055825315137095298e-06
8.010728103361259764e-06
7.935926850673438097e-06
7.831379229993577304e-06
7.697183281860855246e-06
7.533334109166475328e-06
7.339887670602542155e-06
7.117346871298316436e-06
6.866436180255062348e-06
6.588102436472284840e-06
6.283761996997818869e-06
5.955007276343595822e-06
5.603553018115110563e-06
5.231184589809948037e-06
4.839852498553105189e-06
4.431631425872388051e-06
4.008666565943484584e-06
3.573142105765259849e-06
3.127515543024108114e-06
2.674176062138084095e-06
2.215675010853400944e-06
1.754510018642427498e-06
1.293039764869099831e-06
8.334210514088196664e-07
3.777991604777464131e-07
-7.186240117690408569e-08
-5.132698457946249110e-07
-9.446397802876897804e-07
-1.364253327971971580e-06
-1.770619220980288262e-06
-2.162524329396239152e-06
-2.539060475261891843e-06
-2.899407774269534532e-06
-3.242841869519756618e-06
-3.568986114013056877e-06
-3.877408211246437207e-06
-4.167886620532053266e-06
-4.440177350632312280e-06
-4.694197949310432451e-06
-4.929856645434471336e-06
-5.147276465753779179e-06
-5.346615354374852932e-06
-5.527754258493624250e-06
-5.690659800448039209e-06
-5.835422550270831926e-06
-5.962170869151897949e-06
-6.070911953972100990e-06
-6.161563554551685416e-06
-6.233939178979424374e-06
-6.287741062949306288e-06
-6.322619895853190131e-06
-6.338131617288475023e-06
-6.333568365114225073e-06
-6.307931327263445902e-06
-6.260480228526582053e-06
-6.190321540750384417e-06
-6.096528109157195968e-06
-5.978313581028968562e-06
-5.834821377362441545e-06
-5.665261960764112515e-06
-5.469003091596647420e-06
-5.245508017014689852e-06
-4.994213485197150386e-06
-4.714928278785809235e-06
-4.407364182991924097e-06
-4.071789073164690508e-06
-3.708420788816576140e-06
-3.317884403912599536e-06
-2.901122346307828728e-06
-2.459338486241385714e-06
-1.993939798126382221e-06
-1.506764400205881681e-06
-9.999604692138601716e-07
-4.763703966117290248e-07
6.141045564842603657e-08
6.102091737972963642e-07
1.166617806445233322e-06
1.726991172039828440e-06
2.287513511327983126e-06
2.843842398817969602e-06
3.391534125062921066e-06
3.926255022429932432e-06
4.443764708684414487e-06
4.939540787355694262e-06
5.409390254038956576e-06
5.849200546789442239e-06
6.254887117660410193e-06
6.622589576457115103e-06
6.948720587863703713e-06
7.230450736192367614e-06
7.464934371176264747e-06
7.649832919406691532e-06
7.783242754694887357e-06
7.863840579574649090e-06
