1.000000000000000000e+00
9.943764104828770600e-01
9.799342129923963585e-01
9.569145851738150022e-01
9.256342437183953109e-01
8.864796703430862790e-01
8.398964137558536658e-01
7.863993729196278037e-01
7.265611987513520553e-01
6.610015976566031570e-01
5.903919215858547398e-01
5.154350403202775377e-01
4.368620390926422625e-01
3.554384071266924461e-01
2.719448526707922698e-01
1.871729164952429803e-01
1.019077818651110134e-01
1.692687040736158208e-02
-6.701165310121529051e-02
-1.491630701729175779e-01
-2.288097909372985572e-01
-3.052722992387608136e-01
-3.779024088400518289e-01
-4.460944562123341783e-01
-5.093068640919997669e-01
-5.670359608798812845e-01
-6.188427750137279748e-01
-6.643541243971909926e-01
-7.032518037801365196e-01
-7.352946258547183866e-01
-7.603005588310871588e-01
-7.781526855245528562e-01
-7.888047142973936277e-01
-7.922825018651153961e-01
-7.886752467776397824e-01
-7.781348323814455403e-01
-7.608710025810867528e-01
-7.371619479570600264e-01
-7.073387100731892696e-01
-6.717709408710987873e-01
-6.308726597653641077e-01
-5.851075885400072174e-01
-5.349685657834879482e-01
-4.809958355933414142e-01
-4.237446389259829083e-01
-3.637909921693137094e-01
-3.017291595717419561e-01
-2.381576329613786791e-01
-1.736705342521209783e-01
-1.088641802091343952e-01
-4.432844192786589838e-02
1.936666013957482127e-02
8.166508681272843795e-02
1.420396534366080710e-01
1.999862922854508951e-01
2.550375573524068518e-01
3.067676587138875588e-01
3.547857448976674544e-01
3.987431085953545562e-01
4.383413963459281137e-01
4.733300971558075942e-01
5.035029102515399257e-01
5.287030427299672652e-01
5.488210799423756114e-01
5.637908927910899592e-01
5.736081556499257328e-01
5.783109958407381956e-01
5.779815832818190335e-01
5.727414563789986479e-01
5.627519753103936706e-01
5.482109787856155325e-01
5.293571012320679170e-01
5.064547594699121413e-01
4.798054280164388286e-01
4.497354526447982503e-01
4.165901012104418211e-01
3.807293376629372061e-01
3.425282212510922242e-01
3.023718368459739070e-01
2.606548573275295211e-01
2.177711378394991404e-01
1.741160522786784903e-01
1.300850624944113465e-01
8.606170240751982725e-02
4.241688505462906655e-02
-5.000608878707749278e-04
-4.234440871559260605e-02
-8.280134971741255623e-02
-1.215651051142474098e-01
-1.583537802838822228e-01
-1.929064499802176924e-01
-2.249907605452733939e-01
-2.544011381270264160e-01
-2.809689716702136186e-01
-3.045502107604706188e-01
-3.250333511610163928e-01
-3.423301773047545127e-01
-3.563842073633633478e-01
-3.671656654584660173e-01
-3.746768582246577384e-01
-3.789558010143174727e-01
-3.800525234927807361e-01
-3.780420190871893182e-01
-3.730313488534396371e-01
-3.651426433697781415e-01
-3.545234670087004103e-01
-3.413355458551387001e-01
-3.257560237778860390e-01
-3.079724153083578386e-01
-2.881887273528745408e-01
-2.666222378729451448e-01
-2.434949287889744685e-01
-2.190478096352678761e-01
-1.935117187168232111e-01
-1.671218410416264177e-01
-1.401214626507669703e-01
-1.127454234821714391e-01
-8.522025696760085478e-02
-5.776820663625980429e-02
-3.060137250683982527e-02
-3.926042983670440488e-03
2.206232314222299901e-02
4.718156460081467801e-02
7.126043179543828376e-02
9.415191615369780664e-02
1.157194499479765049e-01
1.358349868352399237e-01
1.543930187213986560e-01
1.713069650863806859e-01
1.864994092744361454e-01
1.999060038426041241e-01
2.114832910330346760e-01
2.211960047499305915e-01
2.290294360470588320e-01
2.349884931273592825e-01
2.390910159243123667e-01
2.413650761712090309e-01
2.418492289784551774e-01
2.405937057616686359e-01
2.376572040683061771e-01
2.331106521374206875e-01
2.270262724662795994e-01
2.194871249848888706e-01
2.105832231807214239e-01
2.004115605152100577e-01
1.890721827387849829e-01
1.766713274879292694e-01
1.633163779468385091e-01
1.491226343889135164e-01
1.342076188438704742e-01
1.186879318823038376e-01
1.026789027957684119e-01
8.629088238547745482e-02
6.964055181116211857e-02
5.284359941402055894e-02
3.600732674940931161e-02
1.923954054208909178e-02
2.637865771007087690e-03
-1.370461356512171595e-02
-2.969314993250916565e-02
-4.523728594961057281e-02
-6.025353659577024207e-02
-7.465960154136293270e-02
-8.838438332306608469e-02
-1.013596311200439665e-01
-1.135251963247497914e-01
-1.248216153510901677e-01
-1.351959506907934871e-01
-1.446113476835445832e-01
-1.530342029612428711e-01
-1.604336714972486588e-01
-1.667792975932094746e-01
-1.720488906218615444e-01
-1.762269946178638413e-01
-1.792949265444672979e-01
-1.812423814752336937e-01
-1.820712407295887181e-01
-1.817832746403163224e-01
-1.803914036984919922e-01
-1.779148263462465296e-01
-1.743740659966683260e-01
-1.698001822768350211e-01
-1.642276054510124483e-01
-1.576974295989112262e-01
-1.502435675176856111e-01
-1.419094963988590807e-01
-1.327382878404889666e-01
-1.227818199629074208e-01
-1.120881573067276926e-01
-1.007068590089264665e-01
-8.870184221962514048e-02
-7.613964574024678633e-02
-6.309198112078116816e-02
-4.963079890257492133e-02
-3.583474540872229330e-02
-2.178269769343935125e-02
-7.550037107804653119e-03
6.775906270120656688e-03
2.110944031854217542e-02
3.536227924995966054e-02
4.943726402322217578e-02
6.323742879903135328e-02
7.666140938781146330e-02
8.961866390026740348e-02
1.020215834354277484e-01
1.137784170424990943e-01
1.248046292289265446e-01
1.350085271089726813e-01
1.443062833165451309e-01
1.526178443542877405e-01
1.598735874807281909e-01
1.660169959012240681e-01
1.709915955012916156e-01
1.747556657680751357e-01
1.772721057721196869e-01
1.785130160788863940e-01
1.784561782875410674e-01
1.770889384004123990e-01
1.744098752646376649e-01
1.704332555819001171e-01
1.651754222192080290e-01
1.586694186483565416e-01
1.509553876463209932e-01
1.420855328905105408e-01
1.321166764747268851e-01
1.211152602684388291e-01
1.091546839405020675e-01
9.631823667496242081e-02
8.270596477308991834e-02
6.841407384412107051e-02
5.354914603008189417e-02
3.822332669106732334e-02
2.255493982943740025e-02
6.673753386555087569e-03
-9.295065678078534219e-03
-2.522613288490537301e-02
-4.098739755035114840e-02
-5.645933107210959756e-02
-7.152518533837641523e-02
-8.606237167669768262e-02
-9.996810715384672752e-02
-1.131342948783491398e-01
-1.254607008458180628e-01
-1.368508225867103301e-01
-1.472123830044990977e-01
-1.564536208085455238e-01
-1.644983988626548543e-01
-1.712811291753650322e-01
-1.767441893323769553e-01
-1.808368266336743413e-01
-1.835262545650758192e-01
-1.847883846382402384e-01
-1.846072385330742305e-01
-1.829770634467611234e-01
-1.799083517866442161e-01
-1.754238968053191960e-01
-1.695596477794852619e-01
-1.623630150033858743e-01
-1.538977055539762218e-01
-1.442383561520097779e-01
-1.334762908450478069e-01
-1.217034842193873284e-01
-1.090191804210786652e-01
-9.552546633363100115e-02
-8.133868454923730285e-02
-6.657184565607428273e-02
-5.134814041248746130e-02
-3.578565781958030489e-02
-2.000786142926723465e-02
-4.137226254190451598e-03
1.169381373999621443e-02
2.735693785396102126e-02
4.272824561687860873e-02
5.768682664702858703e-02
7.211664340581912247e-02
8.590353209212285568e-02
9.893908654440346229e-02
1.111293155755554429e-01
1.223742374197888672e-01
1.325936366851103998e-01
1.417096713380568973e-01
1.496503919433066765e-01
1.563655824443788978e-01
1.618041249933142856e-01
1.659276647943908611e-01
1.687043752251958795e-01
1.701149447949826254e-01
1.701509356102085535e-01
1.688190721026465446e-01
1.661472821299825597e-01
1.621700725676861743e-01
1.569169419523809283e-01
1.504400720734156982e-01
1.427978841591004688e-01
1.340559617088832034e-01
1.242947975514017422e-01
1.136106257054040336e-01
1.021010866145831281e-01
8.986625772254291933e-02
7.701439559089780229e-02
6.365177027435611756e-02
4.988710769884273366e-02
3.582744097405584499e-02
2.158556947468494303e-02
7.277317248680591037e-03
-6.989337723510940376e-03
-2.110076987773140678e-02
-3.494129447176391040e-02
-4.840665917160004439e-02
-6.138219311118373045e-02
-7.377808672455776762e-02
-8.550846759288409371e-02
-9.648966404575581857e-02
-1.066440788992082389e-01
-1.159011444265709151e-01
-1.241979514121009515e-01
-1.314788060741079179e-01
-1.376884577859213699e-01
-1.427846394800068586e-01
-1.467357363774867418e-01
-1.495205699243423725e-01
-1.511248070471531979e-01
-1.515410905196248048e-01
-1.507715148278419848e-01
-1.488309674143712402e-01
-1.457459957590029331e-01
-1.415515660315931623e-01
-1.362869965521084636e-01
-1.299970898117817353e-01
-1.227357713069786582e-01
-1.145683320742015288e-01
-1.055644716381663462e-01
-9.580108986366817070e-02
-8.535868588830330950e-02
-7.432442946043699150e-02
-6.278171584167453745e-02
-5.082355613773724412e-02
-3.853732193127856059e-02
-2.601521207840108707e-02
-1.335024720927947654e-02
-6.395237709761185819e-04
1.202053672184733718e-02
2.452575488645676247e-02
3.678507225097117639e-02
4.870905160516613569e-02
6.020841892658156114e-02
7.120091570519326840e-02
8.160351377473615275e-02
9.134203899980225527e-02
1.003407721574326589e-01
1.085317538062136322e-01
1.158676560342620787e-01
1.222988116938516917e-01
1.277757325185301662e-01
1.322595423920077673e-01
1.357195581377143301e-01
1.381402296182928924e-01
1.395056091761409378e-01
1.398086260580411744e-01
1.390454017969344203e-01
1.372178277775341071e-01
1.343445046562583012e-01
1.304440697678438399e-01
1.255416728627724854e-01
1.196828714652087150e-01
1.129176944521780718e-01
1.053095708261788804e-01
9.691922955123115357e-02
8.780798984418240749e-02
7.804402735727467011e-02
6.770409917754212359e-02
5.686845102541661368e-02
4.561899508784675317e-02
3.404101659909700844e-02
2.221087276897096285e-02
1.020951396849127321e-02
-1.873433282483522337e-03
-1.394986851721549334e-02
-2.592814815293468036e-02
-3.771420749781436571e-02
-4.921776573486763562e-02
-6.035160574633982589e-02
-7.103493471882187105e-02
-8.118585282481813326e-02
-9.072747617520873775e-02
-9.958896814750632653e-02
-1.077026322025154553e-01
-1.150190862119040841e-01
-1.214934190166948036e-01
-1.270790448460629996e-01
-1.317402378636862714e-01
-1.354439941036092443e-01
-1.381619927933278036e-01
-1.398700675641151303e-01
-1.405563852963619687e-01
-1.402095243612464237e-01
-1.388366819916683204e-01
-1.364536491864278556e-01
-1.330732867414425313e-01
-1.287263855935459334e-01
-1.234345153180301941e-01
-1.172359075989555660e-01
-1.101792092115045502e-01
-1.023184675509166558e-01
-9.370123340232518194e-02
-8.438587079244487532e-02
-7.443807533368100582e-02
-6.393130605475129402e-02
-5.294216158885119150e-02
-4.155130922742516358e-02
-2.983681566306778388e-02
-1.787678349258797414e-02
-5.755580978701524929e-03
6.437470333690764948e-03
1.860891681090088082e-02
3.067351271337984131e-02
4.253612445973818657e-02
5.410367878165318889e-02
6.529014501850845253e-02
7.601045103117701207e-02
8.619170335803144622e-02
9.574761179883922724e-02
1.046015495105996618e-01
1.126856368385004414e-01
1.199312803614646372e-01
1.262749517103956831e-01
1.316580065355889839e-01
1.360369849718730539e-01
1.393680408018660166e-01
1.416170352211463812e-01
1.427537821253851147e-01
1.427558489494206995e-01
1.416176903251794572e-01
1.393423848689743783e-01
1.359467962512469486e-01
1.314515723755881882e-01
1.258928838948833173e-01
1.193125863891742744e-01
1.117553478436045522e-01
1.032726800642172066e-01
9.393678902990056090e-02
8.381721898215514777e-02
7.299206546637916626e-02
6.153973792483021649e-02
4.954857551030730084e-02
3.711279807002890174e-02
2.433119755144201937e-02
1.131440422066732482e-02
-1.827205536176524769e-03
-1.498312767681399434e-02
-2.804472241976384977e-02
-4.089999772883810142e-02
-5.344507555675615668e-02
-6.557477469227310229e-02
-7.719236352289947367e-02
-8.820657741378197525e-02
-9.853307237016288578e-02
-1.080853833713490975e-01
-1.167823645695723056e-01
-1.245567454606319457e-01
-1.313431963261901536e-01
-1.370901131694802211e-01
-1.417473177048554356e-01
-1.452737892411918585e-01
-1.476366657678953864e-01
-1.488170155822641783e-01
-1.488039664933942241e-01
-1.475842572371232619e-01
-1.451613682120560522e-01
-1.415540221358774498e-01
-1.367866626152431930e-01
-1.308909871857490137e-01
-1.239169509432497401e-01
-1.159159823522771665e-01
-1.069482895520939142e-01
-9.707871388349874342e-02
-8.638217134820432019e-02
-7.494289558974061294e-02
-6.284911286744804260e-02
-5.019660555134101282e-02
-3.708624486906311052e-02
-2.362409889348838707e-02
-9.915445253395641437e-03
3.936897092875155449e-03
1.782352455652424020e-02
3.162744143064993851e-02
4.523338479253134065e-02
5.852751364763581626e-02
7.139397223898469313e-02
8.372073237351268515e-02
9.540294723383832554e-02
1.063345468294829843e-01
1.164228572182693794e-01
1.255680064330456369e-01
1.336870028337184269e-01
1.407011925109099559e-01
1.465411597434647939e-01
1.511411598645188703e-01
1.544600841347080200e-01
1.564656490268515332e-01
