1.000000000000000000e+00
9.963162729449934751e-01
9.874489214970372242e-01
9.735273729782002450e-01
9.547263285810686506e-01
9.312589236046531216e-01
9.033809706410844687e-01
8.713814363027569954e-01
8.355805635299612399e-01
7.963242586333900697e-01
7.539811750187201955e-01
7.089383884912345835e-01
6.615926826294157292e-01
6.123464799589554142e-01
5.616029106782085556e-01
5.097663137358221519e-01
4.572367884818490102e-01
4.044005816195080927e-01
3.516291784318281710e-01
2.992760258856233535e-01
2.476721581286982776e-01
1.971203196684019610e-01
1.478973040538994477e-01
1.002504371538332356e-01
5.439570721269609138e-02
1.051604808809461847e-02
-3.124094084949604819e-02
-7.076150019169011318e-02
-1.079646537554388164e-01
-1.427999758030630006e-01
-1.752495337433974121e-01
-2.053194379999217500e-01
-2.330414873190002345e-01
-2.584744487328506923e-01
-2.816956180724403125e-01
-3.028045713313775589e-01
-3.219094580657302918e-01
-3.391393061767200012e-01
-3.546338838100969171e-01
-3.685342272123447449e-01
-3.809878843365281376e-01
-3.921421329571617709e-01
-4.021403039445607397e-01
-4.111281190117303530e-01
-4.192382844971278000e-01
-4.265918288497723143e-01
-4.332961772477559315e-01
-4.394451665283014008e-01
-4.451194097984886855e-01
-4.503837706228791538e-01
-4.552850934885555589e-01
-4.598526245759604336e-01
-4.641032913037977381e-01
-4.680376431507491386e-01
-4.716400625728711660e-01
-4.748815349362883742e-01
-4.777187865797311583e-01
-4.801015532392820528e-01
-4.819669469359176284e-01
-4.832411332886981659e-01
-4.838456219498130650e-01
-4.836982961714019758e-01
-4.827087040906433146e-01
-4.807898747358270719e-01
-4.778570342043301222e-01
-4.738266178262575123e-01
-4.686229845162515617e-01
-4.621776622186740680e-01
-4.544340091208433630e-01
-4.453489352342126506e-01
-4.348874199640682114e-01
-4.230267185776778183e-01
-4.097607118148236527e-01
-3.950954134158918274e-01
-3.790476627884034611e-01
-3.616520755702180012e-01
-3.429555450824156027e-01
-3.230196006971713940e-01
-3.019229249302917140e-01
-2.797487492776805085e-01
-2.565967903717007448e-01
-2.325738763518065133e-01
-2.077951947169752733e-01
-1.823881293003178083e-01
-1.564875471459642453e-01
-1.302367543482675638e-01
-1.037772184301667122e-01
-7.725586261990390058e-02
-5.081744593746218702e-02
-2.460914754458896903e-02
1.227061098943437855e-03
2.655290122597558228e-02
5.123231818017227879e-02
7.513971263492193187e-02
9.815622730216623515e-02
1.201751784049115840e-01
1.411008742289572016e-01
1.608443119489365025e-01
1.793250146972451275e-01
1.964758832149349210e-01
2.122414288812425887e-01
2.265799700274749306e-01
2.394633363934848269e-01
2.508751832091152267e-01
2.608116810512414729e-01
2.692814254654576356e-01
2.763053389027421147e-01
2.819132656306674312e-01
2.861427329407082443e-01
2.890418538187126130e-01
2.906662270441100482e-01
2.910822803789152591e-01
2.903582405498792984e-01
2.885681414793340172e-01
2.857885098393871948e-01
2.821007460420123514e-01
2.775883735444675815e-01
2.723368497643789410e-01
2.664273537594559760e-01
2.599444390975554353e-01
2.529715677497577642e-01
2.455889817782722639e-01
2.378748396904439288e-01
2.299033239378580340e-01
2.217399700695341369e-01
2.134490270860056882e-01
2.050923328081530328e-01
1.967232924875100819e-01
1.883888861912549617e-01
1.801288447892002986e-01
1.719751457911629366e-01
1.639516701307297541e-01
1.560770398278029936e-01
1.483655232584396022e-01
1.408281485703187508e-01
1.334725617190672675e-01
1.263010593375041013e-01
1.193094678428152228e-01
1.124902844215465436e-01
1.058368004085264019e-01
9.934019159702478508e-02
9.299117988329357043e-02
8.677285224901042093e-02
8.067403049387633640e-02
7.468411512146247433e-02
6.878871221636566335e-02
6.297443529035859355e-02
5.722878083105915198e-02
5.153912251380003695e-02
4.589670902239815359e-02
4.029738602822088844e-02
3.474150466165380063e-02
2.923035106236968744e-02
2.377099220052278708e-02
1.836970633512298098e-02
1.303625111841594242e-02
7.782966094286907811e-03
2.625971181985185549e-03
-2.412694781664418038e-03
-7.312430256194586350e-03
-1.204654571183423270e-02
-1.658952416451826492e-02
-2.091476490733512258e-02
-2.499637422640140286e-02
-2.881031305239127246e-02
-3.233246700409495022e-02
-3.554017459869813350e-02
-3.841178540212511483e-02
-4.092851888685865303e-02
-4.307438266039882724e-02
-4.483496735088374902e-02
-4.619606697625038699e-02
-4.714817742415905455e-02
-4.768745865554846475e-02
-4.781555401685035067e-02
-4.753795529784916873e-02
-4.686521763504571808e-02
-4.581381191586519214e-02
-4.439981851658485190e-02
-4.264771471449808893e-02
-4.058694635974971487e-02
-3.824796172138863332e-02
-3.566756366088004448e-02
-3.288423277775821829e-02
-2.993638813525334105e-02
-2.686556327432606736e-02
-2.371338484684393927e-02
-2.052604729365940101e-02
-1.734784995563494123e-02
-1.421953118940384557e-02
-1.118440061764988669e-02
-8.287702999105996809e-03
-5.575720151860112314e-03
-3.090978682983045421e-03
-8.772825171557881987e-04
1.029757743614780714e-03
2.594851464976717301e-03
3.786265384630616449e-03
4.575589911122052503e-03
4.942389935399140247e-03
4.865487850925335339e-03
4.329972709353888637e-03
3.325736834338582741e-03
1.847471684145188904e-03
-1.085829873610646512e-04
-2.540396473988033605e-03
-5.446437780885292346e-03
-8.816983887286716781e-03
-1.263450226537677669e-02
-1.687579065709811713e-02
-2.151486600386435730e-02
-2.652366176887855156e-02
-3.187088244368744411e-02
-3.752003332253048273e-02
-4.343708357472292336e-02
-4.958277332954071082e-02
-5.591410312361736606e-02
-6.238886735793194166e-02
-6.896429985426091869e-02
-7.559485866036697033e-02
-8.223749913002185996e-02
-8.884684822161484363e-02
-9.538119613077809811e-02
-1.018002295246547145e-01
-1.080660399320114567e-01
-1.141398114567431371e-01
-1.199835282821994503e-01
-1.255611481073870550e-01
-1.308392380595798932e-01
-1.357865796141959902e-01
-1.403777106989152756e-01
-1.445814781226313905e-01
-1.483762149187349833e-01
-1.517399586230426811e-01
-1.546523431618492539e-01
-1.570946472724035203e-01
-1.590485057951619985e-01
-1.605015875331357034e-01
-1.614439360911252008e-01
-1.618682460340560014e-01
-1.617708151078085244e-01
-1.611456023671682669e-01
-1.599918933944197708e-01
-1.583097314678779122e-01
-1.560996106748349932e-01
-1.533623604563826848e-01
-1.501008725511372988e-01
-1.463186420655236408e-01
-1.420226994373067764e-01
-1.372199659200064037e-01
-1.319224105318222151e-01
-1.261405192376837126e-01
-1.198829133655134882e-01
-1.131640131945949035e-01
-1.060024478639677026e-01
-9.841047685379973597e-02
-9.040334906275243609e-02
-8.200102888431598513e-02
-7.322231095603935758e-02
-6.408684532513395093e-02
-5.461574181804432909e-02
-4.483285169989201929e-02
-3.476222068585908820e-02
-2.442864915717788896e-02
-1.385308995289343849e-02
-3.065620061320045633e-03
7.901369894023820353e-03
1.901533865489066569e-02
3.024118344726040020e-02
4.154330839269540498e-02
5.288738318646013514e-02
6.423633712061770085e-02
7.555221101517298199e-02
8.679681197866449816e-02
9.793295549986380522e-02
1.089161833429272142e-01
1.197048751728769511e-01
1.302537726044776523e-01
1.405211636216411875e-01
1.504648278582743082e-01
1.600449155053087213e-01
1.692258756788706797e-01
1.779696439523506535e-01
1.862324886276340852e-01
1.939761121959676926e-01
2.011641357474741321e-01
2.077581754538827263e-01
2.137258856434367527e-01
2.190372271802716597e-01
2.236623841845701566e-01
2.275744555411801928e-01
2.307431921736589342e-01
2.331501613351152635e-01
2.347771033985963651e-01
2.356109102220028673e-01
2.356455001889781464e-01
2.348751513125897084e-01
2.332975712398855650e-01
2.309129648399627088e-01
2.277286649198838886e-01
2.237550937404809148e-01
2.190092607881615194e-01
2.135107915206984897e-01
2.072807876949993022e-01
2.003428554220834934e-01
1.927238718172472332e-01
1.844554790874308181e-01
1.755681886952194237e-01
1.660973113528289025e-01
1.560805550756096949e-01
1.455556427840576650e-01
1.345636571593072373e-01
1.231456956450717177e-01
1.113447012254654839e-01
9.920337392725991910e-02
8.676973595193447630e-02
7.409206505154190825e-02
6.121894824265421142e-02
4.819997470297383846e-02
3.508689528676470215e-02
2.193063816125481388e-02
8.780576206920718413e-03
-4.312547661806899989e-03
-1.729875985713962352e-02
-3.012863769350897919e-02
-4.275605731415865751e-02
-5.513625164648714577e-02
-6.722486614193887156e-02
-7.897607599919916066e-02
-9.034810046375947590e-02
-1.013006909041264114e-01
-1.117970097571770322e-01
-1.218035246699861601e-01
-1.312864956503393965e-01
-1.402139992686889380e-01
-1.485623263973811503e-01
-1.563050999428089727e-01
-1.634217108545512886e-01
-1.698933300248599287e-01
-1.757059779694175872e-01
-1.808462009909278800e-01
-1.853010858594263677e-01
-1.890638018227591699e-01
-1.921250759887801196e-01
-1.944817779189699780e-01
-1.961356603820836042e-01
-1.970909687516498865e-01
-1.973534411028851077e-01
-1.969374662291335787e-01
-1.958560814073426470e-01
-1.941280684692749392e-01
-1.917742611802261687e-01
-1.888202576467901683e-01
-1.852890593395269958e-01
-1.812086634641510430e-01
-1.766050542208645602e-01
-1.715041246300210154e-01
-1.659359024135129979e-01
-1.599310735072279333e-01
-1.535194557437147000e-01
-1.467334647125505265e-01
-1.396090620033177410e-01
-1.321822950106868733e-01
-1.244875631154801626e-01
-1.165617748419070371e-01
-1.084394043183395384e-01
-1.001541150090901333e-01
-9.173837702853471221e-02
-8.322505257517848198e-02
-7.464505619231204259e-02
-6.602382701516103236e-02
-5.739116215449004826e-02
-4.877006357560816074e-02
-4.018249843689403189e-02
-3.165409937991488232e-02
-2.320982746717969655e-02
-1.486934462632276584e-02
-6.652402389103929600e-03
1.427988897451044296e-03
9.355690047877262758e-03
1.711672378130901784e-02
2.470101470264145227e-02
3.209939094378158608e-02
3.929987464984894402e-02
4.629456270979085547e-02
5.307063719743136676e-02
5.962084120894089317e-02
6.593846888124872685e-02
7.201528820980894474e-02
7.783844575726565906e-02
8.340119636836974826e-02
8.869239767145346842e-02
9.370658466054274105e-02
9.843081235394915418e-02
1.028523182809966824e-01
1.069587091302368759e-01
1.107369534680930356e-01
1.141732735576204694e-01
1.172540002051687263e-01
1.199629794937419336e-01
1.222836465377073883e-01
1.242027037589161081e-01
1.257087379994168141e-01
1.267915829851076759e-01
1.274420551732342033e-01
1.276475331364570753e-01
1.273979676152940388e-01
1.266847826962315127e-01
1.255018464737192863e-01
1.238484895707832323e-01
1.217262624387981523e-01
1.191350876329730496e-01
1.160758501059186848e-01
1.125565029957512619e-01
1.085885033381872450e-01
1.041868248149385723e-01
9.937386624949673397e-02
9.417481070684696753e-02
8.861677581203399046e-02
8.272799606391308125e-02
7.653931754390025377e-02
7.008355007591195174e-02
6.339461859841594160e-02
5.650706469761369866e-02
4.945975220165674258e-02
4.229046460599231172e-02
3.503954992026959980e-02
2.774650663237637413e-02
2.044863581892075732e-02
1.318004598706696250e-02
5.974663467589120050e-03
-1.136460076994195902e-03
-8.117049791233931985e-03
-1.493890240036337309e-02
-2.157483491721822952e-02
-2.800126384935459553e-02
-3.419900428650481800e-02
-4.015369394776687612e-02
-4.585236686250510757e-02
-5.128356776782551363e-02
-5.644134022098414027e-02
-6.131884771625566166e-02
-6.591258672268311691e-02
-7.021869866754809619e-02
-7.423587961897766541e-02
-7.796267827245141613e-02
-8.140104022102984116e-02
-8.455346325449579481e-02
-8.741806462531143129e-02
-8.999431648609390599e-02
-9.228365114671163716e-02
-9.428809856115115406e-02
-9.600777254369709246e-02
-9.744137235788520590e-02
-9.858594874779974537e-02
-9.943679275241805449e-02
-9.998838023736499048e-02
-1.002336886580126735e-01
-1.001615236060194036e-01
-9.975608947728667464e-02
-9.900567927054720885e-02
-9.789616238263149084e-02
-9.641287642579927930e-02
-9.454338571106908617e-02
-9.227414396355929083e-02
-8.959266513058704307e-02
-8.648895072761585145e-02
-8.295451233552847414e-02
-7.898044247005665819e-02
-7.456371714522043448e-02
-6.969977841979267674e-02
-6.439286257916025658e-02
-5.864641462244730985e-02
-5.247031971344988388e-02
-4.587948177431908081e-02
-3.889293927916984139e-02
-3.153294267084386787e-02
-2.382856066908646542e-02
-1.581376537970691915e-02
-7.533507491329338376e-03
9.711689285563274328e-04
9.650086182468358559e-03
1.844934959620656706e-02
2.731131284513019578e-02
3.617563202222321556e-02
4.497363431489032060e-02
5.363504516651469711e-02
6.209133026470071287e-02
7.027543054877291584e-02
7.811582707478997856e-02
8.554621003357919251e-02
9.250154176444676246e-02
9.891722763100402327e-02
1.047322179150937949e-01
1.098897810950511811e-01
1.143451716862033257e-01
1.180533874639043829e-01
1.209774453149743551e-01
1.230872405514315121e-01
1.243618460303513723e-01
