1.000000000000000000e+00
9.953746174653849144e-01
9.833016497646003273e-01
9.639459353301985667e-01
9.375254074981469454e-01
9.043075983973796195e-01
8.646141120292745175e-01
8.188013412185874973e-01
7.672715399641136802e-01
7.104671227514706144e-01
6.488668145932834364e-01
5.829844607867850081e-01
5.133571653291408854e-01
4.405526511692561265e-01
3.651498597307734628e-01
2.877439861485415196e-01
2.089372265311893462e-01
1.293370777502338420e-01
4.955732969025463536e-02
-2.979307408005304678e-02
-1.081202525707555123e-01
-1.848385002102449770e-01
-2.593781333577510617e-01
-3.312033246214768356e-01
-3.997994502251077664e-01
-4.646780707309732250e-01
-5.253933636221180814e-01
-5.815351173669591756e-01
-6.327264577262742273e-01
-6.786304534540705813e-01
-7.189620221060681882e-01
-7.534744754473295947e-01
-7.819664027323184330e-01
-8.042834997745887948e-01
-8.203171194995870774e-01
-8.300092027158008090e-01
-8.333540167440651736e-01
-8.303876987197427173e-01
-8.211964119413501795e-01
-8.059120435987310316e-01
-7.847133388610323390e-01
-7.578103741700394913e-01
-7.254586082314350426e-01
-6.879560714989511050e-01
-6.456394953214601440e-01
-5.988775428077484086e-01
-5.480596709789430365e-01
-4.936053974387965004e-01
-4.359565609599151959e-01
-3.755787174525745398e-01
-3.129535320173781332e-01
-2.485838470165290803e-01
-1.829600472867687622e-01
-1.165881958081622233e-01
-4.997440917936875338e-02
1.638001154336195253e-02
8.198465884159439332e-02
1.463592468111808431e-01
2.090349388375304929e-01
2.695555700616587003e-01
3.274893518922551428e-01
3.824287657824491649e-01
4.339923170703688382e-01
4.818292505082997224e-01
5.256162992791322264e-01
5.650680611764370420e-01
5.999213468259678717e-01
6.299610087250566703e-01
6.550013647651174997e-01
6.749150956374740939e-01
6.896045626768649850e-01
6.990100880067188216e-01
7.031132169511534746e-01
7.019386240072866823e-01
6.955485123364260058e-01
6.840363665117473735e-01
6.675374315789559532e-01
6.462261842478803642e-01
6.203076987949880383e-01
5.900187524276071516e-01
5.556205323136905738e-01
5.174127089892434084e-01
4.757165545649809646e-01
4.308792728020160445e-01
3.832660922791032987e-01
3.332642935692366470e-01
2.812717955370603873e-01
2.276927478558929407e-01
1.729366123256869670e-01
1.174290770930352668e-01
6.158938787838936363e-02
5.844099587518514910e-03
-4.938265956888101410e-02
-1.036756466839731106e-01
-1.566378210547841598e-01
-2.078828320562653154e-01
-2.570457572112493372e-01
-3.037803604061855012e-01
-3.477648924880454850e-01
-3.886971268073053931e-01
-4.263052341708585269e-01
-4.603409773818002426e-01
-4.905856568297852771e-01
-5.168558578212426591e-01
-5.389945528246019579e-01
-5.568848148259403219e-01
-5.704397326891483821e-01
-5.795975753525727248e-01
-5.843278947727154060e-01
-5.846420095839144349e-01
-5.805860976191140610e-01
-5.722370155787737112e-01
-5.596974273842767467e-01
-5.431032635625571148e-01
-5.226212177912435974e-01
-4.984431235184961229e-01
-4.707849041525008493e-01
-4.398872472059218719e-01
-4.060165112463280934e-01
-3.694540366598571546e-01
-3.304960650279458179e-01
-2.894586126365875645e-01
-2.466695583485798149e-01
-2.024708728823332859e-01
-1.572105434380564604e-01
-1.112429857526397031e-01
-6.491839089118120465e-02
-1.858402258860268955e-02
2.741487807214225761e-02
7.273429340885589900e-02
1.170426629902235893e-01
1.600197123945519273e-01
2.013556568515655898e-01
2.407522677096925745e-01
2.779275605195322685e-01
3.126262124484875393e-01
3.446118331167951077e-01
3.736698614711138622e-01
3.996012034572201110e-01
4.222377779058327230e-01
4.414382472180113925e-01
4.570930488324012608e-01
4.691134392978434930e-01
4.774450120257119901e-01
4.820606885670049579e-01
4.829579345684634761e-01
4.801651453059675445e-01
4.737441369902622990e-01
4.637755451321838307e-01
4.503606790099327073e-01
4.336283389165343505e-01
4.137305647703118927e-01
3.908441900817231085e-01
3.651695347887678467e-01
3.369261402172219477e-01
3.063526983092048073e-01
2.737030555665508902e-01
2.392465814970116122e-01
2.032605013037214470e-01
1.660293868155885144e-01
1.278444613788009832e-01
8.901006995364363350e-02
4.982390458402585071e-02
1.058403415714018019e-02
-2.842068273657795061e-02
-6.688732988226250842e-02
-1.045205895515639166e-01
-1.410405583417898290e-01
-1.761774712167590851e-01
-2.096768733562557607e-01
-2.413004306673689203e-01
-2.708275402920184427e-01
-2.980491289442393499e-01
-3.227730147001932060e-01
-3.448324237864512365e-01
-3.640835272917558041e-01
-3.804064750366331071e-01
-3.937071241530015753e-01
-4.039128598212749499e-01
-4.109782258270829880e-01
-4.148804209414440614e-01
-4.156236623642422523e-01
-4.132416240835580790e-01
-4.077848128362389080e-01
-3.993243531888363007e-01
-3.879552991128557005e-01
-3.737850980388914279e-01
-3.569527291639387756e-01
-3.376124153902080871e-01
-3.159412666150628324e-01
-2.921319527794880577e-01
-2.663845577381522278e-01
-2.389173029180226560e-01
-2.099519266922228178e-01
-1.797296501309510741e-01
-1.484870228305343876e-01
-1.164723514098660456e-01
-8.393236075134523355e-02
-5.111788311349450831e-02
-1.827881982069422609e-02
1.433672237780418170e-02
4.649178478111177376e-02
7.794855069336695252e-02
1.084778340540289987e-01
1.378555577238069763e-01
1.658695199266268516e-01
1.923222684667854621e-01
2.170292191452160013e-01
2.398217968786964527e-01
2.605410099343306585e-01
2.790507311055115403e-01
2.952286429823057223e-01
3.089766702026600642e-01
3.202208615222195687e-01
3.288973341952500795e-01
3.349646568000479441e-01
3.384038859236318530e-01
3.392178288133332886e-01
3.374295126822363655e-01
3.330877451721576676e-01
3.262496119747863021e-01
3.169840270408599281e-01
3.053750233413248250e-01
2.915317464434900030e-01
2.755818547042410693e-01
2.576618910464227863e-01
2.379193102606068644e-01
2.165228313495019541e-01
1.936498399285967453e-01
1.694805896326450345e-01
1.442099436430795134e-01
1.180346276118201115e-01
9.116231378614787773e-02
6.380275730564410885e-02
3.616751217194821844e-02
8.467214269508053712e-03
-1.908197370530460499e-02
-4.626861587141331555e-02
-7.288583757938797703e-02
-9.873427360863988589e-02
-1.236144112452102761e-01
-1.473507357991788169e-01
-1.697742810439638872e-01
-1.907207843166261463e-01
-2.100394621315389010e-01
-2.275877359488263363e-01
-2.432358867481804743e-01
-2.568789506662292887e-01
-2.684318846315326690e-01
-2.778237879557684531e-01
-2.849984138941675238e-01
-2.899184177066875256e-01
-2.925592129207634784e-01
-2.929221251074211052e-01
-2.910218165272097091e-01
-2.868937796443156163e-01
-2.805837451377868885e-01
-2.721519272473673645e-01
-2.616807784986909247e-01
-2.492648127662866475e-01
-2.350190765552676031e-01
-2.190650464953027010e-01
-2.015452822346356920e-01
-1.826079854617464748e-01
-1.624156192842343138e-01
-1.411324374311182239e-01
-1.189267643440346106e-01
-9.597722842098650731e-02
-7.246745062112697200e-02
-4.858553814652610131e-02
-2.451721196502405775e-02
-4.370289609189602375e-04
2.347257016262751378e-02
4.703438723606388761e-02
7.007445545988394420e-02
9.242429517835581976e-02
1.139194583070172462e-01
1.343971563002770986e-01
1.537106806070463183e-01
1.717282486012073617e-01
1.883219041186866560e-01
2.033826439631592486e-01
2.168083218591943251e-01
2.285121632890735055e-01
2.384202538237478741e-01
2.464804863315438188e-01
2.526531937236082270e-01
2.569016273373508352e-01
2.592112436600102487e-01
2.595817015664517169e-01
2.580253775619087975e-01
2.545667879226725661e-01
2.492431454271244462e-01
2.421129584721289085e-01
2.332384694004462078e-01
2.227102119743999964e-01
2.106243076282723892e-01
1.970898865975672098e-01
1.822199386017173128e-01
1.661389955074416280e-01
1.489794556262029335e-01
1.308809825706029328e-01
1.119881935316392602e-01
9.245177544269153613e-02
7.241928500377199651e-02
5.204751447619975629e-02
3.149288227173113741e-02
1.090493834703563578e-02
-9.566005426792581132e-03
-2.977541663415049153e-02
-4.957836556714567688e-02
-6.882978483806546921e-02
-8.739189013656893656e-02
-1.051297502356127456e-01
-1.219200131529199899e-01
-1.376436086715359108e-01
-1.521987187220636140e-01
-1.654873338629997970e-01
-1.774302105537819974e-01
-1.879585863453841210e-01
-1.970122736247036099e-01
-2.045419606593524564e-01
-2.105116484484452766e-01
-2.148937496953935711e-01
-2.176774835439095890e-01
-2.188585563266643996e-01
-2.184429034724410246e-01
-2.164501474410402970e-01
-2.129143035005883755e-01
-2.078698070568942569e-01
-2.013699203799090010e-01
-1.934724516926029925e-01
-1.842500031267356453e-01
-1.737879191165747350e-01
-1.621707362309808276e-01
-1.494949888216293155e-01
-1.358630298239963952e-01
-1.213873599477104381e-01
-1.061771654339837001e-01
-9.034663691880326364e-02
-7.401970931441130552e-02
-5.732178933748579425e-02
-4.037694419051530287e-02
-2.331346230618231569e-02
-6.263722184486521759e-03
1.064887439030362190e-02
2.730867111811850767e-02
4.359753682727363078e-02
5.939983215358586588e-02
7.460746786954239318e-02
8.911367498149326549e-02
1.028138104627567551e-01
1.156133865486732859e-01
1.274290972409682088e-01
1.381828361901178692e-01
1.478105184319504495e-01
1.562527561352581862e-01
1.634624505466971134e-01
1.693992222393644886e-01
1.740314423169432578e-01
1.773407585030270794e-01
1.793215647603798868e-01
1.799737488939595065e-01
1.793039714141019814e-01
1.773375118930494154e-01
1.741012166848254494e-01
1.696305700798117211e-01
1.639769976745054370e-01
1.571891068962630589e-01
1.493357715545821918e-01
1.404785176154227100e-01
1.306945565628412076e-01
1.200599032924943854e-01
1.086545368354007585e-01
9.657358018582894166e-02
8.390589860313414639e-02
7.075127186440274829e-02
5.720354629898784238e-02
4.336298597429398549e-02
2.932816445672154979e-02
1.519921148212594227e-02
1.076177792686835652e-03
-1.293443476184580158e-02
-2.672918785450479132e-02
-4.020725055807214399e-02
-5.327846266918562224e-02
-6.585361477882491210e-02
-7.784360407961800343e-02
-8.916555386978596009e-02
-9.974078624120107095e-02
-1.094989743531666199e-01
-1.183765178478595886e-01
-1.263148727672508964e-01
-1.332609383454649576e-01
-1.391756422747537913e-01
-1.440276257759135203e-01
-1.477888420681722215e-01
-1.504329536510188858e-01
-1.519497468532028106e-01
-1.523360570009173187e-01
-1.516002410629431196e-01
-1.497629422291798518e-01
-1.468477747456704841e-01
-1.428899281632921847e-01
-1.379302907063477412e-01
-1.320138759166752107e-01
-1.251937878463905141e-01
-1.175341962527562956e-01
-1.090952172406629700e-01
-9.994619983788621820e-02
-9.016450622618162047e-02
-7.984008575308236544e-02
-6.906038223323571201e-02
-5.791300234934793068e-02
-4.649058962486180696e-02
-3.487749614464979303e-02
-2.316115550694480135e-02
-1.143052298013693020e-02
2.243250393081315020e-04
1.171083644241354207e-02
2.294717543845339533e-02
3.384570224096016683e-02
4.432488647163379536e-02
5.430258209942539355e-02
6.371124499410521502e-02
7.248472234255576296e-02
8.056289550490454421e-02
8.789265431183677924e-02
9.442735817709919932e-02
1.001256016178858205e-01
1.049493088412342123e-01
1.088683541482880629e-01
1.118605319207440912e-01
1.139099756965008259e-01
1.150102471243897168e-01
1.151673136119195778e-01
1.143908729737089652e-01
1.127048344651115364e-01
1.101356646727125882e-01
1.067173130237601963e-01
1.024867891143769333e-01
9.749659908007173026e-02
9.180481111800523064e-02
8.547599681391775117e-02
7.857742974953245418e-02
7.117809480271218570e-02
6.334656111156947156e-02
5.515726387262544217e-02
4.668419135490146921e-02
3.800600096228694269e-02
2.920059895640343683e-02
2.034299035443306800e-02
1.151210425796002530e-02
2.794131966446458497e-03
-5.733842108088733555e-03
-1.399887489681973622e-02
-2.193320736100513868e-02
-2.947195675127292636e-02
-3.656022560254317683e-02
-4.314921310811380140e-02
-4.919466296963437985e-02
-5.465394908139555030e-02
-5.949302950354984354e-02
-6.367553051500626782e-02
-6.717436330700445046e-02
-6.997355737838777123e-02
-7.205851523260690950e-02
-7.341849812550838017e-02
-7.404874862465969654e-02
-7.396026807129606195e-02
-7.316990645308528440e-02
-7.169465514090776759e-02
-6.955783195517106776e-02
-6.678781120092762424e-02
-6.341095640794480737e-02
-5.947269315439739773e-02
-5.501671765497284650e-02
-5.008506713778883984e-02
-4.472809757078587134e-02
-3.900346308798591233e-02
-3.296422979549244736e-02
-2.667176753040509732e-02
-2.018419486996363491e-02
-1.356685610745461158e-02
-6.882617415193589307e-03
-1.990554580322487232e-04
6.417370152021634362e-03
1.290595775889680566e-02
1.920475184592245269e-02
2.525270081595051147e-02
3.099748470892772431e-02
3.638447403418397508e-02
4.135966268053811040e-02
4.587048097619769726e-02
4.987156748495646247e-02
5.332485159368610672e-02
5.619342156698239887e-02
5.845218165184468129e-02
6.008017197802966586e-02
6.106030919858076306e-02
