5.680900316596812147e-04
5.675575326810813198e-04
5.667120081115513928e-04
5.655552455014185940e-04
5.640883704914946041e-04
5.623128819639755180e-04
5.602307076439990569e-04
5.578431798390182756e-04
5.551521693997350706e-04
5.521600881527293642e-04
5.488688838850120473e-04
5.452814161059371407e-04
5.414003472990479597e-04
5.372286769621500199e-04
5.327702112209417888e-04
5.280279709048658681e-04
5.230051906169030105e-04
5.177061475824415405e-04
5.121346493227361225e-04
5.062951761184627262e-04
5.001918551163972698e-04
4.938291853000518778e-04
4.872108667655795228e-04
4.803412724725400961e-04
4.732243202124191426e-04
4.658642784561315493e-04
4.582664669948897864e-04
4.504350986761815443e-04
4.423750423976792858e-04
4.340912130871891171e-04
4.255890745027046587e-04
4.168737986004624569e-04
4.079499577344183631e-04
3.988226263742970052e-04
3.894964149381301057e-04
3.799765332197073430e-04
3.702686220174773333e-04
3.603805050148989201e-04
3.503182902807820123e-04
3.400874654958854749e-04
3.296949523022883006e-04
3.191473662142985091e-04
3.084518907767702222e-04
2.976141969292015431e-04
2.866408422947896951e-04
2.755387078986459284e-04
2.643148195242575691e-04
2.529761101719113330e-04
2.415292234959764842e-04
2.299808162578763848e-04
2.183371559164854045e-04
2.066056850751627004e-04
1.947936079344815541e-04
1.829071359737110256e-04
1.709532680934493514e-04
1.589385023611931871e-04
1.468693645672018862e-04
1.347526477213566664e-04
1.225954050223702983e-04
1.104041864559366097e-04
9.818608049266323271e-05
8.594810680004917592e-05
7.369696741957175890e-05
6.144099130976940048e-05
4.918713250579808381e-05
3.694173523306347505e-05
2.471166823465819441e-05
1.250361939161318299e-05
3.246216135634816594e-07
-1.181874549026004301e-05
-2.391960579020990885e-05
-3.597091745441384145e-05
-4.796629874094936495e-05
-5.989877401967734656e-05
-7.176188057800327578e-05
-8.354901325753520214e-05
-9.525319745259227188e-05
-1.068680093265788505e-04
-1.183874032458994709e-04
-1.298057522327208371e-04
-1.411164342370725374e-04
-1.523134664126771741e-04
-1.633908309933201821e-04
-1.743424655063670608e-04
-1.851618533913549627e-04
-1.958427532183575309e-04
-2.063792100790187126e-04
-2.167651686173387355e-04
-2.269957126162613198e-04
-2.370645100425352171e-04
-2.469653008540335579e-04
-2.566927563406063437e-04
-2.662414969278690396e-04
-2.756062409778420276e-04
-2.847812119552768531e-04
-2.937609451233986037e-04
-3.025400294189400626e-04
-3.111140778335902976e-04
-3.194777458755976990e-04
-3.276270259695092434e-04
-3.355571698454224479e-04
-3.432641127763998981e-04
-3.507430644527645088e-04
-3.579899499834154637e-04
-3.650014515684148740e-04
-3.717738862508220173e-04
-3.783044513637935516e-04
-3.845899535466810819e-04
-3.906266168169073212e-04
-3.964115304914311074e-04
-4.019422699470555620e-04
-4.072168610403771941e-04
-4.122327540275489560e-04
-4.169882053571166464e-04
-4.214817189467286195e-04
-4.257113883552717188e-04
-4.296748490405344996e-04
-4.333700548849177703e-04
-4.367960883649077137e-04
-4.399515204973112703e-04
-4.428361556837028543e-04
-4.454497446418646594e-04
-4.477914993925475066e-04
-4.498608852460290477e-04
-4.516579027500223619e-04
-4.531827315680632884e-04
-4.544349399023895676e-04
-4.554150162706526069e-04
-4.561236784981165335e-04
-4.565613781874372805e-04
-4.567284204818135339e-04
-4.566245807045163580e-04
-4.562509885554386297e-04
-4.556088209323320200e-04
-4.546989940564235091e-04
-4.535227069195002991e-04
-4.520811046368693837e-04
-4.503755355614679867e-04
-4.484081609999942815e-04
-4.461811758945515580e-04
-4.436967416447012069e-04
-4.409576034547350886e-04
-4.379665062699799596e-04
-4.347254376139520838e-04
-4.312369253162041819e-04
-4.275038994488082698e-04
-4.235289958077737525e-04
-4.193147973414774608e-04
-4.148648013367205894e-04
-4.101820350616963685e-04
-4.052695745341012689e-04
-4.001309100228973219e-04
-3.947696331044517315e-04
-3.891905982288719089e-04
-3.833978671779989531e-04
-3.773959938961767187e-04
-3.711891474748236532e-04
-3.647821028237097432e-04
-3.581789457235586677e-04
-3.513846064753047590e-04
-3.444039453765040384e-04
-3.372418270707759668e-04
-3.299035940068904306e-04
-3.223944697106725281e-04
-3.147199123264551391e-04
-3.068844243560447677e-04
-2.988927699061861513e-04
-2.907506257924901945e-04
-2.824630087814175919e-04
-2.740351966633424049e-04
-2.654720847367950500e-04
-2.567796301276143150e-04
-2.479632594551479832e-04
-2.390283292385460290e-04
-2.299809009740965890e-04
-2.208269491379277879e-04
-2.115721488305786525e-04
-2.022225209850674272e-04
-1.927836446772498438e-04
-1.832614882554468622e-04
-1.736617306069425967e-04
-1.639901313201622439e-04
-1.542524508708299964e-04
-1.444544328315388627e-04
-1.346016348211240071e-04
-1.247003400107238899e-04
-1.147566384426762867e-04
-1.047769691579587749e-04
-9.476672462154205751e-05
-8.473253584074872649e-05
-7.468149406457741586e-05
-6.461980925165150200e-05
-5.455370575812694558e-05
-4.448900632829065480e-05
-3.443207650186917566e-05
-2.438873468622801681e-05
-1.436440967285560957e-05
-4.366090655127697088e-06
5.599883404020845369e-06
1.552771076029451131e-05
2.541191129115436513e-05
3.524619211238004838e-05
4.502466133519107905e-05
5.474111969028964476e-05
6.438983783756635720e-05
7.396478708261716587e-05
8.346084262925541019e-05
9.287222955845137774e-05
1.021936595906765402e-04
1.114194108586157771e-04
1.205433357968642742e-04
1.295594718102336339e-04
1.384626800449910260e-04
1.472479356373655257e-04
1.559107851953347936e-04
1.644459666208467757e-04
1.728482527799526729e-04
1.811128488115719838e-04
1.892351761214684292e-04
1.972110572191642275e-04
2.050354245094092916e-04
2.127040377680145206e-04
2.202117201423946062e-04
2.275534148311615223e-04
2.347249471151830044e-04
2.417222114796091482e-04
2.485410542648274043e-04
2.551773252781895152e-04
2.616263987715594934e-04
2.678850221872417772e-04
2.739497509760518545e-04
2.798170873165813414e-04
2.854833084693095616e-04
2.909450882381932552e-04
2.961996767946830419e-04
3.012441610550133922e-04
3.060756841955904282e-04
3.106922173387571253e-04
3.150914877749630893e-04
3.192712760244932873e-04
3.232294735971127171e-04
3.269642311700050223e-04
3.304739491632933913e-04
3.337575396344537228e-04
3.368135326398826552e-04
3.396402455490318394e-04
3.422373487832858999e-04
3.446041581354490537e-04
3.467400033574300064e-04
3.486443078062416543e-04
3.503167569451166516e-04
3.517576270112318486e-04
3.529661395296945694e-04
3.539420906183769451e-04
3.546854343336244418e-04
3.551965349593911355e-04
3.554750388629731228e-04
3.555207291283416990e-04
3.553345299444167016e-04
3.549179144497320321e-04
3.542719870607747732e-04
3.533971819617531514e-04
3.522949347041108895e-04
3.509662997786288144e-04
3.494133025781998784e-04
3.476369136507894276e-04
3.456393743382500834e-04
3.434220389615877736e-04
3.409871502217017296e-04
3.383366864161070674e-04
3.354740812696274145e-04
3.324020323739616724e-04
3.291236991400998848e-04
3.256418393204967791e-04
3.219587835893938477e-04
3.180778086012345240e-04
3.140015978570750489e-04
3.097328954110113502e-04
3.052745603965393044e-04
3.006299137305439842e-04
2.958024549092425027e-04
2.907957892462702232e-04
2.856138480418552632e-04
2.802610071682686021e-04
2.747409567586934186e-04
2.690583252009621585e-04
2.632181526922984884e-04
2.572250651126552624e-04
2.510831617672129416e-04
2.447963919923294165e-04
2.383687277705747126e-04
2.318049920424525040e-04
2.251093364113837243e-04
2.182863946664373792e-04
2.113403006056002189e-04
2.042756707344099264e-04
1.970968903123781677e-04
1.898090570974786395e-04
1.824176935537024638e-04
1.749276564954840743e-04
1.673446321547268829e-04
1.596736383004597839e-04
1.519192259066687041e-04
1.440867401304329908e-04
1.361817577269473789e-04
1.282099924749092274e-04
1.201773615194318069e-04
1.120894019413649608e-04
1.039518307525364864e-04
9.576979154417030761e-05
8.754784915786269889e-05
7.929113709909227543e-05
7.100494168733292909e-05
6.269460314223687192e-05
5.436554310722524768e-05
4.602238612843589385e-05
3.767049562825014854e-05
2.931490705798959535e-05
2.096169741783327357e-05
1.261681512534057816e-05
4.285277684776520225e-06
-4.028782268835225225e-06
-1.232061753084107925e-05
-2.058477560829841677e-05
-2.881659966537495639e-05
-3.701021827625195838e-05
-4.516041849556084542e-05
-5.326288629333453283e-05
-6.131256011295211153e-05
-6.930399940436228359e-05
-7.723218040909062931e-05
-8.509314036977435030e-05
-9.288170067819907620e-05
-1.005920510906388964e-04
-1.082192281901846724e-04
-1.157592477403088184e-04
-1.232071386982311648e-04
-1.305579230166076753e-04
-1.378064713993333611e-04
-1.449481940492183666e-04
-1.519780678849744031e-04
-1.588917693296602060e-04
-1.656851134415554625e-04
-1.723534404637546162e-04
-1.788927510578885646e-04
-1.852989357626609623e-04
-1.915681329194247407e-04
-1.976962157780467154e-04
-2.036793079701057019e-04
-2.095137128800735873e-04
-2.151950269077092985e-04
-2.207206365603289853e-04
-2.260870634755124224e-04
-2.312904323472222490e-04
-2.363275375497573270e-04
-2.411958983686188999e-04
-2.458932515754177909e-04
-2.504171745458612288e-04
-2.547653306948976853e-04
-2.589344192510031071e-04
-2.629222447483424300e-04
-2.667263027260150529e-04
-2.703441896311763203e-04
-2.737739632373703417e-04
-2.770131415775374528e-04
-2.800599684575889002e-04
-2.829126165486652218e-04
-2.855688808925714388e-04
-2.880266127304685598e-04
-2.902846187472073614e-04
-2.923426381463335331e-04
-2.942004905599968621e-04
-2.958582248907241788e-04
-2.973155244781722998e-04
-2.985715962288977132e-04
-2.996256554901163198e-04
-3.004770787003254481e-04
-3.011260858962704870e-04
-3.015730977509499880e-04
-3.018180647080100304e-04
-3.018604041197415089e-04
-3.016992259729540525e-04
-3.013349386160835098e-04
-3.007675574813217009e-04
-2.999981891084019486e-04
-2.990278953390321844e-04
-2.978572260354888875e-04
-2.964876385399722088e-04
-2.949204603649523246e-04
-2.931570367710648159e-04
-2.911989880739721415e-04
-2.890484098643213303e-04
-2.867076282970387226e-04
-2.841786798758275134e-04
-2.814636221370813525e-04
-2.785643432111983104e-04
-2.754834183604192022e-04
-2.722233595981316933e-04
-2.687861948000018920e-04
-2.651751096625650883e-04
-2.613918981272726717e-04
-2.574395546270764022e-04
-2.533208823739520831e-04
-2.490385894904930232e-04
-2.445956052618846236e-04
-2.399947897601380307e-04
-2.352381908743135064e-04
-2.303292436662195629e-04
-2.252719489452613779e-04
-2.200701490697828835e-04
-2.147269251491633498e-04
-2.092453747288271714e-04
-2.036289965967428162e-04
-1.978814180830110398e-04
-1.920059830013146811e-04
-1.860069257109130971e-04
-1.798890420395638315e-04
-1.736570060968261090e-04
-1.673147293430104154e-04
-1.608668581738542051e-04
-1.543175520653830525e-04
-1.476714508762067208e-04
-1.409329760371378292e-04
-1.341069490701312338e-04
-1.271970722386388535e-04
-1.202076496403074735e-04
-1.131435639884445396e-04
-1.060087756725714808e-04
-9.880771870849980939e-05
-9.154486754760534490e-05
-8.422440916411183813e-05
-7.685211241746237184e-05
-6.943326116107824788e-05
-6.197287689055758469e-05
-5.447582250647859856e-05
-4.694811283105928634e-05
-3.939444980901338298e-05
-3.182046789500556734e-05
-2.423148849138956302e-05
-1.663319495826665780e-05
-9.030420612234732090e-06
-1.428559302348544884e-06
6.167159636110673026e-06
1.375141239276135918e-05
2.131926703225271483e-05
2.886475157310109397e-05
3.638241407633679536e-05
4.386718006135920664e-05
5.131404323132690147e-05
5.871745998309744270e-05
6.607232333267871950e-05
7.337405370187728801e-05
8.061728758494354774e-05
8.779659576886093245e-05
9.490669470647792032e-05
1.019430621729307403e-04
1.089010605199300570e-04
1.157762071258911429e-04
1.225638342236023731e-04
1.292589289428865769e-04
1.358572063459567302e-04
1.423537964621233423e-04
1.487448600400593222e-04
1.550258819725058661e-04
1.611919185673311213e-04
1.672396555398590384e-04
1.731653985872399549e-04
1.789660870298682505e-04
1.846381871252040477e-04
1.901777460992076221e-04
1.955808464249320913e-04
2.008438596605081449e-04
2.059634874245008058e-04
2.109367896476362070e-04
2.157600550402884426e-04
2.204304565795918447e-04
2.249443814141976767e-04
2.292992903156305592e-04
2.334923035155693873e-04
2.375204659619428477e-04
2.413798610600613134e-04
2.450679892772326864e-04
2.485828499129962227e-04
2.519222707670017744e-04
2.550839014267090713e-04
2.580657922865511747e-04
2.608653360073336547e-04
2.634804321027753998e-04
2.659097696890617719e-04
2.681518695953848510e-04
2.702053921449105978e-04
2.720682883105475123e-04
2.737389631448389356e-04
2.752167620491064370e-04
2.765001671951155529e-04
2.775874914094323353e-04
2.784777596718093556e-04
2.791703112989998414e-04
2.796652689522000426e-04
2.799628312926036289e-04
