4.158970195927184856e-04
4.152787387658744204e-04
4.140555504017892283e-04
4.122321589507486200e-04
4.098144173661620745e-04
4.068078422915566753e-04
4.032199415711736393e-04
3.990580569719679826e-04
3.943315021210217798e-04
3.890496402083378218e-04
3.832220097779808995e-04
3.768588483947836140e-04
3.699723910538309062e-04
3.625750424520845627e-04
3.546797890833534514e-04
3.463009741661276088e-04
3.374522598891441347e-04
3.281480954600328394e-04
3.184038768227022073e-04
3.082362151127756092e-04
2.976608028033131859e-04
2.866943985704077332e-04
2.753553013789224375e-04
2.636607662263481915e-04
2.516287950689644385e-04
2.392782394048002055e-04
2.266292877194939562e-04
2.137022734619469834e-04
2.005172810519126097e-04
1.870946217223146710e-04
1.734548235835882326e-04
1.596192769964532854e-04
1.456097427371447043e-04
1.314474371292447246e-04
1.171540468572355363e-04
1.027513020224877409e-04
8.826064254464453796e-05
7.370378188273383287e-05
5.910237294600824762e-05
4.447757158406369799e-05
2.985084698180943293e-05
1.524288300296410493e-05
6.742624832630406931e-07
-1.383414211327639618e-05
-2.826138304699021356e-05
-4.258582128595576042e-05
-5.678626865112298272e-05
-7.084290546141725354e-05
-8.473542852283429030e-05
-9.844426639602924043e-05
-1.119496511040325688e-04
-1.252336020466535366e-04
-1.382768623308781202e-04
-1.510616323323814389e-04
-1.635713414326617351e-04
-1.757876500211407844e-04
-1.876938280734220951e-04
-1.992738777446843911e-04
-2.105120316068266866e-04
-2.213926243989817620e-04
-2.319012994768711051e-04
-2.420241911704064082e-04
-2.517486682630915538e-04
-2.610625774429144500e-04
-2.699535596303928304e-04
-2.784106793027928215e-04
-2.864232846032477666e-04
-2.939812046313547921e-04
-3.010759157375674671e-04
-3.076979947614462353e-04
-3.138407169181642829e-04
-3.194971074518174843e-04
-3.246606553236006673e-04
-3.293265072779026918e-04
-3.334909212868566249e-04
-3.371503235851165832e-04
-3.403005921620594365e-04
-3.429391165749509228e-04
-3.450634638637533973e-04
-3.466723188500084253e-04
-3.477645247673404483e-04
-3.483405157044203453e-04
-3.484016072409174621e-04
-3.479501821242925630e-04
-3.469901491507369914e-04
-3.455254749405835615e-04
-3.435598213051668424e-04
-3.410987613912788209e-04
-3.381483336198623968e-04
-3.347152812129395682e-04
-3.308065462435073531e-04
-3.264303702798355511e-04
-3.215946780712386683e-04
-3.163087511442612193e-04
-3.105821560487640278e-04
-3.044254107294169895e-04
-2.978491155820128604e-04
-2.908651725645695278e-04
-2.834846568752443278e-04
-2.757199401086770567e-04
-2.675840692316357422e-04
-2.590910189976761840e-04
-2.502552571902794988e-04
-2.410910961117125823e-04
-2.316128986241070291e-04
-2.218348795410514992e-04
-2.117719475521871340e-04
-2.014406208407402499e-04
-1.908575245418563809e-04
-1.800394974364624386e-04
-1.690043551514804055e-04
-1.577696610281261304e-04
-1.463527741585523515e-04
-1.347703693510445802e-04
-1.230399472894757283e-04
-1.111781095337569680e-04
-9.920248123793555864e-05
-8.713133049857727994e-05
-7.498220151789908273e-05
-6.277250850495430491e-05
-5.051994709930206933e-05
-3.824265455882098786e-05
-2.595985555151041830e-05
-1.369087866907648971e-05
-1.453756441900365129e-06
1.073342117377616514e-05
2.285306531248667056e-05
3.488823702643086726e-05
4.682224354175868640e-05
5.863823386373937180e-05
7.031870759813622625e-05
8.184622348815930959e-05
9.320431135595437608e-05
1.043771315649022632e-04
1.153494783289636737e-04
1.261051689094767100e-04
1.366297587899291735e-04
1.469091367986580124e-04
1.569291971774424929e-04
1.666754773509313784e-04
1.761354676649121468e-04
1.852955746934169940e-04
1.941437508678144866e-04
2.026674536317391495e-04
2.108553281882370300e-04
2.186966286732974156e-04
2.261811645318437920e-04
2.332992279178927738e-04
2.400414656682683240e-04
2.463999332114905159e-04
2.523666675886095177e-04
2.579336396196219277e-04
2.630948483325949391e-04
2.678440589165579310e-04
2.721762545281560973e-04
2.760867397136174931e-04
2.795711565509386592e-04
2.826266164380408178e-04
2.852486797665355314e-04
2.874345745423358936e-04
2.891829381442363105e-04
2.904925487264354883e-04
2.913638951185243821e-04
2.917984638289698751e-04
2.917985048388663629e-04
2.913663006277334702e-04
2.905046856149897717e-04
2.892165963051325137e-04
2.875065694572913073e-04
2.853775977466081943e-04
2.828350657513534704e-04
2.798853378620229262e-04
2.765356037049853158e-04
2.727923774935172934e-04
2.686626263403832284e-04
2.641537842246155748e-04
2.592741793990276816e-04
2.540330122932380678e-04
2.484393732330808188e-04
2.425035477475613978e-04
2.362360414741459418e-04
2.296474336119484901e-04
2.227476610097189121e-04
2.155483711212012382e-04
2.080610263012961281e-04
2.002974626031966585e-04
1.922703197743887182e-04
1.839930261545269475e-04
1.754785904920849867e-04
1.667413457445116964e-04
1.577949336570620643e-04
1.486538599105892422e-04
1.393326373530492848e-04
1.298454591852032491e-04
1.202071528649223631e-04
1.104323143188820411e-04
1.005358741350806297e-04
9.053333681083616097e-05
8.043980874183850633e-05
7.027058729163015267e-05
6.004178017793539499e-05
4.976724216751202921e-05
3.946304045990398670e-05
2.914410492909003851e-05
1.882513122741494478e-05
8.520431823882530946e-06
-1.754386884418178208e-06
-1.198471197737771522e-05
-2.215703690825860281e-05
-3.225677385517812995e-05
-4.226957244679228448e-05
-5.218163501908443599e-05
-6.197841988539241453e-05
-7.164595799016357908e-05
-8.117110966062297513e-05
-9.053997295162936020e-05
-9.973899356250871459e-05
-1.087550490364930174e-04
-1.175750184831040565e-04
-1.261867242253326461e-04
-1.345797327981811174e-04
-1.427426778399028696e-04
-1.506654049822936262e-04
-1.583372034567511605e-04
-1.657488118619241909e-04
-1.728918507963930762e-04
-1.797578680959808215e-04
-1.863372823168527720e-04
-1.926229094396365946e-04
-1.986067854520023911e-04
-2.042808121647239714e-04
-2.096378130383788488e-04
-2.146716215784060606e-04
-2.193766036535643043e-04
-2.237475789117759906e-04
-2.277799657619764689e-04
-2.314688185022766714e-04
-2.348103150711127374e-04
-2.378010839561041357e-04
-2.404390793062158164e-04
-2.427222648363690195e-04
-2.446487525357923950e-04
-2.462178140646606428e-04
-2.474289302774445990e-04
-2.482821057769952415e-04
-2.487776362276578990e-04
-2.489163404129210639e-04
-2.486995403166017480e-04
-2.481284849396751336e-04
-2.472052814266359716e-04
-2.459328931694961299e-04
-2.443151195224304672e-04
-2.423562210602677694e-04
-2.400607144133726190e-04
-2.374326510228044176e-04
-2.344780827740084730e-04
-2.312034114640280533e-04
-2.276154650985956452e-04
-2.237208911469318069e-04
-2.195263937316053961e-04
-2.150390641898620428e-04
-2.102670618871312817e-04
-2.052182167422918516e-04
-1.999001934697173589e-04
-1.943206097518040303e-04
-1.884884738264871627e-04
-1.824118553399905118e-04
-1.761006460852514047e-04
-1.695647827512745552e-04
-1.628143229544846374e-04
-1.558603688506702103e-04
-1.487129145996132567e-04
-1.413834475518401499e-04
-1.338819640340260840e-04
-1.262190313996317881e-04
-1.184061099805144325e-04
-1.104547688124796315e-04
-1.023766963550671932e-04
-9.418305509441099682e-05
-8.588582869780947936e-05
-7.749726356619985083e-05
-6.903004162471639081e-05
-6.049649707834869536e-05
-5.190891327973765464e-05
-4.327899260450226261e-05
-3.461873617252419203e-05
-2.593979695008812654e-05
-1.725430904847589521e-05
-8.574630084611558953e-06
8.744106517402813967e-08
8.720253962947630645e-06
1.731200211980219375e-05
2.585020706489276729e-05
3.432264381006325233e-05
4.271766487668732085e-05
5.102364819874042647e-05
5.922859843796696270e-05
6.732155736055185093e-05
7.529225377754689304e-05
8.312993606951012257e-05
9.082454102939974420e-05
9.836560490685485568e-05
1.057427102967398467e-04
1.129454075939238870e-04
1.199637672046720418e-04
1.267889333793411494e-04
1.334117906470256340e-04
1.398236562284681239e-04
1.460156450216183559e-04
1.519799768566807265e-04
1.577087590480467222e-04
1.631947378278253901e-04
1.684315266197307338e-04
1.734127244328994503e-04
1.781326853420048620e-04
1.825855658051180367e-04
1.867659895757707784e-04
1.906696675701616934e-04
1.942931966190328274e-04
1.976325044182831786e-04
2.006851854582227879e-04
2.034478319371299906e-04
2.059176433899125686e-04
2.080917425649737135e-04
2.099695324527152548e-04
2.115493730562815892e-04
2.128293873554732362e-04
2.138082344073917007e-04
2.144853529627483747e-04
2.148612012521375423e-04
2.149362433034554976e-04
2.147122326442399594e-04
2.141915915797278005e-04
2.133773947545915641e-04
2.122717064687942596e-04
2.108777054632201967e-04
2.091986812842977061e-04
2.072383988436405928e-04
2.049999992376708039e-04
2.024870159788984356e-04
1.997053006924179861e-04
1.966601630593367350e-04
1.933563976916770853e-04
1.898001520417250815e-04
1.859960413077064274e-04
1.819496292929333441e-04
1.776661302501152345e-04
1.731520625298405838e-04
1.684149045348287699e-04
1.634618138999917542e-04
1.582997997723420587e-04
1.529368949762929190e-04
1.473813109740115194e-04
1.416419761655985168e-04
1.357272240451925106e-04
1.296454730871922877e-04
1.234068564278689749e-04
1.170205360159392091e-04
1.104952100574249098e-04
1.038408776321092476e-04
9.706680695494018796e-05
9.018209319684997508e-05
8.319605344892895213e-05
7.611892202928802165e-05
6.896098574184258002e-05
6.173219668680225963e-05
5.444355293207194180e-05
4.710395528632438204e-05
3.972366332980863519e-05
3.231235110528689851e-05
2.488006570885808899e-05
1.743705536131631646e-05
9.993676847461085034e-06
2.560684749044929115e-06
-4.851662562936865024e-06
-1.223313302417863858e-05
-1.957479439850418830e-05
-2.686588801082833051e-05
-3.409772732120566551e-05
-4.126112298241087971e-05
-4.834719181674596852e-05
-5.534667174665521688e-05
-6.225044050449213111e-05
-6.904916698513373753e-05
-7.573312918679368322e-05
-8.229366547459003155e-05
-8.872216566983865554e-05
-9.501076926560550733e-05
-1.011499732590191432e-04
-1.071314010088661293e-04
-1.129469333286425744e-04
-1.185892171940924222e-04
-1.240517749537596332e-04
-1.293280892661109478e-04
-1.344121311657782306e-04
-1.392973473027065096e-04
-1.439783928007189900e-04
-1.484501277155549591e-04
-1.527073671937270846e-04
-1.567452717386494767e-04
-1.605592562483416160e-04
-1.641437383714652377e-04
-1.674944805746461510e-04
-1.706064626775651916e-04
-1.734761778267368060e-04
-1.761001793018765937e-04
-1.784750091875615880e-04
-1.805973575243737461e-04
-1.824652174754705022e-04
-1.840765632476587229e-04
-1.854303010616605376e-04
-1.865254625967298233e-04
-1.873615965867735100e-04
-1.879384639941565616e-04
-1.882566178639992298e-04
-1.883161571877959054e-04
-1.881177728397853200e-04
-1.876623203377700971e-04
-1.869506242145462535e-04
-1.859842520925975972e-04
-1.847644301429848107e-04
-1.832939574538516977e-04
-1.815751148955879258e-04
-1.796105929149428881e-04
-1.774033108365763629e-04
-1.749567595835790695e-04
-1.722755757286603023e-04
-1.693635069236968781e-04
-1.662249700290688423e-04
-1.628652065040289037e-04
-1.592880034117659025e-04
-1.554976066927972564e-04
-1.514992068570312133e-04
-1.472987371212275529e-04
-1.429025696835885056e-04
-1.383172021640562447e-04
-1.335485784320183911e-04
-1.286034179821478102e-04
-1.234887048617064581e-04
-1.182120896810806083e-04
-1.127818818081328234e-04
-1.072057083152260670e-04
-1.014907578969435876e-04
-9.564520085032096348e-05
-8.967571358004986469e-05
-8.359074505937960718e-05
-7.739919935795303333e-05
-7.110991431671753835e-05
-6.473157050309469047e-05
-5.827311849981515378e-05
-5.174369121039174837e-05
-4.515224117780693023e-05
-3.850825410135808285e-05
-3.182021756390311515e-05
-2.509814359309095900e-05
-1.835114195419915595e-05
-1.158827158180862996e-05
-4.818047258671496784e-06
1.950183775199108322e-06
8.706273713113739387e-06
1.544164991280843227e-05
2.214702289776825575e-05
2.881259410106738121e-05
3.542841946686312699e-05
4.198612892325562376e-05
4.847594920675599416e-05
5.489045989329886284e-05
6.122169827776404989e-05
6.746168408219994082e-05
7.360120676087063393e-05
7.963288014860427999e-05
8.554898342972390088e-05
9.134113789684656173e-05
9.700247890913381646e-05
1.025260370795449201e-04
1.079043626032647585e-04
1.131306696052522775e-04
1.181978706135154776e-04
1.230990326389574767e-04
1.278280209551840363e-04
1.323779893785439186e-04
1.367438545631640627e-04
1.409198737431116186e-04
1.449011149143228903e-04
1.486820366338307859e-04
1.522579263170538129e-04
1.556249268146042697e-04
1.587799359278813983e-04
1.617184992895220115e-04
1.644364008160090001e-04
1.669301881766049433e-04
1.691974519068247321e-04
1.712349095988750151e-04
1.730396783193666806e-04
1.746086746255125775e-04
1.759397558575794180e-04
1.770305827082450771e-04
1.778798561996956242e-04
1.784870563355430426e-04
1.788512455008048514e-04
