1.715579673663079050e-04
1.709831049472652735e-04
1.695772956020703750e-04
1.673523379037826519e-04
1.643244327054533985e-04
1.605136437167322479e-04
1.559437762080813383e-04
1.506427786598270855e-04
1.446417949558032924e-04
1.379742340959639853e-04
1.306775381836713977e-04
1.227916954389978083e-04
1.143603554247806539e-04
1.054286736973992665e-04
9.604367945999743648e-05
8.625557212042200806e-05
7.611462408008673171e-05
6.567320868517133618e-05
5.498416084195484083e-05
4.410181585592700955e-05
3.308049598829583955e-05
2.197521434414970761e-05
1.084096665176740454e-05
-2.679620395275214887e-07
-1.129778019304221115e-05
-2.219459945272396180e-05
-3.290581275562690338e-05
-4.338068097632663284e-05
-5.356989381561740770e-05
-6.342523562225552223e-05
-7.290090402132379309e-05
-8.195276605825631668e-05
-9.053949192445377605e-05
-9.862126885070807039e-05
-1.061618680129961586e-04
-1.131284361820608121e-04
-1.194912654715946294e-04
-1.252238074810586789e-04
-1.303031212603731779e-04
-1.347096622224504335e-04
-1.384275138049828754e-04
-1.414446906459806280e-04
-1.437522364711420132e-04
-1.453450628725622574e-04
-1.462209113901401616e-04
-1.463810095780091825e-04
-1.458302153167948889e-04
-1.445770913708863971e-04
-1.426332768734438509e-04
-1.400147608708385207e-04
-1.367397196165879235e-04
-1.328293019195976110e-04
-1.283086304671371479e-04
-1.232055958777285992e-04
-1.175502499255425394e-04
-1.113753074712359550e-04
-1.047160439846519988e-04
-9.760927692461271021e-05
-9.009277616443703372e-05
-8.220722923895623494e-05
-7.399439537074877795e-05
-6.549728994223731984e-05
-5.676028235393544455e-05
-4.782878392390177544e-05
-3.874807788340738768e-05
-2.956397577111775332e-05
-2.032276486175133004e-05
-1.107047830087761739e-05
-1.853581281367703031e-06
7.283139253620494592e-06
1.629542910708532639e-05
2.514038013613583596e-05
3.377594399776260312e-05
4.216241903102065726e-05
5.026096935213936591e-05
5.803500651668578702e-05
6.544931934690385021e-05
7.247047010228824899e-05
7.906829376344431135e-05
8.521442843050879002e-05
9.088365606612172111e-05
9.605282431339901440e-05
1.007009776918592158e-04
1.048103680983618715e-04
1.083659567381790748e-04
1.113561257843021185e-04
1.137723671738093633e-04
1.156082498542227149e-04
1.168606540801221932e-04
1.175298885627162773e-04
1.176188646689929791e-04
1.171333491365040549e-04
1.160820430165780697e-04
1.144764668017508110e-04
1.123313684894267490e-04
1.096629946958851970e-04
1.064910921387040091e-04
1.028369560101908680e-04
9.872421049891036112e-05
9.417830966651678597e-05
8.922770655486271768e-05
8.390180373404380562e-05
7.823175081192356903e-05
7.225038549415612214e-05
6.599099277763583978e-05
5.948836677878346219e-05
5.277775543605135337e-05
4.589456070169980995e-05
3.887527408656905675e-05
3.175657616931057100e-05
2.457488622281755891e-05
1.736665239603156193e-05
1.016840409281019288e-05
3.015974945979476360e-06
-4.055769975791597416e-06
-1.101259569702453704e-05
-1.782164704776048890e-05
-2.445096505374608138e-05
-3.086977609390503525e-05
-3.704999037540761649e-05
-4.296428223756180336e-05
-4.858765729466035804e-05
-5.389690149719505687e-05
-5.887016527825691156e-05
-6.348774092913785127e-05
-6.773207768107340104e-05
-7.158734420524310183e-05
-7.503984755987236734e-05
-7.807895690309478714e-05
-8.069612090076433604e-05
-8.288425104516509902e-05
-8.463918293737300071e-05
-8.595789281526150429e-05
-8.684068867841900855e-05
-8.728969870886017595e-05
-8.730948633359589966e-05
-8.690683181470127707e-05
-8.609060005867933774e-05
-8.487090424314012831e-05
-8.326029582283444859e-05
-8.127351279263496657e-05
-7.892772638077346758e-05
-7.624094703343524903e-05
-7.323305874021235546e-05
-6.992473491019228883e-05
-6.633832975571772768e-05
-6.249629030713485067e-05
-5.842221854589592974e-05
-5.414049150274587196e-05
-4.967637805151084917e-05
-4.505514463071674011e-05
-4.030296019726685913e-05
-3.544519672686298689e-05
-3.050758048389926139e-05
-2.551622310571403270e-05
-2.049707714037547139e-05
-1.547601412473463477e-05
-1.047809951428171493e-05
-5.527632184556534621e-06
-6.480821054085527661e-07
4.137275867462651926e-06
8.806422059701442969e-06
1.333787802536842125e-05
1.771125684845465542e-05
2.190785724835829986e-05
2.591018790623537233e-05
2.970174298465856115e-05
3.326785580764084384e-05
3.659540276501911508e-05
3.967265437567401784e-05
4.248899157442280776e-05
4.503592120196082797e-05
4.730727625435862850e-05
4.929755765198249240e-05
5.100240968745786523e-05
5.242005750085369082e-05
5.354931581198393018e-05
5.439129218356584996e-05
5.494847318454166923e-05
5.522481179576882291e-05
5.522595475325825862e-05
5.495891991404565249e-05
5.443128810714172158e-05
5.365238253114684849e-05
5.263225408457569942e-05
5.138123587323024417e-05
4.991158152914293195e-05
4.823644398038814967e-05
4.636907317402246746e-05
4.432391168631358974e-05
4.211608085300601366e-05
3.976167738557668163e-05
3.727629204841079148e-05
3.467645533464670110e-05
3.197822751467775632e-05
2.919717347234990684e-05
2.634974712402030227e-05
2.345230771686282286e-05
2.052125725499046494e-05
1.757270308012812778e-05
1.462165481954696202e-05
1.168295667405653178e-05
8.771278797398149790e-06
5.901005424005089929e-06
3.085273570442970675e-06
3.371916787025541298e-07
-2.331343760303004382e-06
-4.909277136125226851e-06
-7.385969183827651784e-06
-9.751792910981512419e-06
-1.199802613746865019e-05
-1.411637648151708204e-05
-1.609998086707328970e-05
-1.794246846015924992e-05
-1.963900037787984565e-05
-2.118553623810347293e-05
-2.257890475549537994e-05
-2.381776199092685778e-05
-2.490042839509740651e-05
-2.582664525638737023e-05
-2.659687468571500572e-05
-2.721271009553214191e-05
-2.767647255259333261e-05
-2.799128754705660363e-05
-2.816156465904934950e-05
-2.819233602700526323e-05
-2.808950060929682252e-05
-2.785912467957236309e-05
-2.750784915770672511e-05
-2.704234625031752735e-05
-2.647031034639457474e-05
-2.579992807170914526e-05
-2.503935955030018630e-05
-2.419582556091633214e-05
-2.327696879328060577e-05
-2.229184953193167945e-05
-2.124801229591824123e-05
-2.015381481819642379e-05
-1.901820238189119337e-05
-1.784979281568895167e-05
-1.665589016509511064e-05
-1.544487098863382663e-05
-1.422408373690797631e-05
-1.300079713518670680e-05
-1.178164214737765185e-05
-1.057301319513376931e-05
-9.380824509527040740e-06
-8.210988837479876230e-06
-7.068781082499944011e-06
-5.958415104072339302e-06
-4.884161787587813918e-06
-3.850093855693044093e-06
-2.860040868412657675e-06
-1.916743161960386683e-06
-1.022958276693256699e-06
-1.808690189809394220e-07
6.074063916700719838e-07
1.340669894913263287e-06
2.018682179881370059e-06
2.641098995732112453e-06
3.208622215886414350e-06
3.722266038331878698e-06
4.183253977249154379e-06
4.592570275899870585e-06
4.951598960038725276e-06
5.262865849091323002e-06
5.529095442398683494e-06
5.753876612467857327e-06
5.939719492285710191e-06
6.089644246773095326e-06
6.207667219304502067e-06
6.296808003817151237e-06
6.361011780388517621e-06
6.403557687512075795e-06
6.428203506414011429e-06
6.438295685499847865e-06
6.437769197925917523e-06
6.430289930605248849e-06
6.418470477284301517e-06
6.405047881209658469e-06
6.392136485374187251e-06
6.382107953024767036e-06
6.377094880444243751e-06
6.379776650228650715e-06
6.392100592677378806e-06
6.415266948601177583e-06
6.451232496723164853e-06
6.501097932981183500e-06
6.565435636345931595e-06
6.644096025825496212e-06
6.736751481591534877e-06
6.843391203957901037e-06
6.963730226807137782e-06
7.097417320438282112e-06
7.243753427913157991e-06
7.402176787703338689e-06
7.571025189193091131e-06
7.748877681009398968e-06
7.934721800010673370e-06
8.126821747961733133e-06
8.323773790866303621e-06
8.523035031215564895e-06
8.721328726104706885e-06
8.915814049949236656e-06
9.103900735487491184e-06
9.281801384075481385e-06
9.446514905857528811e-06
9.595372358901605120e-06
9.725363330961053591e-06
9.833116426750951466e-06
9.914966728025368159e-06
9.967189688424952105e-06
9.987055520075468164e-06
9.971805806360377011e-06
9.918970612253590589e-06
9.826110680036396607e-06
9.690859855062962077e-06
9.510890919552679316e-06
9.284385849822566626e-06
9.010264043743851687e-06
8.688109855480376681e-06
8.316115057964452650e-06
7.894284905380208252e-06
7.422435251375426544e-06
6.899996848364258479e-06
6.327413649067236244e-06
5.704727024212231279e-06
5.032576705072470857e-06
4.312722976601430381e-06
3.547382540858930684e-06
2.738394222587299096e-06
1.888134830316320330e-06
9.999337805713839500e-07
7.646433818948725002e-08
-8.790747433076802143e-07
-1.863282629357997205e-06
-2.871833446058871080e-06
-3.900541593954610123e-06
-4.944614122180748613e-06
-5.999270237444763261e-06
-7.059421551024320487e-06
-8.119770401177008975e-06
-9.175441639238086794e-06
-1.022112452641093093e-05
-1.125133437552742373e-05
-1.226020376228001622e-05
-1.324278473007728324e-05
-1.419326871227402461e-05
-1.510666874617357278e-05
-1.597696968996932009e-05
-1.679797606111529582e-05
-1.756420473457656170e-05
-1.827024748090260537e-05
-1.891104516344093518e-05
-1.948194585585837026e-05
-1.997814559418991686e-05
-2.039492151431978212e-05
-2.072779140664061985e-05
-2.097256616915904584e-05
-2.112655899400135652e-05
-2.118761143340933088e-05
-2.115337790714522570e-05
-2.102225805253150149e-05
-2.079275594988784170e-05
-2.046379025795351449e-05
-2.003522880722425286e-05
-1.950781541439632505e-05
-1.888254312617771937e-05
-1.816030125337123654e-05
-1.734350484465160407e-05
-1.643424062356381118e-05
-1.543559113915454392e-05
-1.435048986042822188e-05
-1.318267000193106532e-05
-1.193616521670558373e-05
-1.061539365324604845e-05
-9.227215876491543309e-06
-7.777630590220298108e-06
-6.273050986341558409e-06
-4.719597201817507073e-06
-3.124066757979175894e-06
-1.493979658071714592e-06
1.632886110222300280e-07
1.840118753858091934e-06
3.528753849917605803e-06
5.221321288259355160e-06
6.910408440749300654e-06
8.587909810243386641e-06
1.024667360408765610e-05
1.187787281583236359e-05
1.347389463473558764e-05
1.502688836065932133e-05
1.652902265454491055e-05
1.797290787640060052e-05
1.935103303382990824e-05
2.065634441788588761e-05
2.188200487500826608e-05
2.302082393303492422e-05
2.406725699120281219e-05
2.501506265245965349e-05
2.585930034251271887e-05
2.659491078997634625e-05
2.721741759964846520e-05
2.772343579944505263e-05
2.810923337530826303e-05
2.837178549492315081e-05
2.850849449410705440e-05
2.851768150952638215e-05
2.839910131105780652e-05
2.815231958774319922e-05
2.777791949170013469e-05
2.727588902171801703e-05
2.664770057305347161e-05
2.589574129869819547e-05
2.502350437263243924e-05
2.403492327157593950e-05
2.293424637956278261e-05
2.172622706627303277e-05
2.041580332474646561e-05
1.900853460177101919e-05
1.750967816808592540e-05
1.592544312266281129e-05
1.426183346064608985e-05
1.252619409331204195e-05
1.072567307560386283e-05
8.868038749944307382e-06
6.961417391343529506e-06
5.013589940201271212e-06
3.033641860428955983e-06
1.030153082639739374e-06
-9.880465528586660938e-07
-3.012561851913374648e-06
-5.034094862212043690e-06
-7.043322011233240141e-06
-9.031106448230088362e-06
-1.098836940437536189e-05
-1.290590333610042655e-05
-1.477461859268799961e-05
-1.658528843726445780e-05
-1.832931820704400386e-05
-1.999920364472517368e-05
-2.158720656289823064e-05
-2.308508975802018285e-05
-2.448538624626464411e-05
-2.578172608611232586e-05
-2.696758918420035769e-05
-2.803713336023959548e-05
-2.898475562582309426e-05
-2.980514558390010227e-05
-3.049392174656993402e-05
-3.104782116295477529e-05
-3.146337624879843399e-05
-3.173833951483218937e-05
-3.187044628223594336e-05
-3.185855585995606501e-05
-3.170239582182911216e-05
-3.140143594613719426e-05
-3.095632513980617144e-05
-3.036876953294901879e-05
-2.964110527618400682e-05
-2.877640666840840746e-05
-2.777808762981821432e-05
-2.665018019311891735e-05
-2.539775220290724195e-05
-2.402636028889479797e-05
-2.254270544294550922e-05
-2.095255463734818689e-05
-1.926322900139070424e-05
-1.748194008782592797e-05
-1.561697264062282545e-05
-1.367683400963392632e-05
-1.167014424777682786e-05
-9.605873426329526060e-06
-7.493760580896333530e-06
-5.342747400587547473e-06
-3.162756386297899792e-06
-9.638517318954223754e-07
1.243910942181748020e-06
3.450128352237739009e-06
5.644285552966816539e-06
7.816066447826449575e-06
9.956305310986119002e-06
1.205472881901600257e-05
1.410197890013510932e-05
1.608927278400076552e-05
1.800783575261797901e-05
1.984885674609643749e-05
2.160480441021512003e-05
2.326751751568979622e-05
2.482927056361119406e-05
2.628263358185964219e-05
2.761988942956980427e-05
2.883476222395314618e-05
2.992164200524682346e-05
3.087502542876603153e-05
3.168965602457677157e-05
3.236194483710631029e-05
3.288790262807602760e-05
3.326547323804047117e-05
3.349269553218018068e-05
