4.504281536001019482e-05
4.480436074519470260e-05
4.417615027448293293e-05
4.316911154817038547e-05
4.179800953440356243e-05
4.008088890822255137e-05
3.803885790032505683e-05
3.569596217973220007e-05
3.307875152996302121e-05
3.021562137842902839e-05
2.713704462132181274e-05
2.387518352548219635e-05
2.046356105311192535e-05
1.693631337545875630e-05
1.332812673864445965e-05
9.673456055126114890e-06
6.006750792341279777e-06
2.361776609838508140e-06
-1.228527219876161061e-06
-4.732538092170108474e-06
-8.120340930143093536e-06
-1.136382992275776950e-05
-1.443720894625100516e-05
-1.731690698736742447e-05
-1.998167778856437291e-05
-2.241310360505115404e-05
-2.459557871616188315e-05
-2.651663772359627317e-05
-2.816642852564039528e-05
-2.953790753643458460e-05
-3.062706957498855540e-05
-3.143270802563298219e-05
-3.195633402832689322e-05
-3.220212765254989497e-05
-3.217697245490268028e-05
-3.188990982774597894e-05
-3.135227961983729498e-05
-3.057734256329802918e-05
-2.958015129849789811e-05
-2.837739894734973067e-05
-2.698690632050905152e-05
-2.542767011168427406e-05
-2.371951107635949054e-05
-2.188303292553355649e-05
-1.993933358763216759e-05
-1.790919384054179031e-05
-1.581322611629123781e-05
-1.367198568340011674e-05
-1.150545212154323829e-05
-9.333044596090885612e-06
-7.173135333408167535e-06
-5.042957541716133185e-06
-2.958622810362820933e-06
-9.348810966456733861e-07
1.014661600160640052e-06
2.877915953644940801e-06
4.644267186166524903e-06
6.304687505541767202e-06
7.851578489596875880e-06
9.278834595624725151e-06
1.058165823794518444e-05
1.175754126061611127e-05
1.280488809041524498e-05
1.372330748884488278e-05
1.451379384120720783e-05
1.517805928469323093e-05
1.571893826261609413e-05
1.614006491444255635e-05
1.644582061886470649e-05
1.664109427525774481e-05
1.673147101287189687e-05
1.672284399828425234e-05
1.662159499950569179e-05
1.643425830750655449e-05
1.616765390027854199e-05
1.582831646184343986e-05
1.542261692749583322e-05
1.495663692961005738e-05
1.443663679405043344e-05
1.386870240757576793e-05
1.325844481840856521e-05
1.261125751309711932e-05
1.193168629782676365e-05
1.122405870382294888e-05
1.049260467820436740e-05
9.741051120807972378e-06
8.972856667586394695e-06
8.190895859505332356e-06
7.397749955758918195e-06
6.595455179782947217e-06
5.786107175677268749e-06
4.971408017806414460e-06
4.152998481355285197e-06
3.332359451427245149e-06
2.510748346775120050e-06
1.689367536901157348e-06
8.694533431845695879e-07
5.192346314855459688e-08
-7.619604683387928819e-07
-1.571088222496033853e-06
-2.373589088307961104e-06
-3.167388161120350770e-06
-3.950573641618079429e-06
-4.720797947407396633e-06
-5.475365671686857964e-06
-6.211361158555222758e-06
-6.925631912975868304e-06
-7.614699897194809177e-06
-8.275117195576166623e-06
-8.902891065717689336e-06
-9.494296361857512145e-06
-1.004551407080076568e-05
-1.055261285997183705e-05
-1.101145569140711775e-05
-1.141819399515577670e-05
-1.176881858235184875e-05
-1.205950538915476168e-05
-1.228673382694119942e-05
-1.244710232146319495e-05
-1.253724627136321687e-05
-1.255490388113797559e-05
-1.249793191026750840e-05
-1.236518436817878054e-05
-1.215563024019011372e-05
-1.186896279165807050e-05
-1.150498803888011295e-05
-1.106466728358531854e-05
-1.054988593142596809e-05
-9.963032681432437864e-06
-9.307002674102668186e-06
-8.585660362923152214e-06
-7.803159629593617715e-06
-6.964097523632031810e-06
-6.074223054224736680e-06
-5.139168492355038428e-06
-4.165034197465105154e-06
-3.158132371551327917e-06
-2.125229507519726702e-06
-1.073802835534903431e-06
-1.166915697071940498e-08
1.053652092654649987e-06
2.114146568353279396e-06
3.161680917083148424e-06
4.188055190377321048e-06
5.185510398167388505e-06
6.146381421952768471e-06
7.063732468816507848e-06
7.930662625519607694e-06
8.740308504690024721e-06
9.486462671203241685e-06
1.016351332865889617e-05
1.076635214245732769e-05
1.129041450099857817e-05
1.173198913870398164e-05
1.208793182828647816e-05
1.235628089115974449e-05
1.253548709969211188e-05
1.262473563952942335e-05
1.262411439615281162e-05
1.253489242193613105e-05
1.235853168039555429e-05
1.209733729093917631e-05
1.175400842440673050e-05
1.133198121075249424e-05
1.083527018303818783e-05
1.026856375312393653e-05
9.637040809075559923e-06
8.946374693177933679e-06
8.202509465679108406e-06
7.411480581820259791e-06
6.579502566879491731e-06
5.713395560231207167e-06
4.820205682741058215e-06
3.906925872444009231e-06
2.980638506187602572e-06
2.048084581425273009e-06
1.116360153296068930e-06
1.921037492489532802e-07
-7.182770729118123496e-07
-1.608537441438956095e-06
-2.472666312399805309e-06
-3.305019736392312765e-06
-4.100049944274544169e-06
-4.853078374511522213e-06
-5.559832447339235185e-06
-6.216459319055732258e-06
-6.819569021326781144e-06
-7.365924655089537559e-06
-7.852938222480013329e-06
-8.278292693897221842e-06
-8.640442848804888716e-06
-8.938678135752628219e-06
-9.172569201613232841e-06
-9.342077039625941385e-06
-9.447633811631836513e-06
-9.490281453601746565e-06
-9.471224972822241570e-06
-9.392727288141472047e-06
-9.256964244383453455e-06
-9.066360931424260141e-06
-8.824099700162228098e-06
-8.533508894205627397e-06
-8.197640680001901009e-06
-7.819869807817694834e-06
-7.403631452290086651e-06
-6.952540758224572755e-06
-6.470289558594064164e-06
-5.960770986831163105e-06
-5.428015176528914001e-06
-4.876159473860943614e-06
-4.308957354765345774e-06
-3.730344966509373796e-06
-3.144139329225396251e-06
-2.553867498610921522e-06
-1.962862779627300383e-06
-1.374498801762763252e-06
-7.920765931607201726e-07
-2.185251462962580384e-07
3.434299697308274836e-07
8.912325621878668222e-07
1.422501760144022247e-06
1.935027345195239917e-06
2.426964796695747359e-06
2.896614024647409709e-06
3.342575904504608260e-06
3.763671369006163721e-06
4.158507036313110580e-06
4.526040025929331707e-06
4.865188267521824307e-06
5.174764817937107860e-06
5.453678685820860109e-06
5.701100699517238583e-06
5.916743198350804447e-06
6.100334017207282414e-06
6.251354667206190656e-06
6.369206764947792085e-06
6.453876145158838500e-06
6.505227175730146630e-06
6.523220097860951416e-06
6.507917985351232694e-06
6.459451620276120030e-06
6.378152827860348582e-06
6.264544157428922976e-06
6.118873397561129614e-06
5.941576800110784831e-06
5.733425208458629368e-06
5.495167566671840067e-06
5.227765227738519044e-06
4.932398038441338330e-06
4.610485906333678954e-06
4.263676373175947476e-06
3.893752118457182694e-06
3.502888540074093671e-06
3.093276469102597473e-06
2.667208495838062087e-06
2.227121579068149582e-06
1.775846635382254196e-06
1.316002419205967038e-06
8.505005231423791879e-07
3.820598698167235367e-07
-8.607735934293191869e-08
-5.507773392969822928e-07
-1.008918792529634002e-06
-1.457665190500608513e-06
-1.893895333713173045e-06
-2.314378732764291124e-06
-2.716162494494629163e-06
-3.096679543279214613e-06
-3.453779723212006525e-06
-3.785195664512645232e-06
-4.089852850731569089e-06
-4.366186124787311908e-06
-4.612411121460460752e-06
-4.827214581184144518e-06
-5.009495228546448177e-06
-5.158429059043482525e-06
-5.273528084564314749e-06
-5.354479301940322111e-06
-5.401349079069079041e-06
-5.414379895864562940e-06
-5.393951358310319300e-06
-5.340328356970862687e-06
-5.254188297370706329e-06
-5.136788094152108379e-06
-4.989475904535253764e-06
-4.813432089193479462e-06
-4.610025275355040008e-06
-4.380807431479577358e-06
-4.127343137933017329e-06
-3.851448578382582671e-06
-3.554990379080148577e-06
-3.240027064232791150e-06
-2.908545854789452789e-06
-2.562454351015662202e-06
-2.204065651601682882e-06
-1.835591545598717173e-06
-1.459100482080578864e-06
-1.077178477885207447e-06
-6.921848605614247092e-07
-3.067878146263458392e-07
7.644852747940254608e-08
4.548133468783530447e-07
8.259759685914596817e-07
1.187430024699543250e-06
1.536345596310952811e-06
1.870275702339775689e-06
2.186815396068650662e-06
2.483850955808578625e-06
2.759582951415993024e-06
3.012045466680624953e-06
3.239532851584045222e-06
3.440786708304636469e-06
3.614482815556189254e-06
3.759457983794626077e-06
3.874901576245618116e-06
3.960352709796759527e-06
4.015375224579576828e-06
4.039906827741524353e-06
4.033988674649348203e-06
3.997947978862292729e-06
3.932462058333403441e-06
3.838674684522584864e-06
3.717828021612700972e-06
3.571190715049894996e-06
3.400509717950132825e-06
3.207351559362774604e-06
2.993870711516797240e-06
2.762310177184657600e-06
2.514410794225799921e-06
2.252475175763319706e-06
1.978902193319075226e-06
1.696122512842444229e-06
1.406661388769250047e-06
1.112952607919753588e-06
8.177730893882509238e-07
5.238528873642049630e-07
2.341676831918349079e-07
-4.868082843456814499e-08
-3.224431301863144715e-07
-5.849636039767417614e-07
-8.336511829569307109e-07
-1.066468711238292579e-06
-1.281273035512628610e-06
-1.476381028760961230e-06
-1.649893913019949233e-06
-1.800895455280377557e-06
-1.928534645459276550e-06
-2.032218281406820535e-06
-2.111608598533642923e-06
-2.166856178737277404e-06
-2.198195086220519673e-06
-2.206129360474514346e-06
-2.191228776667502271e-06
-2.154545142620223292e-06
-2.097194415521524726e-06
-2.020714278129574337e-06
-1.926396804780665102e-06
-1.815941188595782820e-06
-1.691468880259527724e-06
-1.555440530464570705e-06
-1.410274873087262906e-06
-1.258062535181267818e-06
-1.101278653493747690e-06
-9.422588730444098940e-07
-7.833689448037645856e-07
-6.272448574842281823e-07
-4.762247450553982502e-07
-3.324980562058829865e-07
-1.977803560905283494e-07
-7.407964685395651376e-08
3.678862893927268449e-08
1.332353699091964075e-07
2.141444017571371425e-07
2.782641560643796321e-07
3.248548941291202918e-07
3.534987661700649518e-07
3.640496566732380955e-07
3.568109705346749383e-07
3.323739996957617090e-07
2.915395402651579476e-07
2.354327737155126179e-07
1.655576676329009161e-07
8.353775598400407890e-08
-8.667169313717875751e-09
-1.089942682208764762e-07
-2.156369530903638063e-07
-3.264559519025866116e-07
-4.392007645119237714e-07
-5.514770742488862180e-07
-6.608213782224928242e-07
-7.650594621219658658e-07
-8.619727182732114249e-07
-9.494217694790951217e-07
-1.025477726221962077e-06
-1.088441910794841547e-06
-1.136603001787825590e-06
-1.168721620853009611e-06
-1.183462496249165633e-06
-1.180054801777176850e-06
-1.157739554096985338e-06
-1.115899606939578953e-06
-1.054438566083686588e-06
-9.729640571171859475e-07
-8.715200323208708721e-07
-7.508995722809688918e-07
-6.122279395260135600e-07
-4.567649372136559453e-07
-2.861568567180215640e-07
-1.024311404124754297e-07
9.242118499837627782e-08
2.960984995660198863e-07
5.061078103748111994e-07
7.195882569367141753e-07
9.336781403007222755e-07
1.145676200632524771e-06
1.352876672071395427e-06
1.552224037033007384e-06
1.740966170782234114e-06
1.916733875585666492e-06
2.077013311828063097e-06
2.219463509980899907e-06
2.341984521658177052e-06
2.442615645480542142e-06
2.519949548408746294e-06
2.572722741022898015e-06
2.599981604937420111e-06
2.600863322138124065e-06
2.574922895693484771e-06
2.522093532789185045e-06
2.442867322603211744e-06
2.337920507348286024e-06
2.208493526229473220e-06
2.055917018946230443e-06
1.881906429071662016e-06
1.688506665273015179e-06
1.477912661032918607e-06
1.252585145606003673e-06
1.014928065148885170e-06
7.672357839082869115e-07
5.120704246239747697e-07
2.519400369012189052e-07
-1.067758745100096769e-08
-2.727479744699403509e-07
-5.317566942194865290e-07
-7.853194498620795944e-07
-1.030729361037889932e-06
-1.265521253833708177e-06
-1.487707504888002949e-06
-1.695209027961580298e-06
-1.886348788360714908e-06
-2.059486160454817856e-06
-2.213179354048883656e-06
-2.346350472117817632e-06
-2.457989248006664430e-06
-2.547481088872507219e-06
-2.614336276121908780e-06
-2.658465960304610218e-06
-2.680016728377159501e-06
-2.679449110408836733e-06
-2.657247894791425272e-06
-2.614251167160780086e-06
-2.551248495619027426e-06
-2.469387557489016358e-06
-2.369769604027986409e-06
-2.254041226271293833e-06
-2.123749725832856107e-06
-1.980751592905072389e-06
-1.827091828964090834e-06
-1.664245181331481664e-06
-1.494129400784834623e-06
-1.318269930811501737e-06
-1.138097508841659814e-06
-9.553968904564717066e-07
-7.717238868641412053e-07
-5.887845910152270979e-07
-4.078002855622228969e-07
-2.297170573241981679e-07
-5.544170502441957243e-08
1.143980105473641912e-07
2.791740007797279564e-07
4.382297127944069902e-07
5.910030807584647344e-07
7.369655704374660855e-07
8.757675115352938369e-07
1.007011565298347002e-06
1.130069848414316728e-06
1.244747974293652646e-06
1.350633428218526201e-06
1.447453572460044817e-06
1.535534662656589563e-06
1.614776635349301386e-06
1.685331776549585100e-06
1.747428197314634513e-06
1.801194165448786555e-06
1.846825791402213283e-06
1.884675998722408884e-06
1.914965682354346183e-06
1.938009765469003065e-06
1.954248560842806501e-06
1.963792086392217369e-06
