7.722441737989009449e-05
7.705103254367614630e-05
7.665089396013549737e-05
7.602964472690547598e-05
7.519458062270189408e-05
7.415492338101244846e-05
7.292128638858133593e-05
7.150572359393229103e-05
6.992164198497627121e-05
6.818332141265493525e-05
6.630577681415687351e-05
6.430452308895893423e-05
6.219546203622072170e-05
5.999456739993800329e-05
5.771755820147513104e-05
5.538003131068371598e-05
5.299699123298670157e-05
5.058291523435190642e-05
4.815134308395582394e-05
4.571470619030216820e-05
4.328434194597563197e-05
4.087033432233071770e-05
3.848136879999104098e-05
3.612495899309686281e-05
3.380724996836916116e-05
3.153307172302345320e-05
2.930583515850613830e-05
2.712794575835433854e-05
2.500045284781597936e-05
2.292335469001390187e-05
2.089552792339625795e-05
1.891502270280644624e-05
1.697907724146593050e-05
1.508431919868235123e-05
1.322678373904828652e-05
1.140218073597763523e-05
9.605990005457999261e-06
7.833560969249782422e-06
6.080227620903073984e-06
4.341750091014270801e-06
2.614189228695703090e-06
8.939363983783623445e-07
-8.220313404559162249e-07
-2.536074477088170848e-06
-4.249766391163751064e-06
-5.964113217140778759e-06
-7.679258598003171562e-06
-9.394560783350972713e-06
-1.110851861121728544e-05
-1.281884768924868006e-05
-1.452244134738477512e-05
-1.621552508702848070e-05
-1.789372897031393512e-05
-1.955208980183129690e-05
-2.118504476629834237e-05
-2.278674601943170055e-05
-2.435091850145543793e-05
-2.587105361802879958e-05
-2.734053364612944493e-05
-2.875274111301059593e-05
-3.010125984997359878e-05
-3.137952266025700551e-05
-3.258156320658389416e-05
-3.370177358601244915e-05
-3.473489105283596417e-05
-3.567642509862075539e-05
-3.652254923322959581e-05
-3.727007919710049094e-05
-3.791654261964747110e-05
-3.846030131284997695e-05
-3.890047631771961805e-05
-3.923708078914724020e-05
-3.947114852290661515e-05
-3.960444521363789736e-05
-3.963945800671665683e-05
-3.957931995263737048e-05
-3.942778178850115815e-05
-3.918933674082745636e-05
-3.886881612911344903e-05
-3.847154762082739235e-05
-3.800315342686913885e-05
-3.746964886497085789e-05
-3.687723513593035895e-05
-3.623225381418859433e-05
-3.554124717255877823e-05
-3.481048323332527623e-05
-3.404607888954973115e-05
-3.325405865301640074e-05
-3.243992079273898466e-05
-3.160894511782947052e-05
-3.076601093169168522e-05
-2.991558787464863346e-05
-2.906169228536683113e-05
-2.820790058104680201e-05
-2.735717313387742898e-05
-2.651200393208913740e-05
-2.567451275136003620e-05
-2.484610509259921001e-05
-2.402773504261289885e-05
-2.322009862135196147e-05
-2.242339774858019151e-05
-2.163744034038069805e-05
-2.086168285097416236e-05
-2.009525840137725734e-05
-1.933704009045400887e-05
-1.858578894662918997e-05
-1.783999882889824611e-05
-1.709796463614753669e-05
-1.635809738064527007e-05
-1.561878201942981540e-05
-1.487859247576805397e-05
-1.413612886334963090e-05
-1.339017773970285096e-05
-1.263976140014733147e-05
-1.188415062801946875e-05
-1.112289353574594613e-05
-1.035585037096485226e-05
-9.583010520606448089e-06
-8.804693409302455853e-06
-8.021465798783208173e-06
-7.234294391793254835e-06
-6.444388836679551058e-06
-5.653326365920726054e-06
-4.862986265621412495e-06
-4.075552415156791160e-06
-3.293472546312730958e-06
-2.519323218890018079e-06
-1.755776053908698897e-06
-1.005568231682826517e-06
-2.716238756030498919e-07
4.431069591708384808e-07
1.135677480344551860e-06
1.803289178233582126e-06
2.443330065601995712e-06
3.053316933886075202e-06
3.630856459110631359e-06
4.173887722210445445e-06
4.680576960016905069e-06
5.149409812776958551e-06
5.579218975570655196e-06
5.969354339200908205e-06
6.319232730614942879e-06
6.628697068954039159e-06
6.898057038639462737e-06
7.127773576912591221e-06
7.318791769117465917e-06
7.472195401261784797e-06
7.589384172740684885e-06
7.671925461844303075e-06
7.721449133998670186e-06
7.739996744562993634e-06
7.729611913497589490e-06
7.692503350285865272e-06
7.630839648937526239e-06
7.546921317106647209e-06
7.443144848439771030e-06
7.321763154841525431e-06
7.185003808102900182e-06
7.034830027810577226e-06
6.873134065988900490e-06
6.701566479257515361e-06
6.521591994559891241e-06
6.334596200752028956e-06
6.141805337985864602e-06
5.944122061085080076e-06
5.742251129123626282e-06
5.536789982396246622e-06
5.328239467257505842e-06
5.116852439471517867e-06
4.902545176917243131e-06
4.685042195202243408e-06
4.464052638868900474e-06
4.238956704704601025e-06
4.009110944753874749e-06
3.773868551785407848e-06
3.532553890283848880e-06
3.284362351340118207e-06
3.028590767322660439e-06
2.764567343274504726e-06
2.491655000411717338e-06
2.209452761756115222e-06
1.917728393021357355e-06
1.616407719382838183e-06
1.305626844373042427e-06
9.856420196329102133e-07
6.570128512923025440e-07
3.202941604401984904e-07
-2.336444584931585610e-08
-3.728425758220826048e-07
-7.268757405985426633e-07
-1.083849551618208869e-06
-1.442059186935797655e-06
-1.799774805725844650e-06
-2.155007196470868545e-06
-2.505832121388977174e-06
-2.850250975718855037e-06
-3.186235051455681990e-06
-3.511681908342724985e-06
-3.824734949871305130e-06
-4.123535562117609286e-06
-4.406367179838000526e-06
-4.671528226457275587e-06
-4.917505428715194523e-06
-5.142827512666776688e-06
-5.346388293713877628e-06
-5.527254511327106605e-06
-5.684749222048002213e-06
-5.818300022370181483e-06
-5.927695699456782610e-06
-6.012695985070154010e-06
-6.073357253402327095e-06
-6.109755906076629658e-06
-6.122290639413104163e-06
-6.111494983853040917e-06
-6.078235731859449401e-06
-6.023496404946266341e-06
-5.948391317058530224e-06
-5.854145703474996460e-06
-5.741956106627442253e-06
-5.613191659946286807e-06
-5.469028162359013168e-06
-5.310784339852556538e-06
-5.139793564341999141e-06
-4.957261575047325435e-06
-4.764334310926064097e-06
-4.562179539948753685e-06
-4.351740447951358670e-06
-4.133807277182290971e-06
-3.908968138411410266e-06
-3.677713080563913426e-06
-3.440372082649976103e-06
-3.197165316222169156e-06
-2.948099264669080290e-06
-2.693018993531661044e-06
-2.431695113137757101e-06
-2.163759991971340288e-06
-1.888512180700779085e-06
-1.605506772292930805e-06
-1.314027708024087041e-06
-1.013375492297748113e-06
-7.024815384354871618e-07
-3.804528645700537113e-07
-4.647169422320936379e-08
3.003060186481464630e-07
6.605313079587845740e-07
1.034871416981809974e-06
1.424015930819690745e-06
1.828291617959669176e-06
2.248104389685829296e-06
2.683707303021588486e-06
3.135133109434267007e-06
3.602228186522751433e-06
4.084678370777196916e-06
4.581965191178395269e-06
5.093450916052360883e-06
5.618137545761131712e-06
6.154996975760627199e-06
6.702869161069028170e-06
7.260393401935457331e-06
7.825983604058655695e-06
8.398023415515249105e-06
8.974838978556230198e-06
9.554525731674749005e-06
1.013509269910239913e-05
1.071450068424341018e-05
1.129081008266346260e-05
1.186197524578839284e-05
1.242601067533594681e-05
1.298121750804962331e-05
1.352599440333959572e-05
1.405870184467401555e-05
1.457789520299410155e-05
1.508214760467234286e-05
1.557024961072372759e-05
1.604101138845699846e-05
1.649348268138995014e-05
1.692679445092777664e-05
1.734021323013080088e-05
1.773296755537233496e-05
1.810447223637021155e-05
1.845414248360835696e-05
1.878145001029804995e-05
1.908599778286922742e-05
1.936744139777231573e-05
1.962528915877201951e-05
1.985909361636969926e-05
2.006848497659301532e-05
2.025318948392181281e-05
2.041285973670684846e-05
2.054705690701658303e-05
2.065542060362023219e-05
2.073745239858566271e-05
2.079267620045598415e-05
2.082056116539690336e-05
2.082066273880492664e-05
2.079249293061825608e-05
2.073543734687124991e-05
2.064900517471352396e-05
2.053268941753141067e-05
2.038585812044498076e-05
2.020790721416301680e-05
1.999833228361911833e-05
1.975666986856984274e-05
1.948245662688290926e-05
1.917540183400695829e-05
1.883509632355811317e-05
1.846110775335745025e-05
1.805313595343139587e-05
1.761099325610679023e-05
1.713467718184302961e-05
1.662423528051959042e-05
1.607986995723278430e-05
1.550195260593256115e-05
1.489116182417251122e-05
1.424810367618188190e-05
1.357381724939385905e-05
1.286939760692825406e-05
1.213631393288648043e-05
1.137593751204233844e-05
1.058995837399012553e-05
9.780040343438914559e-06
8.948255384329912863e-06
8.096718558996360304e-06
7.227740214839262938e-06
6.343649897687348364e-06
5.446982437159627840e-06
4.540130084879608376e-06
3.625611003713403610e-06
2.705873913033949004e-06
1.783504887256545734e-06
8.610520222994571962e-07
-5.888032301806325774e-08
-9.738820417521378096e-07
-1.881618961384912709e-06
-2.779864205670428185e-06
-3.666581562286113332e-06
-4.539875340017704949e-06
-5.397882568846725365e-06
-6.238949665857543516e-06
-7.061575667151425144e-06
-7.864469411885578816e-06
-8.646342215337498636e-06
-9.406243170918147654e-06
-1.014320841493321766e-05
-1.085666354307778405e-05
-1.154615556830289333e-05
-1.221138443976037097e-05
-1.285215318728115996e-05
-1.346835587976741462e-05
-1.406002386404973123e-05
-1.462737099372634943e-05
-1.517068639125324818e-05
-1.569037734027688079e-05
-1.618669548912232470e-05
-1.665991237691551508e-05
-1.711024292709736693e-05
-1.753796844146269241e-05
-1.794344707189829134e-05
-1.832706209456825595e-05
-1.868905145565623381e-05
-1.902977919101436389e-05
-1.934944726675036692e-05
-1.964810000366948816e-05
-1.992589594955183996e-05
-2.018284839649214554e-05
-2.041891378387071090e-05
-2.063406758871298331e-05
-2.082806221317823748e-05
-2.100058086679859536e-05
-2.115148420161680815e-05
-2.128043201522113593e-05
-2.138716031661790166e-05
-2.147122670029559863e-05
-2.153226070651725681e-05
-2.156962965618294315e-05
-2.158293005481292339e-05
-2.157175778008362039e-05
-2.153577376166927602e-05
-2.147454846241831549e-05
-2.138766277615264199e-05
-2.127484402122416761e-05
-2.113590041302206951e-05
-2.097070083316436058e-05
-2.077915765330842974e-05
-2.056130749911110972e-05
-2.031726316538701312e-05
-2.004723959359198883e-05
-1.975153534410177271e-05
-1.943084255793127001e-05
-1.908588815955212701e-05
-1.871745902946147909e-05
-1.832642747786572784e-05
-1.791386922501930662e-05
-1.748080260204243921e-05
-1.702836284784884041e-05
-1.655775042234411480e-05
-1.607028029112264855e-05
-1.556738312578553741e-05
-1.505053133307116029e-05
-1.452143592925169816e-05
-1.398170298904864007e-05
-1.343296441481316756e-05
-1.287688422288224077e-05
-1.231501862420847307e-05
-1.174894407845700507e-05
-1.118013141179822651e-05
-1.060994920642713906e-05
-1.003970592494466078e-05
-9.470715680325004780e-06
-8.904269369700391830e-06
-8.341644470880613203e-06
-7.784010897085349968e-06
-7.232265257293314648e-06
-6.687213967064319931e-06
-6.149514557516913212e-06
-5.619771803217429398e-06
-5.098517154401420504e-06
-4.586281933891669077e-06
-4.083377813858832574e-06
-3.589964720083771839e-06
-3.106017457171544185e-06
-2.631443949937213569e-06
-2.166017775259366033e-06
-1.709518083347232427e-06
-1.261711809473103990e-06
-8.222443354830457754e-07
-3.907237080162087677e-07
3.338946787190697175e-08
4.506517455954246747e-07
8.616963327599838764e-07
1.266918828256268550e-06
1.666787395163875873e-06
2.061861964680896109e-06
2.452373063667857344e-06
2.838740338941458515e-06
3.221232017786122130e-06
3.600081141376327994e-06
3.975365409979952187e-06
4.346956500476623975e-06
4.714768596849713973e-06
5.078531832716279028e-06
5.437894709754473667e-06
5.792204680470964965e-06
6.140714274435345533e-06
6.482448820820677130e-06
6.816321431402544563e-06
7.141302362689390396e-06
7.456100353422073525e-06
7.759327644589729208e-06
8.049663646442742251e-06
8.325920657719339401e-06
8.586791021375280523e-06
8.831105359665962387e-06
9.057637168860575779e-06
9.265238052990763641e-06
9.453084956548974996e-06
9.620219771956974923e-06
9.765929203912418081e-06
9.889599937908638737e-06
9.990843706244718046e-06
1.006946391801165823e-05
1.012539996450564981e-05
1.015875032219184115e-05
1.016981800027780446e-05
1.015900574734026186e-05
1.012697425323813344e-05
1.007455124435233842e-05
1.000267347765666927e-05
9.912392784486933231e-06
9.804965333868355799e-06
9.681745722095577963e-06
9.544222660698198739e-06
9.393790968676801363e-06
9.231901120293450655e-06
9.060099839427894605e-06
8.879977154736090720e-06
8.693031446697460871e-06
8.500924264321448295e-06
8.305160543549912669e-06
8.107425148915141001e-06
7.909130376961737597e-06
7.711729591815247699e-06
7.516632029209883955e-06
7.325118225515809934e-06
7.138473436631038824e-06
6.957766289485732431e-06
6.784087735088112666e-06
6.618398206339498087e-06
6.461569873061007104e-06
6.314445602776612415e-06
6.177737531222541852e-06
6.052124078005545031e-06
5.938259978145919898e-06
5.836728501474093978e-06
5.748009894785035599e-06
5.672383745945062513e-06
5.610098725537650149e-06
5.561323885366629472e-06
5.526261082249890808e-06
5.505119319372110378e-06
